[0.095s] DEBUG:colcon:Command line arguments: ['/usr/bin/colcon', 'build']
[0.095s] DEBUG:colcon:Parsed command line arguments: Namespace(log_base=None, log_level=None, verb_name='build', build_base='build', install_base='install', merge_install=False, symlink_install=False, test_result_base=None, continue_on_error=False, executor='parallel', parallel_workers=16, event_handlers=None, ignore_user_meta=False, metas=['./colcon.meta'], base_paths=['.'], packages_ignore=None, packages_ignore_regex=None, paths=None, packages_up_to=None, packages_up_to_regex=None, packages_above=None, packages_above_and_dependencies=None, packages_above_depth=None, packages_select_by_dep=None, packages_skip_by_dep=None, packages_skip_up_to=None, packages_select_build_failed=False, packages_skip_build_finished=False, packages_select_test_failures=False, packages_skip_test_passed=False, packages_select=None, packages_skip=None, packages_select_regex=None, packages_skip_regex=None, packages_start=None, packages_end=None, allow_overriding=[], cmake_args=None, cmake_target=None, cmake_target_skip_unavailable=False, cmake_clean_cache=False, cmake_clean_first=False, cmake_force_configure=False, ament_cmake_args=None, catkin_cmake_args=None, catkin_skip_building_tests=False, mixin_files=None, mixin=None, verb_parser=<colcon_mixin.mixin.mixin_argument.MixinArgumentDecorator object at 0x70ed5a75d0a0>, verb_extension=<colcon_core.verb.build.BuildVerb object at 0x70ed5a6dcbc0>, main=<bound method BuildVerb.main of <colcon_core.verb.build.BuildVerb object at 0x70ed5a6dcbc0>>, mixin_verb=('build',))
[0.114s] Level 1:colcon.colcon_core.package_discovery:discover_packages(colcon_meta) check parameters
[0.114s] Level 1:colcon.colcon_core.package_discovery:discover_packages(recursive) check parameters
[0.114s] Level 1:colcon.colcon_core.package_discovery:discover_packages(ignore) check parameters
[0.114s] Level 1:colcon.colcon_core.package_discovery:discover_packages(path) check parameters
[0.114s] Level 1:colcon.colcon_core.package_discovery:discover_packages(colcon_meta) discover
[0.114s] Level 1:colcon.colcon_core.package_discovery:discover_packages(recursive) discover
[0.114s] INFO:colcon.colcon_core.package_discovery:Crawling recursively for packages in '/home/ale/tutorials/stonefish-learning/stonefish_ws'
[0.114s] Level 1:colcon.colcon_core.package_identification:_identify(.) by extensions ['ignore', 'ignore_ament_install']
[0.114s] Level 1:colcon.colcon_core.package_identification:_identify(.) by extension 'ignore'
[0.114s] Level 1:colcon.colcon_core.package_identification:_identify(.) by extension 'ignore_ament_install'
[0.114s] Level 1:colcon.colcon_core.package_identification:_identify(.) by extensions ['colcon_pkg']
[0.114s] Level 1:colcon.colcon_core.package_identification:_identify(.) by extension 'colcon_pkg'
[0.114s] Level 1:colcon.colcon_core.package_identification:_identify(.) by extensions ['colcon_meta']
[0.114s] Level 1:colcon.colcon_core.package_identification:_identify(.) by extension 'colcon_meta'
[0.114s] Level 1:colcon.colcon_core.package_identification:_identify(.) by extensions ['ros']
[0.114s] Level 1:colcon.colcon_core.package_identification:_identify(.) by extension 'ros'
[0.127s] Level 1:colcon.colcon_core.package_identification:_identify(.) by extensions ['cmake', 'python']
[0.128s] Level 1:colcon.colcon_core.package_identification:_identify(.) by extension 'cmake'
[0.128s] Level 1:colcon.colcon_core.package_identification:_identify(.) by extension 'python'
[0.128s] Level 1:colcon.colcon_core.package_identification:_identify(.) by extensions ['python_setup_py']
[0.128s] Level 1:colcon.colcon_core.package_identification:_identify(.) by extension 'python_setup_py'
[0.128s] Level 1:colcon.colcon_core.package_identification:_identify(build) by extensions ['ignore', 'ignore_ament_install']
[0.128s] Level 1:colcon.colcon_core.package_identification:_identify(build) by extension 'ignore'
[0.128s] Level 1:colcon.colcon_core.package_identification:_identify(build) ignored
[0.128s] Level 1:colcon.colcon_core.package_identification:_identify(install) by extensions ['ignore', 'ignore_ament_install']
[0.128s] Level 1:colcon.colcon_core.package_identification:_identify(install) by extension 'ignore'
[0.128s] Level 1:colcon.colcon_core.package_identification:_identify(install) ignored
[0.128s] Level 1:colcon.colcon_core.package_identification:_identify(log) by extensions ['ignore', 'ignore_ament_install']
[0.128s] Level 1:colcon.colcon_core.package_identification:_identify(log) by extension 'ignore'
[0.128s] Level 1:colcon.colcon_core.package_identification:_identify(log) ignored
[0.128s] Level 1:colcon.colcon_core.package_identification:_identify(src) by extensions ['ignore', 'ignore_ament_install']
[0.128s] Level 1:colcon.colcon_core.package_identification:_identify(src) by extension 'ignore'
[0.128s] Level 1:colcon.colcon_core.package_identification:_identify(src) by extension 'ignore_ament_install'
[0.128s] Level 1:colcon.colcon_core.package_identification:_identify(src) by extensions ['colcon_pkg']
[0.128s] Level 1:colcon.colcon_core.package_identification:_identify(src) by extension 'colcon_pkg'
[0.128s] Level 1:colcon.colcon_core.package_identification:_identify(src) by extensions ['colcon_meta']
[0.128s] Level 1:colcon.colcon_core.package_identification:_identify(src) by extension 'colcon_meta'
[0.128s] Level 1:colcon.colcon_core.package_identification:_identify(src) by extensions ['ros']
[0.128s] Level 1:colcon.colcon_core.package_identification:_identify(src) by extension 'ros'
[0.128s] Level 1:colcon.colcon_core.package_identification:_identify(src) by extensions ['cmake', 'python']
[0.128s] Level 1:colcon.colcon_core.package_identification:_identify(src) by extension 'cmake'
[0.128s] Level 1:colcon.colcon_core.package_identification:_identify(src) by extension 'python'
[0.128s] Level 1:colcon.colcon_core.package_identification:_identify(src) by extensions ['python_setup_py']
[0.128s] Level 1:colcon.colcon_core.package_identification:_identify(src) by extension 'python_setup_py'
[0.128s] Level 1:colcon.colcon_core.package_identification:_identify(src/bluerov2_sim) by extensions ['ignore', 'ignore_ament_install']
[0.128s] Level 1:colcon.colcon_core.package_identification:_identify(src/bluerov2_sim) by extension 'ignore'
[0.128s] Level 1:colcon.colcon_core.package_identification:_identify(src/bluerov2_sim) by extension 'ignore_ament_install'
[0.128s] Level 1:colcon.colcon_core.package_identification:_identify(src/bluerov2_sim) by extensions ['colcon_pkg']
[0.128s] Level 1:colcon.colcon_core.package_identification:_identify(src/bluerov2_sim) by extension 'colcon_pkg'
[0.128s] Level 1:colcon.colcon_core.package_identification:_identify(src/bluerov2_sim) by extensions ['colcon_meta']
[0.128s] Level 1:colcon.colcon_core.package_identification:_identify(src/bluerov2_sim) by extension 'colcon_meta'
[0.128s] Level 1:colcon.colcon_core.package_identification:_identify(src/bluerov2_sim) by extensions ['ros']
[0.128s] Level 1:colcon.colcon_core.package_identification:_identify(src/bluerov2_sim) by extension 'ros'
[0.130s] DEBUG:colcon.colcon_core.package_identification:Package 'src/bluerov2_sim' with type 'ros.ament_cmake' and name 'bluerov2_sim'
[0.130s] Level 1:colcon.colcon_core.package_identification:_identify(src/stonefish_ros2) by extensions ['ignore', 'ignore_ament_install']
[0.130s] Level 1:colcon.colcon_core.package_identification:_identify(src/stonefish_ros2) by extension 'ignore'
[0.130s] Level 1:colcon.colcon_core.package_identification:_identify(src/stonefish_ros2) by extension 'ignore_ament_install'
[0.130s] Level 1:colcon.colcon_core.package_identification:_identify(src/stonefish_ros2) by extensions ['colcon_pkg']
[0.130s] Level 1:colcon.colcon_core.package_identification:_identify(src/stonefish_ros2) by extension 'colcon_pkg'
[0.130s] Level 1:colcon.colcon_core.package_identification:_identify(src/stonefish_ros2) by extensions ['colcon_meta']
[0.130s] Level 1:colcon.colcon_core.package_identification:_identify(src/stonefish_ros2) by extension 'colcon_meta'
[0.130s] Level 1:colcon.colcon_core.package_identification:_identify(src/stonefish_ros2) by extensions ['ros']
[0.130s] Level 1:colcon.colcon_core.package_identification:_identify(src/stonefish_ros2) by extension 'ros'
[0.130s] DEBUG:colcon.colcon_core.package_identification:Package 'src/stonefish_ros2' with type 'ros.ament_cmake' and name 'stonefish_ros2'
[0.130s] Level 1:colcon.colcon_core.package_discovery:discover_packages(recursive) using defaults
[0.131s] Level 1:colcon.colcon_core.package_discovery:discover_packages(ignore) discover
[0.131s] Level 1:colcon.colcon_core.package_discovery:discover_packages(ignore) using defaults
[0.131s] Level 1:colcon.colcon_core.package_discovery:discover_packages(path) discover
[0.131s] Level 1:colcon.colcon_core.package_discovery:discover_packages(path) using defaults
[0.140s] Level 1:colcon.colcon_core.package_discovery:discover_packages(prefix_path) check parameters
[0.140s] Level 1:colcon.colcon_core.package_discovery:discover_packages(prefix_path) discover
[0.140s] DEBUG:colcon.colcon_installed_package_information.package_discovery:Found 2 installed packages in /home/ale/tutorials/stonefish-learning/stonefish_ws/install
[0.141s] DEBUG:colcon.colcon_installed_package_information.package_discovery:Found 4 installed packages in /home/ale/ros2_ws/install
[0.141s] DEBUG:colcon.colcon_installed_package_information.package_discovery:Found 285 installed packages in /opt/ros/jazzy
[0.142s] Level 1:colcon.colcon_core.package_discovery:discover_packages(prefix_path) using defaults
[0.158s] Level 5:colcon.colcon_core.verb:set package 'stonefish_ros2' build argument 'cmake_args' from command line to 'None'
[0.158s] Level 5:colcon.colcon_core.verb:set package 'stonefish_ros2' build argument 'cmake_target' from command line to 'None'
[0.158s] Level 5:colcon.colcon_core.verb:set package 'stonefish_ros2' build argument 'cmake_target_skip_unavailable' from command line to 'False'
[0.158s] Level 5:colcon.colcon_core.verb:set package 'stonefish_ros2' build argument 'cmake_clean_cache' from command line to 'False'
[0.158s] Level 5:colcon.colcon_core.verb:set package 'stonefish_ros2' build argument 'cmake_clean_first' from command line to 'False'
[0.159s] Level 5:colcon.colcon_core.verb:set package 'stonefish_ros2' build argument 'cmake_force_configure' from command line to 'False'
[0.159s] Level 5:colcon.colcon_core.verb:set package 'stonefish_ros2' build argument 'ament_cmake_args' from command line to 'None'
[0.159s] Level 5:colcon.colcon_core.verb:set package 'stonefish_ros2' build argument 'catkin_cmake_args' from command line to 'None'
[0.159s] Level 5:colcon.colcon_core.verb:set package 'stonefish_ros2' build argument 'catkin_skip_building_tests' from command line to 'False'
[0.159s] DEBUG:colcon.colcon_core.verb:Building package 'stonefish_ros2' with the following arguments: {'ament_cmake_args': None, 'build_base': '/home/ale/tutorials/stonefish-learning/stonefish_ws/build/stonefish_ros2', 'catkin_cmake_args': None, 'catkin_skip_building_tests': False, 'cmake_args': None, 'cmake_clean_cache': False, 'cmake_clean_first': False, 'cmake_force_configure': False, 'cmake_target': None, 'cmake_target_skip_unavailable': False, 'install_base': '/home/ale/tutorials/stonefish-learning/stonefish_ws/install/stonefish_ros2', 'merge_install': False, 'path': '/home/ale/tutorials/stonefish-learning/stonefish_ws/src/stonefish_ros2', 'symlink_install': False, 'test_result_base': None}
[0.159s] Level 5:colcon.colcon_core.verb:set package 'bluerov2_sim' build argument 'cmake_args' from command line to 'None'
[0.159s] Level 5:colcon.colcon_core.verb:set package 'bluerov2_sim' build argument 'cmake_target' from command line to 'None'
[0.159s] Level 5:colcon.colcon_core.verb:set package 'bluerov2_sim' build argument 'cmake_target_skip_unavailable' from command line to 'False'
[0.159s] Level 5:colcon.colcon_core.verb:set package 'bluerov2_sim' build argument 'cmake_clean_cache' from command line to 'False'
[0.159s] Level 5:colcon.colcon_core.verb:set package 'bluerov2_sim' build argument 'cmake_clean_first' from command line to 'False'
[0.159s] Level 5:colcon.colcon_core.verb:set package 'bluerov2_sim' build argument 'cmake_force_configure' from command line to 'False'
[0.159s] Level 5:colcon.colcon_core.verb:set package 'bluerov2_sim' build argument 'ament_cmake_args' from command line to 'None'
[0.159s] Level 5:colcon.colcon_core.verb:set package 'bluerov2_sim' build argument 'catkin_cmake_args' from command line to 'None'
[0.159s] Level 5:colcon.colcon_core.verb:set package 'bluerov2_sim' build argument 'catkin_skip_building_tests' from command line to 'False'
[0.159s] DEBUG:colcon.colcon_core.verb:Building package 'bluerov2_sim' with the following arguments: {'ament_cmake_args': None, 'build_base': '/home/ale/tutorials/stonefish-learning/stonefish_ws/build/bluerov2_sim', 'catkin_cmake_args': None, 'catkin_skip_building_tests': False, 'cmake_args': None, 'cmake_clean_cache': False, 'cmake_clean_first': False, 'cmake_force_configure': False, 'cmake_target': None, 'cmake_target_skip_unavailable': False, 'install_base': '/home/ale/tutorials/stonefish-learning/stonefish_ws/install/bluerov2_sim', 'merge_install': False, 'path': '/home/ale/tutorials/stonefish-learning/stonefish_ws/src/bluerov2_sim', 'symlink_install': False, 'test_result_base': None}
[0.159s] INFO:colcon.colcon_core.executor:Executing jobs using 'parallel' executor
[0.160s] DEBUG:colcon.colcon_parallel_executor.executor.parallel:run_until_complete
[0.160s] INFO:colcon.colcon_ros.task.ament_cmake.build:Building ROS package in '/home/ale/tutorials/stonefish-learning/stonefish_ws/src/stonefish_ros2' with build type 'ament_cmake'
[0.160s] INFO:colcon.colcon_cmake.task.cmake.build:Building CMake package in '/home/ale/tutorials/stonefish-learning/stonefish_ws/src/stonefish_ros2'
[0.161s] INFO:colcon.colcon_core.plugin_system:Skipping extension 'colcon_core.shell.bat': Not used on non-Windows systems
[0.161s] INFO:colcon.colcon_core.shell:Skip shell extension 'powershell' for command environment: Not usable outside of PowerShell
[0.161s] DEBUG:colcon.colcon_core.shell:Skip shell extension 'dsv' for command environment
[0.174s] DEBUG:colcon.colcon_core.event_handler.log_command:Invoking command in '/home/ale/tutorials/stonefish-learning/stonefish_ws/build/stonefish_ros2': CMAKE_PREFIX_PATH=${CMAKE_PREFIX_PATH}:/opt/ros/jazzy DEBUGINFOD_URLS=https://debuginfod.ubuntu.com /usr/bin/cmake --build /home/ale/tutorials/stonefish-learning/stonefish_ws/build/stonefish_ros2 -- -j16 -l16
[0.525s] DEBUG:colcon.colcon_core.event_handler.log_command:Invoked command in '/home/ale/tutorials/stonefish-learning/stonefish_ws/build/stonefish_ros2' returned '0': CMAKE_PREFIX_PATH=${CMAKE_PREFIX_PATH}:/opt/ros/jazzy DEBUGINFOD_URLS=https://debuginfod.ubuntu.com /usr/bin/cmake --build /home/ale/tutorials/stonefish-learning/stonefish_ws/build/stonefish_ros2 -- -j16 -l16
[0.544s] DEBUG:colcon.colcon_core.event_handler.log_command:Invoking command in '/home/ale/tutorials/stonefish-learning/stonefish_ws/build/stonefish_ros2': CMAKE_PREFIX_PATH=${CMAKE_PREFIX_PATH}:/opt/ros/jazzy DEBUGINFOD_URLS=https://debuginfod.ubuntu.com /usr/bin/cmake --install /home/ale/tutorials/stonefish-learning/stonefish_ws/build/stonefish_ros2
[0.635s] Level 1:colcon.colcon_core.environment:create_environment_scripts_only(stonefish_ros2)
[0.637s] DEBUG:colcon.colcon_core.event_handler.log_command:Invoked command in '/home/ale/tutorials/stonefish-learning/stonefish_ws/build/stonefish_ros2' returned '0': CMAKE_PREFIX_PATH=${CMAKE_PREFIX_PATH}:/opt/ros/jazzy DEBUGINFOD_URLS=https://debuginfod.ubuntu.com /usr/bin/cmake --install /home/ale/tutorials/stonefish-learning/stonefish_ws/build/stonefish_ros2
[0.643s] Level 1:colcon.colcon_core.environment:checking '/home/ale/tutorials/stonefish-learning/stonefish_ws/install/stonefish_ros2' for CMake module files
[0.645s] Level 1:colcon.colcon_core.environment:checking '/home/ale/tutorials/stonefish-learning/stonefish_ws/install/stonefish_ros2' for CMake config files
[0.647s] Level 1:colcon.colcon_core.shell:create_environment_hook('stonefish_ros2', 'cmake_prefix_path')
[0.648s] INFO:colcon.colcon_core.shell:Creating environment hook '/home/ale/tutorials/stonefish-learning/stonefish_ws/install/stonefish_ros2/share/stonefish_ros2/hook/cmake_prefix_path.ps1'
[0.650s] INFO:colcon.colcon_core.shell:Creating environment descriptor '/home/ale/tutorials/stonefish-learning/stonefish_ws/install/stonefish_ros2/share/stonefish_ros2/hook/cmake_prefix_path.dsv'
[0.652s] INFO:colcon.colcon_core.shell:Creating environment hook '/home/ale/tutorials/stonefish-learning/stonefish_ws/install/stonefish_ros2/share/stonefish_ros2/hook/cmake_prefix_path.sh'
[0.654s] Level 1:colcon.colcon_core.environment:checking '/home/ale/tutorials/stonefish-learning/stonefish_ws/install/stonefish_ros2/lib'
[0.655s] Level 1:colcon.colcon_core.shell:create_environment_hook('stonefish_ros2', 'ld_library_path_lib')
[0.656s] INFO:colcon.colcon_core.shell:Creating environment hook '/home/ale/tutorials/stonefish-learning/stonefish_ws/install/stonefish_ros2/share/stonefish_ros2/hook/ld_library_path_lib.ps1'
[0.657s] INFO:colcon.colcon_core.shell:Creating environment descriptor '/home/ale/tutorials/stonefish-learning/stonefish_ws/install/stonefish_ros2/share/stonefish_ros2/hook/ld_library_path_lib.dsv'
[0.658s] INFO:colcon.colcon_core.shell:Creating environment hook '/home/ale/tutorials/stonefish-learning/stonefish_ws/install/stonefish_ros2/share/stonefish_ros2/hook/ld_library_path_lib.sh'
[0.659s] Level 1:colcon.colcon_core.environment:checking '/home/ale/tutorials/stonefish-learning/stonefish_ws/install/stonefish_ros2/bin'
[0.660s] Level 1:colcon.colcon_core.environment:checking '/home/ale/tutorials/stonefish-learning/stonefish_ws/install/stonefish_ros2/lib/pkgconfig/stonefish_ros2.pc'
[0.660s] Level 1:colcon.colcon_core.environment:checking '/home/ale/tutorials/stonefish-learning/stonefish_ws/install/stonefish_ros2/lib/python3.12/site-packages'
[0.660s] Level 1:colcon.colcon_core.shell:create_environment_hook('stonefish_ros2', 'pythonpath')
[0.661s] INFO:colcon.colcon_core.shell:Creating environment hook '/home/ale/tutorials/stonefish-learning/stonefish_ws/install/stonefish_ros2/share/stonefish_ros2/hook/pythonpath.ps1'
[0.663s] INFO:colcon.colcon_core.shell:Creating environment descriptor '/home/ale/tutorials/stonefish-learning/stonefish_ws/install/stonefish_ros2/share/stonefish_ros2/hook/pythonpath.dsv'
[0.664s] INFO:colcon.colcon_core.shell:Creating environment hook '/home/ale/tutorials/stonefish-learning/stonefish_ws/install/stonefish_ros2/share/stonefish_ros2/hook/pythonpath.sh'
[0.665s] Level 1:colcon.colcon_core.environment:checking '/home/ale/tutorials/stonefish-learning/stonefish_ws/install/stonefish_ros2/bin'
[0.666s] INFO:colcon.colcon_core.shell:Creating package script '/home/ale/tutorials/stonefish-learning/stonefish_ws/install/stonefish_ros2/share/stonefish_ros2/package.ps1'
[0.668s] INFO:colcon.colcon_core.shell:Creating package descriptor '/home/ale/tutorials/stonefish-learning/stonefish_ws/install/stonefish_ros2/share/stonefish_ros2/package.dsv'
[0.669s] INFO:colcon.colcon_core.shell:Creating package script '/home/ale/tutorials/stonefish-learning/stonefish_ws/install/stonefish_ros2/share/stonefish_ros2/package.sh'
[0.671s] INFO:colcon.colcon_core.shell:Creating package script '/home/ale/tutorials/stonefish-learning/stonefish_ws/install/stonefish_ros2/share/stonefish_ros2/package.bash'
[0.673s] INFO:colcon.colcon_core.shell:Creating package script '/home/ale/tutorials/stonefish-learning/stonefish_ws/install/stonefish_ros2/share/stonefish_ros2/package.zsh'
[0.675s] Level 1:colcon.colcon_core.environment:create_file_with_runtime_dependencies(/home/ale/tutorials/stonefish-learning/stonefish_ws/install/stonefish_ros2/share/colcon-core/packages/stonefish_ros2)
[0.677s] Level 1:colcon.colcon_core.environment:create_environment_scripts_only(stonefish_ros2)
[0.678s] Level 1:colcon.colcon_core.environment:checking '/home/ale/tutorials/stonefish-learning/stonefish_ws/install/stonefish_ros2' for CMake module files
[0.679s] Level 1:colcon.colcon_core.environment:checking '/home/ale/tutorials/stonefish-learning/stonefish_ws/install/stonefish_ros2' for CMake config files
[0.680s] Level 1:colcon.colcon_core.shell:create_environment_hook('stonefish_ros2', 'cmake_prefix_path')
[0.681s] INFO:colcon.colcon_core.shell:Creating environment hook '/home/ale/tutorials/stonefish-learning/stonefish_ws/install/stonefish_ros2/share/stonefish_ros2/hook/cmake_prefix_path.ps1'
[0.682s] INFO:colcon.colcon_core.shell:Creating environment descriptor '/home/ale/tutorials/stonefish-learning/stonefish_ws/install/stonefish_ros2/share/stonefish_ros2/hook/cmake_prefix_path.dsv'
[0.683s] INFO:colcon.colcon_core.shell:Creating environment hook '/home/ale/tutorials/stonefish-learning/stonefish_ws/install/stonefish_ros2/share/stonefish_ros2/hook/cmake_prefix_path.sh'
[0.684s] Level 1:colcon.colcon_core.environment:checking '/home/ale/tutorials/stonefish-learning/stonefish_ws/install/stonefish_ros2/lib'
[0.685s] Level 1:colcon.colcon_core.shell:create_environment_hook('stonefish_ros2', 'ld_library_path_lib')
[0.685s] INFO:colcon.colcon_core.shell:Creating environment hook '/home/ale/tutorials/stonefish-learning/stonefish_ws/install/stonefish_ros2/share/stonefish_ros2/hook/ld_library_path_lib.ps1'
[0.686s] INFO:colcon.colcon_core.shell:Creating environment descriptor '/home/ale/tutorials/stonefish-learning/stonefish_ws/install/stonefish_ros2/share/stonefish_ros2/hook/ld_library_path_lib.dsv'
[0.686s] INFO:colcon.colcon_core.shell:Creating environment hook '/home/ale/tutorials/stonefish-learning/stonefish_ws/install/stonefish_ros2/share/stonefish_ros2/hook/ld_library_path_lib.sh'
[0.687s] Level 1:colcon.colcon_core.environment:checking '/home/ale/tutorials/stonefish-learning/stonefish_ws/install/stonefish_ros2/bin'
[0.687s] Level 1:colcon.colcon_core.environment:checking '/home/ale/tutorials/stonefish-learning/stonefish_ws/install/stonefish_ros2/lib/pkgconfig/stonefish_ros2.pc'
[0.688s] Level 1:colcon.colcon_core.environment:checking '/home/ale/tutorials/stonefish-learning/stonefish_ws/install/stonefish_ros2/lib/python3.12/site-packages'
[0.688s] Level 1:colcon.colcon_core.shell:create_environment_hook('stonefish_ros2', 'pythonpath')
[0.689s] INFO:colcon.colcon_core.shell:Creating environment hook '/home/ale/tutorials/stonefish-learning/stonefish_ws/install/stonefish_ros2/share/stonefish_ros2/hook/pythonpath.ps1'
[0.690s] INFO:colcon.colcon_core.shell:Creating environment descriptor '/home/ale/tutorials/stonefish-learning/stonefish_ws/install/stonefish_ros2/share/stonefish_ros2/hook/pythonpath.dsv'
[0.690s] INFO:colcon.colcon_core.shell:Creating environment hook '/home/ale/tutorials/stonefish-learning/stonefish_ws/install/stonefish_ros2/share/stonefish_ros2/hook/pythonpath.sh'
[0.692s] Level 1:colcon.colcon_core.environment:checking '/home/ale/tutorials/stonefish-learning/stonefish_ws/install/stonefish_ros2/bin'
[0.692s] INFO:colcon.colcon_core.shell:Creating package script '/home/ale/tutorials/stonefish-learning/stonefish_ws/install/stonefish_ros2/share/stonefish_ros2/package.ps1'
[0.694s] INFO:colcon.colcon_core.shell:Creating package descriptor '/home/ale/tutorials/stonefish-learning/stonefish_ws/install/stonefish_ros2/share/stonefish_ros2/package.dsv'
[0.695s] INFO:colcon.colcon_core.shell:Creating package script '/home/ale/tutorials/stonefish-learning/stonefish_ws/install/stonefish_ros2/share/stonefish_ros2/package.sh'
[0.696s] INFO:colcon.colcon_core.shell:Creating package script '/home/ale/tutorials/stonefish-learning/stonefish_ws/install/stonefish_ros2/share/stonefish_ros2/package.bash'
[0.697s] INFO:colcon.colcon_core.shell:Creating package script '/home/ale/tutorials/stonefish-learning/stonefish_ws/install/stonefish_ros2/share/stonefish_ros2/package.zsh'
[0.699s] Level 1:colcon.colcon_core.environment:create_file_with_runtime_dependencies(/home/ale/tutorials/stonefish-learning/stonefish_ws/install/stonefish_ros2/share/colcon-core/packages/stonefish_ros2)
[0.700s] INFO:colcon.colcon_ros.task.ament_cmake.build:Building ROS package in '/home/ale/tutorials/stonefish-learning/stonefish_ws/src/bluerov2_sim' with build type 'ament_cmake'
[0.700s] INFO:colcon.colcon_cmake.task.cmake.build:Building CMake package in '/home/ale/tutorials/stonefish-learning/stonefish_ws/src/bluerov2_sim'
[0.701s] INFO:colcon.colcon_core.shell:Skip shell extension 'powershell' for command environment: Not usable outside of PowerShell
[0.701s] DEBUG:colcon.colcon_core.shell:Skip shell extension 'dsv' for command environment
[0.720s] DEBUG:colcon.colcon_core.event_handler.log_command:Invoking command in '/home/ale/tutorials/stonefish-learning/stonefish_ws/build/bluerov2_sim': CMAKE_PREFIX_PATH=/home/ale/tutorials/stonefish-learning/stonefish_ws/install/stonefish_ros2:/home/ale/tutorials/stonefish-learning/stonefish_ws/install/bluerov2_sim:/home/ale/ros2_ws/install/sonar_driver_oculus:/home/ale/ros2_ws/install/oculus_viewer:/home/ale/ros2_ws/install/oculus_ros2:/home/ale/ros2_ws/install/oculus_interfaces:/opt/ros/jazzy/opt/gz_math_vendor:/opt/ros/jazzy/opt/gz_utils_vendor:/opt/ros/jazzy/opt/gz_cmake_vendor:/opt/ros/jazzy DEBUGINFOD_URLS=https://debuginfod.ubuntu.com /usr/bin/cmake --build /home/ale/tutorials/stonefish-learning/stonefish_ws/build/bluerov2_sim -- -j16 -l16
[0.784s] DEBUG:colcon.colcon_core.event_handler.log_command:Invoked command in '/home/ale/tutorials/stonefish-learning/stonefish_ws/build/bluerov2_sim' returned '0': CMAKE_PREFIX_PATH=/home/ale/tutorials/stonefish-learning/stonefish_ws/install/stonefish_ros2:/home/ale/tutorials/stonefish-learning/stonefish_ws/install/bluerov2_sim:/home/ale/ros2_ws/install/sonar_driver_oculus:/home/ale/ros2_ws/install/oculus_viewer:/home/ale/ros2_ws/install/oculus_ros2:/home/ale/ros2_ws/install/oculus_interfaces:/opt/ros/jazzy/opt/gz_math_vendor:/opt/ros/jazzy/opt/gz_utils_vendor:/opt/ros/jazzy/opt/gz_cmake_vendor:/opt/ros/jazzy DEBUGINFOD_URLS=https://debuginfod.ubuntu.com /usr/bin/cmake --build /home/ale/tutorials/stonefish-learning/stonefish_ws/build/bluerov2_sim -- -j16 -l16
[0.787s] DEBUG:colcon.colcon_core.event_handler.log_command:Invoking command in '/home/ale/tutorials/stonefish-learning/stonefish_ws/build/bluerov2_sim': CMAKE_PREFIX_PATH=/home/ale/tutorials/stonefish-learning/stonefish_ws/install/stonefish_ros2:/home/ale/tutorials/stonefish-learning/stonefish_ws/install/bluerov2_sim:/home/ale/ros2_ws/install/sonar_driver_oculus:/home/ale/ros2_ws/install/oculus_viewer:/home/ale/ros2_ws/install/oculus_ros2:/home/ale/ros2_ws/install/oculus_interfaces:/opt/ros/jazzy/opt/gz_math_vendor:/opt/ros/jazzy/opt/gz_utils_vendor:/opt/ros/jazzy/opt/gz_cmake_vendor:/opt/ros/jazzy DEBUGINFOD_URLS=https://debuginfod.ubuntu.com /usr/bin/cmake --install /home/ale/tutorials/stonefish-learning/stonefish_ws/build/bluerov2_sim
[0.800s] Level 1:colcon.colcon_core.environment:create_environment_scripts_only(bluerov2_sim)
[0.800s] DEBUG:colcon.colcon_core.event_handler.log_command:Invoked command in '/home/ale/tutorials/stonefish-learning/stonefish_ws/build/bluerov2_sim' returned '0': CMAKE_PREFIX_PATH=/home/ale/tutorials/stonefish-learning/stonefish_ws/install/stonefish_ros2:/home/ale/tutorials/stonefish-learning/stonefish_ws/install/bluerov2_sim:/home/ale/ros2_ws/install/sonar_driver_oculus:/home/ale/ros2_ws/install/oculus_viewer:/home/ale/ros2_ws/install/oculus_ros2:/home/ale/ros2_ws/install/oculus_interfaces:/opt/ros/jazzy/opt/gz_math_vendor:/opt/ros/jazzy/opt/gz_utils_vendor:/opt/ros/jazzy/opt/gz_cmake_vendor:/opt/ros/jazzy DEBUGINFOD_URLS=https://debuginfod.ubuntu.com /usr/bin/cmake --install /home/ale/tutorials/stonefish-learning/stonefish_ws/build/bluerov2_sim
[0.800s] Level 1:colcon.colcon_core.environment:checking '/home/ale/tutorials/stonefish-learning/stonefish_ws/install/bluerov2_sim' for CMake module files
[0.802s] Level 1:colcon.colcon_core.environment:checking '/home/ale/tutorials/stonefish-learning/stonefish_ws/install/bluerov2_sim' for CMake config files
[0.802s] Level 1:colcon.colcon_core.shell:create_environment_hook('bluerov2_sim', 'cmake_prefix_path')
[0.803s] INFO:colcon.colcon_core.shell:Creating environment hook '/home/ale/tutorials/stonefish-learning/stonefish_ws/install/bluerov2_sim/share/bluerov2_sim/hook/cmake_prefix_path.ps1'
[0.804s] INFO:colcon.colcon_core.shell:Creating environment descriptor '/home/ale/tutorials/stonefish-learning/stonefish_ws/install/bluerov2_sim/share/bluerov2_sim/hook/cmake_prefix_path.dsv'
[0.804s] INFO:colcon.colcon_core.shell:Creating environment hook '/home/ale/tutorials/stonefish-learning/stonefish_ws/install/bluerov2_sim/share/bluerov2_sim/hook/cmake_prefix_path.sh'
[0.805s] Level 1:colcon.colcon_core.environment:checking '/home/ale/tutorials/stonefish-learning/stonefish_ws/install/bluerov2_sim/bin'
[0.805s] Level 1:colcon.colcon_core.environment:checking '/home/ale/tutorials/stonefish-learning/stonefish_ws/install/bluerov2_sim/lib/pkgconfig/bluerov2_sim.pc'
[0.806s] Level 1:colcon.colcon_core.environment:checking '/home/ale/tutorials/stonefish-learning/stonefish_ws/install/bluerov2_sim/lib/python3.12/site-packages'
[0.806s] Level 1:colcon.colcon_core.environment:checking '/home/ale/tutorials/stonefish-learning/stonefish_ws/install/bluerov2_sim/bin'
[0.807s] INFO:colcon.colcon_core.shell:Creating package script '/home/ale/tutorials/stonefish-learning/stonefish_ws/install/bluerov2_sim/share/bluerov2_sim/package.ps1'
[0.808s] INFO:colcon.colcon_core.shell:Creating package descriptor '/home/ale/tutorials/stonefish-learning/stonefish_ws/install/bluerov2_sim/share/bluerov2_sim/package.dsv'
[0.808s] INFO:colcon.colcon_core.shell:Creating package script '/home/ale/tutorials/stonefish-learning/stonefish_ws/install/bluerov2_sim/share/bluerov2_sim/package.sh'
[0.809s] INFO:colcon.colcon_core.shell:Creating package script '/home/ale/tutorials/stonefish-learning/stonefish_ws/install/bluerov2_sim/share/bluerov2_sim/package.bash'
[0.809s] INFO:colcon.colcon_core.shell:Creating package script '/home/ale/tutorials/stonefish-learning/stonefish_ws/install/bluerov2_sim/share/bluerov2_sim/package.zsh'
[0.810s] Level 1:colcon.colcon_core.environment:create_file_with_runtime_dependencies(/home/ale/tutorials/stonefish-learning/stonefish_ws/install/bluerov2_sim/share/colcon-core/packages/bluerov2_sim)
[0.810s] Level 1:colcon.colcon_core.environment:create_environment_scripts_only(bluerov2_sim)
[0.811s] Level 1:colcon.colcon_core.environment:checking '/home/ale/tutorials/stonefish-learning/stonefish_ws/install/bluerov2_sim' for CMake module files
[0.812s] Level 1:colcon.colcon_core.environment:checking '/home/ale/tutorials/stonefish-learning/stonefish_ws/install/bluerov2_sim' for CMake config files
[0.812s] Level 1:colcon.colcon_core.shell:create_environment_hook('bluerov2_sim', 'cmake_prefix_path')
[0.812s] INFO:colcon.colcon_core.shell:Creating environment hook '/home/ale/tutorials/stonefish-learning/stonefish_ws/install/bluerov2_sim/share/bluerov2_sim/hook/cmake_prefix_path.ps1'
[0.813s] INFO:colcon.colcon_core.shell:Creating environment descriptor '/home/ale/tutorials/stonefish-learning/stonefish_ws/install/bluerov2_sim/share/bluerov2_sim/hook/cmake_prefix_path.dsv'
[0.813s] INFO:colcon.colcon_core.shell:Creating environment hook '/home/ale/tutorials/stonefish-learning/stonefish_ws/install/bluerov2_sim/share/bluerov2_sim/hook/cmake_prefix_path.sh'
[0.814s] Level 1:colcon.colcon_core.environment:checking '/home/ale/tutorials/stonefish-learning/stonefish_ws/install/bluerov2_sim/bin'
[0.814s] Level 1:colcon.colcon_core.environment:checking '/home/ale/tutorials/stonefish-learning/stonefish_ws/install/bluerov2_sim/lib/pkgconfig/bluerov2_sim.pc'
[0.815s] Level 1:colcon.colcon_core.environment:checking '/home/ale/tutorials/stonefish-learning/stonefish_ws/install/bluerov2_sim/lib/python3.12/site-packages'
[0.815s] Level 1:colcon.colcon_core.environment:checking '/home/ale/tutorials/stonefish-learning/stonefish_ws/install/bluerov2_sim/bin'
[0.816s] INFO:colcon.colcon_core.shell:Creating package script '/home/ale/tutorials/stonefish-learning/stonefish_ws/install/bluerov2_sim/share/bluerov2_sim/package.ps1'
[0.816s] INFO:colcon.colcon_core.shell:Creating package descriptor '/home/ale/tutorials/stonefish-learning/stonefish_ws/install/bluerov2_sim/share/bluerov2_sim/package.dsv'
[0.817s] INFO:colcon.colcon_core.shell:Creating package script '/home/ale/tutorials/stonefish-learning/stonefish_ws/install/bluerov2_sim/share/bluerov2_sim/package.sh'
[0.818s] INFO:colcon.colcon_core.shell:Creating package script '/home/ale/tutorials/stonefish-learning/stonefish_ws/install/bluerov2_sim/share/bluerov2_sim/package.bash'
[0.818s] INFO:colcon.colcon_core.shell:Creating package script '/home/ale/tutorials/stonefish-learning/stonefish_ws/install/bluerov2_sim/share/bluerov2_sim/package.zsh'
[0.819s] Level 1:colcon.colcon_core.environment:create_file_with_runtime_dependencies(/home/ale/tutorials/stonefish-learning/stonefish_ws/install/bluerov2_sim/share/colcon-core/packages/bluerov2_sim)
[0.819s] DEBUG:colcon.colcon_parallel_executor.executor.parallel:closing loop
[0.819s] DEBUG:colcon.colcon_parallel_executor.executor.parallel:loop closed
[0.820s] DEBUG:colcon.colcon_parallel_executor.executor.parallel:run_until_complete finished with '0'
[0.820s] DEBUG:colcon.colcon_core.event_reactor:joining thread
[0.827s] INFO:colcon.colcon_core.plugin_system:Skipping extension 'colcon_notification.desktop_notification.terminal_notifier': Not used on non-Darwin systems
[0.827s] INFO:colcon.colcon_core.plugin_system:Skipping extension 'colcon_notification.desktop_notification.win32': Not used on non-Windows systems
[0.828s] INFO:colcon.colcon_notification.desktop_notification:Sending desktop notification using 'notify2'
[0.855s] DEBUG:colcon.colcon_core.event_reactor:joined thread
[0.856s] INFO:colcon.colcon_core.shell:Creating prefix script '/home/ale/tutorials/stonefish-learning/stonefish_ws/install/local_setup.ps1'
[0.857s] INFO:colcon.colcon_core.shell:Creating prefix util module '/home/ale/tutorials/stonefish-learning/stonefish_ws/install/_local_setup_util_ps1.py'
[0.858s] INFO:colcon.colcon_core.shell:Creating prefix chain script '/home/ale/tutorials/stonefish-learning/stonefish_ws/install/setup.ps1'
[0.859s] INFO:colcon.colcon_core.shell:Creating prefix script '/home/ale/tutorials/stonefish-learning/stonefish_ws/install/local_setup.sh'
[0.860s] INFO:colcon.colcon_core.shell:Creating prefix util module '/home/ale/tutorials/stonefish-learning/stonefish_ws/install/_local_setup_util_sh.py'
[0.861s] INFO:colcon.colcon_core.shell:Creating prefix chain script '/home/ale/tutorials/stonefish-learning/stonefish_ws/install/setup.sh'
[0.862s] INFO:colcon.colcon_core.shell:Creating prefix script '/home/ale/tutorials/stonefish-learning/stonefish_ws/install/local_setup.bash'
[0.862s] INFO:colcon.colcon_core.shell:Creating prefix chain script '/home/ale/tutorials/stonefish-learning/stonefish_ws/install/setup.bash'
[0.863s] INFO:colcon.colcon_core.shell:Creating prefix script '/home/ale/tutorials/stonefish-learning/stonefish_ws/install/local_setup.zsh'
[0.864s] INFO:colcon.colcon_core.shell:Creating prefix chain script '/home/ale/tutorials/stonefish-learning/stonefish_ws/install/setup.zsh'
