[0.014s] Invoking command in '/home/ale/tutorials/stonefish-learning/stonefish_ws/build/bluerov2_sim': CMAKE_PREFIX_PATH=/home/ale/tutorials/stonefish-learning/stonefish_ws/install/stonefish_ros2:/home/ale/tutorials/stonefish-learning/stonefish_ws/install/bluerov2_sim:/home/ale/ros2_ws/install/sonar_driver_oculus:/home/ale/ros2_ws/install/oculus_viewer:/home/ale/ros2_ws/install/oculus_ros2:/home/ale/ros2_ws/install/oculus_interfaces:/opt/ros/jazzy/opt/gz_math_vendor:/opt/ros/jazzy/opt/gz_utils_vendor:/opt/ros/jazzy/opt/gz_cmake_vendor:/opt/ros/jazzy DEBUGINFOD_URLS=https://debuginfod.ubuntu.com /usr/bin/cmake /home/ale/tutorials/stonefish-learning/stonefish_ws/src/bluerov2_sim -DCMAKE_INSTALL_PREFIX=/home/ale/tutorials/stonefish-learning/stonefish_ws/install/bluerov2_sim
[0.106s] -- The C compiler identification is GNU 13.3.0
[0.194s] -- The CXX compiler identification is GNU 13.3.0
[0.219s] -- Detecting C compiler ABI info
[0.347s] -- Detecting C compiler ABI info - done
[0.364s] -- Check for working C compiler: /usr/bin/cc - skipped
[0.364s] -- Detecting C compile features
[0.364s] -- Detecting C compile features - done
[0.379s] -- Detecting CXX compiler ABI info
[0.523s] -- Detecting CXX compiler ABI info - done
[0.541s] -- Check for working CXX compiler: /usr/bin/c++ - skipped
[0.541s] -- Detecting CXX compile features
[0.542s] -- Detecting CXX compile features - done
[0.548s] -- Found ament_cmake: 2.5.4 (/opt/ros/jazzy/share/ament_cmake/cmake)
[0.720s] -- Found Python3: /usr/bin/python3 (found version "3.12.3") found components: Interpreter 
[0.836s] -- Found rclcpp: 28.1.12 (/opt/ros/jazzy/share/rclcpp/cmake)
[0.866s] -- Found rosidl_generator_c: 4.6.6 (/opt/ros/jazzy/share/rosidl_generator_c/cmake)
[0.873s] -- Found rosidl_generator_cpp: 4.6.6 (/opt/ros/jazzy/share/rosidl_generator_cpp/cmake)
[0.882s] -- Using all available rosidl_typesupport_c: rosidl_typesupport_fastrtps_c;rosidl_typesupport_introspection_c
[0.893s] -- Using all available rosidl_typesupport_cpp: rosidl_typesupport_fastrtps_cpp;rosidl_typesupport_introspection_cpp
[0.947s] -- Found rmw_implementation_cmake: 7.3.2 (/opt/ros/jazzy/share/rmw_implementation_cmake/cmake)
[0.948s] -- Found rmw_fastrtps_cpp: 8.4.3 (/opt/ros/jazzy/share/rmw_fastrtps_cpp/cmake)
[1.045s] -- Found OpenSSL: /usr/lib/x86_64-linux-gnu/libcrypto.so (found version "3.0.13")  
[1.071s] -- Found FastRTPS: /opt/ros/jazzy/include (Required is at least version "2.13") 
[1.109s] -- Using RMW implementation 'rmw_fastrtps_cpp' as default
[1.169s] -- Found std_msgs: 5.3.6 (/opt/ros/jazzy/share/std_msgs/cmake)
[1.176s] -- Found stonefish_ros2: 1.5.0 (/home/ale/tutorials/stonefish-learning/stonefish_ws/install/stonefish_ros2/share/stonefish_ros2/cmake)
[1.205s] -- Found ament_lint_auto: 0.17.3 (/opt/ros/jazzy/share/ament_lint_auto/cmake)
[1.315s] -- Added test 'flake8' to check Python code syntax and style conventions
[1.316s] -- Configured 'flake8' exclude dirs and/or files: 
[1.316s] -- Added test 'lint_cmake' to check CMake code style
[1.317s] -- Added test 'pep257' to check Python code against some of the docstring style conventions in PEP 257
[1.318s] -- Added test 'xmllint' to check XML markup files
[1.319s] -- Configuring done (1.3s)
[1.323s] -- Generating done (0.0s)
[1.324s] -- Build files have been written to: /home/ale/tutorials/stonefish-learning/stonefish_ws/build/bluerov2_sim
[1.334s] Invoked command in '/home/ale/tutorials/stonefish-learning/stonefish_ws/build/bluerov2_sim' returned '0': CMAKE_PREFIX_PATH=/home/ale/tutorials/stonefish-learning/stonefish_ws/install/stonefish_ros2:/home/ale/tutorials/stonefish-learning/stonefish_ws/install/bluerov2_sim:/home/ale/ros2_ws/install/sonar_driver_oculus:/home/ale/ros2_ws/install/oculus_viewer:/home/ale/ros2_ws/install/oculus_ros2:/home/ale/ros2_ws/install/oculus_interfaces:/opt/ros/jazzy/opt/gz_math_vendor:/opt/ros/jazzy/opt/gz_utils_vendor:/opt/ros/jazzy/opt/gz_cmake_vendor:/opt/ros/jazzy DEBUGINFOD_URLS=https://debuginfod.ubuntu.com /usr/bin/cmake /home/ale/tutorials/stonefish-learning/stonefish_ws/src/bluerov2_sim -DCMAKE_INSTALL_PREFIX=/home/ale/tutorials/stonefish-learning/stonefish_ws/install/bluerov2_sim
[1.335s] Invoking command in '/home/ale/tutorials/stonefish-learning/stonefish_ws/build/bluerov2_sim': CMAKE_PREFIX_PATH=/home/ale/tutorials/stonefish-learning/stonefish_ws/install/stonefish_ros2:/home/ale/tutorials/stonefish-learning/stonefish_ws/install/bluerov2_sim:/home/ale/ros2_ws/install/sonar_driver_oculus:/home/ale/ros2_ws/install/oculus_viewer:/home/ale/ros2_ws/install/oculus_ros2:/home/ale/ros2_ws/install/oculus_interfaces:/opt/ros/jazzy/opt/gz_math_vendor:/opt/ros/jazzy/opt/gz_utils_vendor:/opt/ros/jazzy/opt/gz_cmake_vendor:/opt/ros/jazzy DEBUGINFOD_URLS=https://debuginfod.ubuntu.com /usr/bin/cmake --build /home/ale/tutorials/stonefish-learning/stonefish_ws/build/bluerov2_sim -- -j16 -l16
[1.419s] Invoked command in '/home/ale/tutorials/stonefish-learning/stonefish_ws/build/bluerov2_sim' returned '0': CMAKE_PREFIX_PATH=/home/ale/tutorials/stonefish-learning/stonefish_ws/install/stonefish_ros2:/home/ale/tutorials/stonefish-learning/stonefish_ws/install/bluerov2_sim:/home/ale/ros2_ws/install/sonar_driver_oculus:/home/ale/ros2_ws/install/oculus_viewer:/home/ale/ros2_ws/install/oculus_ros2:/home/ale/ros2_ws/install/oculus_interfaces:/opt/ros/jazzy/opt/gz_math_vendor:/opt/ros/jazzy/opt/gz_utils_vendor:/opt/ros/jazzy/opt/gz_cmake_vendor:/opt/ros/jazzy DEBUGINFOD_URLS=https://debuginfod.ubuntu.com /usr/bin/cmake --build /home/ale/tutorials/stonefish-learning/stonefish_ws/build/bluerov2_sim -- -j16 -l16
[1.420s] Invoking command in '/home/ale/tutorials/stonefish-learning/stonefish_ws/build/bluerov2_sim': CMAKE_PREFIX_PATH=/home/ale/tutorials/stonefish-learning/stonefish_ws/install/stonefish_ros2:/home/ale/tutorials/stonefish-learning/stonefish_ws/install/bluerov2_sim:/home/ale/ros2_ws/install/sonar_driver_oculus:/home/ale/ros2_ws/install/oculus_viewer:/home/ale/ros2_ws/install/oculus_ros2:/home/ale/ros2_ws/install/oculus_interfaces:/opt/ros/jazzy/opt/gz_math_vendor:/opt/ros/jazzy/opt/gz_utils_vendor:/opt/ros/jazzy/opt/gz_cmake_vendor:/opt/ros/jazzy DEBUGINFOD_URLS=https://debuginfod.ubuntu.com /usr/bin/cmake --install /home/ale/tutorials/stonefish-learning/stonefish_ws/build/bluerov2_sim
[1.438s] -- Install configuration: ""
[1.438s] -- Installing: /home/ale/tutorials/stonefish-learning/stonefish_ws/install/bluerov2_sim/share/bluerov2_sim//launch
[1.438s] -- Installing: /home/ale/tutorials/stonefish-learning/stonefish_ws/install/bluerov2_sim/share/bluerov2_sim//launch/bluerov2_sim.launch.py
[1.438s] -- Installing: /home/ale/tutorials/stonefish-learning/stonefish_ws/install/bluerov2_sim/share/bluerov2_sim/data
[1.438s] -- Installing: /home/ale/tutorials/stonefish-learning/stonefish_ws/install/bluerov2_sim/share/bluerov2_sim/data/bluerov2
[1.439s] -- Installing: /home/ale/tutorials/stonefish-learning/stonefish_ws/install/bluerov2_sim/share/bluerov2_sim/data/bluerov2/duct_right_front.obj
[1.439s] -- Installing: /home/ale/tutorials/stonefish-learning/stonefish_ws/install/bluerov2_sim/share/bluerov2_sim/data/bluerov2/duct_left_front.obj
[1.439s] -- Installing: /home/ale/tutorials/stonefish-learning/stonefish_ws/install/bluerov2_sim/share/bluerov2_sim/data/bluerov2/right_foam.obj
[1.440s] -- Installing: /home/ale/tutorials/stonefish-learning/stonefish_ws/install/bluerov2_sim/share/bluerov2_sim/data/bluerov2/duct_left_up_front.obj
[1.440s] -- Installing: /home/ale/tutorials/stonefish-learning/stonefish_ws/install/bluerov2_sim/share/bluerov2_sim/data/bluerov2/weight_middle_down.obj
[1.441s] -- Installing: /home/ale/tutorials/stonefish-learning/stonefish_ws/install/bluerov2_sim/share/bluerov2_sim/data/bluerov2/weight_middle_middle.obj
[1.441s] -- Installing: /home/ale/tutorials/stonefish-learning/stonefish_ws/install/bluerov2_sim/share/bluerov2_sim/data/bluerov2/duct_left_rear.obj
[1.441s] -- Installing: /home/ale/tutorials/stonefish-learning/stonefish_ws/install/bluerov2_sim/share/bluerov2_sim/data/bluerov2/left_sideUP.obj
[1.441s] -- Installing: /home/ale/tutorials/stonefish-learning/stonefish_ws/install/bluerov2_sim/share/bluerov2_sim/data/bluerov2/duct_left_up_rear.obj
[1.442s] -- Installing: /home/ale/tutorials/stonefish-learning/stonefish_ws/install/bluerov2_sim/share/bluerov2_sim/data/bluerov2/duct_right_rear.obj
[1.442s] -- Installing: /home/ale/tutorials/stonefish-learning/stonefish_ws/install/bluerov2_sim/share/bluerov2_sim/data/bluerov2/duct_right_up_rear.obj
[1.443s] -- Installing: /home/ale/tutorials/stonefish-learning/stonefish_ws/install/bluerov2_sim/share/bluerov2_sim/data/bluerov2/light_left_down.obj
[1.443s] -- Installing: /home/ale/tutorials/stonefish-learning/stonefish_ws/install/bluerov2_sim/share/bluerov2_sim/data/bluerov2/light_right_up.obj
[1.443s] -- Installing: /home/ale/tutorials/stonefish-learning/stonefish_ws/install/bluerov2_sim/share/bluerov2_sim/data/bluerov2/second_cylinder.obj
[1.444s] -- Installing: /home/ale/tutorials/stonefish-learning/stonefish_ws/install/bluerov2_sim/share/bluerov2_sim/data/bluerov2/weight_middle_up.obj
[1.444s] -- Installing: /home/ale/tutorials/stonefish-learning/stonefish_ws/install/bluerov2_sim/share/bluerov2_sim/data/bluerov2/duct_right_up_front.obj
[1.444s] -- Installing: /home/ale/tutorials/stonefish-learning/stonefish_ws/install/bluerov2_sim/share/bluerov2_sim/data/bluerov2/left_side.obj
[1.444s] -- Installing: /home/ale/tutorials/stonefish-learning/stonefish_ws/install/bluerov2_sim/share/bluerov2_sim/data/bluerov2/first_cylinder.obj
[1.445s] -- Installing: /home/ale/tutorials/stonefish-learning/stonefish_ws/install/bluerov2_sim/share/bluerov2_sim/data/bluerov2/weight_left.obj
[1.445s] -- Installing: /home/ale/tutorials/stonefish-learning/stonefish_ws/install/bluerov2_sim/share/bluerov2_sim/data/bluerov2/base.obj
[1.445s] -- Installing: /home/ale/tutorials/stonefish-learning/stonefish_ws/install/bluerov2_sim/share/bluerov2_sim/data/bluerov2/weight_right.obj
[1.445s] -- Installing: /home/ale/tutorials/stonefish-learning/stonefish_ws/install/bluerov2_sim/share/bluerov2_sim/data/bluerov2/Propeller.obj
[1.445s] -- Installing: /home/ale/tutorials/stonefish-learning/stonefish_ws/install/bluerov2_sim/share/bluerov2_sim/data/bluerov2/light_right_down.obj
[1.446s] -- Installing: /home/ale/tutorials/stonefish-learning/stonefish_ws/install/bluerov2_sim/share/bluerov2_sim/data/bluerov2/dome.obj
[1.446s] -- Installing: /home/ale/tutorials/stonefish-learning/stonefish_ws/install/bluerov2_sim/share/bluerov2_sim/data/bluerov2/right_side.obj
[1.446s] -- Installing: /home/ale/tutorials/stonefish-learning/stonefish_ws/install/bluerov2_sim/share/bluerov2_sim/data/bluerov2/right_sideUP.obj
[1.446s] -- Installing: /home/ale/tutorials/stonefish-learning/stonefish_ws/install/bluerov2_sim/share/bluerov2_sim/data/bluerov2/light_left_up.obj
[1.446s] -- Installing: /home/ale/tutorials/stonefish-learning/stonefish_ws/install/bluerov2_sim/share/bluerov2_sim/data/bluerov2/left_foam.obj
[1.447s] -- Installing: /home/ale/tutorials/stonefish-learning/stonefish_ws/install/bluerov2_sim/share/bluerov2_sim/scenarios
[1.447s] -- Installing: /home/ale/tutorials/stonefish-learning/stonefish_ws/install/bluerov2_sim/share/bluerov2_sim/scenarios/bluerov2.scn
[1.447s] -- Installing: /home/ale/tutorials/stonefish-learning/stonefish_ws/install/bluerov2_sim/share/ament_index/resource_index/package_run_dependencies/bluerov2_sim
[1.447s] -- Installing: /home/ale/tutorials/stonefish-learning/stonefish_ws/install/bluerov2_sim/share/ament_index/resource_index/parent_prefix_path/bluerov2_sim
[1.448s] -- Installing: /home/ale/tutorials/stonefish-learning/stonefish_ws/install/bluerov2_sim/share/bluerov2_sim/environment/ament_prefix_path.sh
[1.448s] -- Installing: /home/ale/tutorials/stonefish-learning/stonefish_ws/install/bluerov2_sim/share/bluerov2_sim/environment/ament_prefix_path.dsv
[1.448s] -- Installing: /home/ale/tutorials/stonefish-learning/stonefish_ws/install/bluerov2_sim/share/bluerov2_sim/environment/path.sh
[1.448s] -- Installing: /home/ale/tutorials/stonefish-learning/stonefish_ws/install/bluerov2_sim/share/bluerov2_sim/environment/path.dsv
[1.448s] -- Installing: /home/ale/tutorials/stonefish-learning/stonefish_ws/install/bluerov2_sim/share/bluerov2_sim/local_setup.bash
[1.448s] -- Installing: /home/ale/tutorials/stonefish-learning/stonefish_ws/install/bluerov2_sim/share/bluerov2_sim/local_setup.sh
[1.448s] -- Installing: /home/ale/tutorials/stonefish-learning/stonefish_ws/install/bluerov2_sim/share/bluerov2_sim/local_setup.zsh
[1.449s] -- Installing: /home/ale/tutorials/stonefish-learning/stonefish_ws/install/bluerov2_sim/share/bluerov2_sim/local_setup.dsv
[1.449s] -- Installing: /home/ale/tutorials/stonefish-learning/stonefish_ws/install/bluerov2_sim/share/bluerov2_sim/package.dsv
[1.449s] -- Installing: /home/ale/tutorials/stonefish-learning/stonefish_ws/install/bluerov2_sim/share/ament_index/resource_index/packages/bluerov2_sim
[1.449s] -- Installing: /home/ale/tutorials/stonefish-learning/stonefish_ws/install/bluerov2_sim/share/bluerov2_sim/cmake/bluerov2_simConfig.cmake
[1.449s] -- Installing: /home/ale/tutorials/stonefish-learning/stonefish_ws/install/bluerov2_sim/share/bluerov2_sim/cmake/bluerov2_simConfig-version.cmake
[1.449s] -- Installing: /home/ale/tutorials/stonefish-learning/stonefish_ws/install/bluerov2_sim/share/bluerov2_sim/package.xml
[1.452s] Invoked command in '/home/ale/tutorials/stonefish-learning/stonefish_ws/build/bluerov2_sim' returned '0': CMAKE_PREFIX_PATH=/home/ale/tutorials/stonefish-learning/stonefish_ws/install/stonefish_ros2:/home/ale/tutorials/stonefish-learning/stonefish_ws/install/bluerov2_sim:/home/ale/ros2_ws/install/sonar_driver_oculus:/home/ale/ros2_ws/install/oculus_viewer:/home/ale/ros2_ws/install/oculus_ros2:/home/ale/ros2_ws/install/oculus_interfaces:/opt/ros/jazzy/opt/gz_math_vendor:/opt/ros/jazzy/opt/gz_utils_vendor:/opt/ros/jazzy/opt/gz_cmake_vendor:/opt/ros/jazzy DEBUGINFOD_URLS=https://debuginfod.ubuntu.com /usr/bin/cmake --install /home/ale/tutorials/stonefish-learning/stonefish_ws/build/bluerov2_sim
