-- Install configuration: ""
-- Up-to-date: /home/ale/tutorials/stonefish-learning/stonefish_ws/install/bluerov2_sim/share/bluerov2_sim//launch
-- Installing: /home/ale/tutorials/stonefish-learning/stonefish_ws/install/bluerov2_sim/share/bluerov2_sim//launch/bluerov2_sim.launch.py
-- Up-to-date: /home/ale/tutorials/stonefish-learning/stonefish_ws/install/bluerov2_sim/share/bluerov2_sim/data
-- Up-to-date: /home/ale/tutorials/stonefish-learning/stonefish_ws/install/bluerov2_sim/share/bluerov2_sim/data/bluerov2
-- Up-to-date: /home/ale/tutorials/stonefish-learning/stonefish_ws/install/bluerov2_sim/share/bluerov2_sim/data/bluerov2/duct_right_front.obj
-- Up-to-date: /home/ale/tutorials/stonefish-learning/stonefish_ws/install/bluerov2_sim/share/bluerov2_sim/data/bluerov2/duct_left_front.obj
-- Up-to-date: /home/ale/tutorials/stonefish-learning/stonefish_ws/install/bluerov2_sim/share/bluerov2_sim/data/bluerov2/right_foam.obj
-- Up-to-date: /home/ale/tutorials/stonefish-learning/stonefish_ws/install/bluerov2_sim/share/bluerov2_sim/data/bluerov2/duct_left_up_front.obj
-- Up-to-date: /home/ale/tutorials/stonefish-learning/stonefish_ws/install/bluerov2_sim/share/bluerov2_sim/data/bluerov2/weight_middle_down.obj
-- Up-to-date: /home/ale/tutorials/stonefish-learning/stonefish_ws/install/bluerov2_sim/share/bluerov2_sim/data/bluerov2/weight_middle_middle.obj
-- Up-to-date: /home/ale/tutorials/stonefish-learning/stonefish_ws/install/bluerov2_sim/share/bluerov2_sim/data/bluerov2/duct_left_rear.obj
-- Up-to-date: /home/ale/tutorials/stonefish-learning/stonefish_ws/install/bluerov2_sim/share/bluerov2_sim/data/bluerov2/left_sideUP.obj
-- Up-to-date: /home/ale/tutorials/stonefish-learning/stonefish_ws/install/bluerov2_sim/share/bluerov2_sim/data/bluerov2/duct_left_up_rear.obj
-- Up-to-date: /home/ale/tutorials/stonefish-learning/stonefish_ws/install/bluerov2_sim/share/bluerov2_sim/data/bluerov2/duct_right_rear.obj
-- Up-to-date: /home/ale/tutorials/stonefish-learning/stonefish_ws/install/bluerov2_sim/share/bluerov2_sim/data/bluerov2/duct_right_up_rear.obj
-- Up-to-date: /home/ale/tutorials/stonefish-learning/stonefish_ws/install/bluerov2_sim/share/bluerov2_sim/data/bluerov2/light_left_down.obj
-- Up-to-date: /home/ale/tutorials/stonefish-learning/stonefish_ws/install/bluerov2_sim/share/bluerov2_sim/data/bluerov2/light_right_up.obj
-- Up-to-date: /home/ale/tutorials/stonefish-learning/stonefish_ws/install/bluerov2_sim/share/bluerov2_sim/data/bluerov2/second_cylinder.obj
-- Up-to-date: /home/ale/tutorials/stonefish-learning/stonefish_ws/install/bluerov2_sim/share/bluerov2_sim/data/bluerov2/weight_middle_up.obj
-- Up-to-date: /home/ale/tutorials/stonefish-learning/stonefish_ws/install/bluerov2_sim/share/bluerov2_sim/data/bluerov2/duct_right_up_front.obj
-- Up-to-date: /home/ale/tutorials/stonefish-learning/stonefish_ws/install/bluerov2_sim/share/bluerov2_sim/data/bluerov2/left_side.obj
-- Up-to-date: /home/ale/tutorials/stonefish-learning/stonefish_ws/install/bluerov2_sim/share/bluerov2_sim/data/bluerov2/first_cylinder.obj
-- Up-to-date: /home/ale/tutorials/stonefish-learning/stonefish_ws/install/bluerov2_sim/share/bluerov2_sim/data/bluerov2/weight_left.obj
-- Up-to-date: /home/ale/tutorials/stonefish-learning/stonefish_ws/install/bluerov2_sim/share/bluerov2_sim/data/bluerov2/base.obj
-- Up-to-date: /home/ale/tutorials/stonefish-learning/stonefish_ws/install/bluerov2_sim/share/bluerov2_sim/data/bluerov2/weight_right.obj
-- Up-to-date: /home/ale/tutorials/stonefish-learning/stonefish_ws/install/bluerov2_sim/share/bluerov2_sim/data/bluerov2/Propeller.obj
-- Up-to-date: /home/ale/tutorials/stonefish-learning/stonefish_ws/install/bluerov2_sim/share/bluerov2_sim/data/bluerov2/light_right_down.obj
-- Up-to-date: /home/ale/tutorials/stonefish-learning/stonefish_ws/install/bluerov2_sim/share/bluerov2_sim/data/bluerov2/dome.obj
-- Up-to-date: /home/ale/tutorials/stonefish-learning/stonefish_ws/install/bluerov2_sim/share/bluerov2_sim/data/bluerov2/right_side.obj
-- Up-to-date: /home/ale/tutorials/stonefish-learning/stonefish_ws/install/bluerov2_sim/share/bluerov2_sim/data/bluerov2/right_sideUP.obj
-- Up-to-date: /home/ale/tutorials/stonefish-learning/stonefish_ws/install/bluerov2_sim/share/bluerov2_sim/data/bluerov2/light_left_up.obj
-- Up-to-date: /home/ale/tutorials/stonefish-learning/stonefish_ws/install/bluerov2_sim/share/bluerov2_sim/data/bluerov2/left_foam.obj
-- Up-to-date: /home/ale/tutorials/stonefish-learning/stonefish_ws/install/bluerov2_sim/share/bluerov2_sim/scenarios
-- Up-to-date: /home/ale/tutorials/stonefish-learning/stonefish_ws/install/bluerov2_sim/share/bluerov2_sim/scenarios/bluerov2.scn
-- Up-to-date: /home/ale/tutorials/stonefish-learning/stonefish_ws/install/bluerov2_sim/share/ament_index/resource_index/package_run_dependencies/bluerov2_sim
-- Up-to-date: /home/ale/tutorials/stonefish-learning/stonefish_ws/install/bluerov2_sim/share/ament_index/resource_index/parent_prefix_path/bluerov2_sim
-- Up-to-date: /home/ale/tutorials/stonefish-learning/stonefish_ws/install/bluerov2_sim/share/bluerov2_sim/environment/ament_prefix_path.sh
-- Up-to-date: /home/ale/tutorials/stonefish-learning/stonefish_ws/install/bluerov2_sim/share/bluerov2_sim/environment/ament_prefix_path.dsv
-- Up-to-date: /home/ale/tutorials/stonefish-learning/stonefish_ws/install/bluerov2_sim/share/bluerov2_sim/environment/path.sh
-- Up-to-date: /home/ale/tutorials/stonefish-learning/stonefish_ws/install/bluerov2_sim/share/bluerov2_sim/environment/path.dsv
-- Up-to-date: /home/ale/tutorials/stonefish-learning/stonefish_ws/install/bluerov2_sim/share/bluerov2_sim/local_setup.bash
-- Up-to-date: /home/ale/tutorials/stonefish-learning/stonefish_ws/install/bluerov2_sim/share/bluerov2_sim/local_setup.sh
-- Up-to-date: /home/ale/tutorials/stonefish-learning/stonefish_ws/install/bluerov2_sim/share/bluerov2_sim/local_setup.zsh
-- Up-to-date: /home/ale/tutorials/stonefish-learning/stonefish_ws/install/bluerov2_sim/share/bluerov2_sim/local_setup.dsv
-- Installing: /home/ale/tutorials/stonefish-learning/stonefish_ws/install/bluerov2_sim/share/bluerov2_sim/package.dsv
-- Up-to-date: /home/ale/tutorials/stonefish-learning/stonefish_ws/install/bluerov2_sim/share/ament_index/resource_index/packages/bluerov2_sim
-- Up-to-date: /home/ale/tutorials/stonefish-learning/stonefish_ws/install/bluerov2_sim/share/bluerov2_sim/cmake/bluerov2_simConfig.cmake
-- Up-to-date: /home/ale/tutorials/stonefish-learning/stonefish_ws/install/bluerov2_sim/share/bluerov2_sim/cmake/bluerov2_simConfig-version.cmake
-- Up-to-date: /home/ale/tutorials/stonefish-learning/stonefish_ws/install/bluerov2_sim/share/bluerov2_sim/package.xml
