running egg_info
creating ../../build/bluerov2_control/bluerov2_control.egg-info
writing ../../build/bluerov2_control/bluerov2_control.egg-info/PKG-INFO
writing dependency_links to ../../build/bluerov2_control/bluerov2_control.egg-info/dependency_links.txt
writing entry points to ../../build/bluerov2_control/bluerov2_control.egg-info/entry_points.txt
writing requirements to ../../build/bluerov2_control/bluerov2_control.egg-info/requires.txt
writing top-level names to ../../build/bluerov2_control/bluerov2_control.egg-info/top_level.txt
writing manifest file '../../build/bluerov2_control/bluerov2_control.egg-info/SOURCES.txt'
reading manifest file '../../build/bluerov2_control/bluerov2_control.egg-info/SOURCES.txt'
writing manifest file '../../build/bluerov2_control/bluerov2_control.egg-info/SOURCES.txt'
running build
running build_py
creating /home/ale/tutorials/stonefish-learning/stonefish_ws/build/bluerov2_control/build
creating /home/ale/tutorials/stonefish-learning/stonefish_ws/build/bluerov2_control/build/lib
creating /home/ale/tutorials/stonefish-learning/stonefish_ws/build/bluerov2_control/build/lib/bluerov2_control
copying bluerov2_control/__init__.py -> /home/ale/tutorials/stonefish-learning/stonefish_ws/build/bluerov2_control/build/lib/bluerov2_control
running install
running install_lib
creating /home/ale/tutorials/stonefish-learning/stonefish_ws/install/bluerov2_control/lib/python3.12/site-packages/bluerov2_control
copying /home/ale/tutorials/stonefish-learning/stonefish_ws/build/bluerov2_control/build/lib/bluerov2_control/__init__.py -> /home/ale/tutorials/stonefish-learning/stonefish_ws/install/bluerov2_control/lib/python3.12/site-packages/bluerov2_control
byte-compiling /home/ale/tutorials/stonefish-learning/stonefish_ws/install/bluerov2_control/lib/python3.12/site-packages/bluerov2_control/__init__.py to __init__.cpython-312.pyc
running install_data
creating /home/ale/tutorials/stonefish-learning/stonefish_ws/install/bluerov2_control/share/ament_index
creating /home/ale/tutorials/stonefish-learning/stonefish_ws/install/bluerov2_control/share/ament_index/resource_index
creating /home/ale/tutorials/stonefish-learning/stonefish_ws/install/bluerov2_control/share/ament_index/resource_index/packages
copying resource/bluerov2_control -> /home/ale/tutorials/stonefish-learning/stonefish_ws/install/bluerov2_control/share/ament_index/resource_index/packages
copying package.xml -> /home/ale/tutorials/stonefish-learning/stonefish_ws/install/bluerov2_control/share/bluerov2_control
creating /home/ale/tutorials/stonefish-learning/stonefish_ws/install/bluerov2_control/lib/bluerov2_control
copying scripts/odom2tf.py -> /home/ale/tutorials/stonefish-learning/stonefish_ws/install/bluerov2_control/lib/bluerov2_control
running install_egg_info
Copying ../../build/bluerov2_control/bluerov2_control.egg-info to /home/ale/tutorials/stonefish-learning/stonefish_ws/install/bluerov2_control/lib/python3.12/site-packages/bluerov2_control-0.0.0-py3.12.egg-info
running install_scripts
Installing odom2tf script to /home/ale/tutorials/stonefish-learning/stonefish_ws/install/bluerov2_control/lib/bluerov2_control
writing list of installed files to '/home/ale/tutorials/stonefish-learning/stonefish_ws/build/bluerov2_control/install.log'
