[0.096s] DEBUG:colcon:Command line arguments: ['/usr/bin/colcon', 'build']
[0.097s] DEBUG:colcon:Parsed command line arguments: Namespace(log_base=None, log_level=None, verb_name='build', build_base='build', install_base='install', merge_install=False, symlink_install=False, test_result_base=None, continue_on_error=False, executor='parallel', parallel_workers=16, event_handlers=None, ignore_user_meta=False, metas=['./colcon.meta'], base_paths=['.'], packages_ignore=None, packages_ignore_regex=None, paths=None, packages_up_to=None, packages_up_to_regex=None, packages_above=None, packages_above_and_dependencies=None, packages_above_depth=None, packages_select_by_dep=None, packages_skip_by_dep=None, packages_skip_up_to=None, packages_select_build_failed=False, packages_skip_build_finished=False, packages_select_test_failures=False, packages_skip_test_passed=False, packages_select=None, packages_skip=None, packages_select_regex=None, packages_skip_regex=None, packages_start=None, packages_end=None, allow_overriding=[], cmake_args=None, cmake_target=None, cmake_target_skip_unavailable=False, cmake_clean_cache=False, cmake_clean_first=False, cmake_force_configure=False, ament_cmake_args=None, catkin_cmake_args=None, catkin_skip_building_tests=False, mixin_files=None, mixin=None, verb_parser=<colcon_mixin.mixin.mixin_argument.MixinArgumentDecorator object at 0x7f2b9808c5c0>, verb_extension=<colcon_core.verb.build.BuildVerb object at 0x7f2b981d4260>, main=<bound method BuildVerb.main of <colcon_core.verb.build.BuildVerb object at 0x7f2b981d4260>>, mixin_verb=('build',))
[0.116s] Level 1:colcon.colcon_core.package_discovery:discover_packages(colcon_meta) check parameters
[0.116s] Level 1:colcon.colcon_core.package_discovery:discover_packages(recursive) check parameters
[0.116s] Level 1:colcon.colcon_core.package_discovery:discover_packages(ignore) check parameters
[0.116s] Level 1:colcon.colcon_core.package_discovery:discover_packages(path) check parameters
[0.116s] Level 1:colcon.colcon_core.package_discovery:discover_packages(colcon_meta) discover
[0.116s] Level 1:colcon.colcon_core.package_discovery:discover_packages(recursive) discover
[0.116s] INFO:colcon.colcon_core.package_discovery:Crawling recursively for packages in '/home/ale/tutorials/stonefish-learning/stonefish_ws'
[0.116s] Level 1:colcon.colcon_core.package_identification:_identify(.) by extensions ['ignore', 'ignore_ament_install']
[0.116s] Level 1:colcon.colcon_core.package_identification:_identify(.) by extension 'ignore'
[0.117s] Level 1:colcon.colcon_core.package_identification:_identify(.) by extension 'ignore_ament_install'
[0.117s] Level 1:colcon.colcon_core.package_identification:_identify(.) by extensions ['colcon_pkg']
[0.117s] Level 1:colcon.colcon_core.package_identification:_identify(.) by extension 'colcon_pkg'
[0.117s] Level 1:colcon.colcon_core.package_identification:_identify(.) by extensions ['colcon_meta']
[0.117s] Level 1:colcon.colcon_core.package_identification:_identify(.) by extension 'colcon_meta'
[0.117s] Level 1:colcon.colcon_core.package_identification:_identify(.) by extensions ['ros']
[0.117s] Level 1:colcon.colcon_core.package_identification:_identify(.) by extension 'ros'
[0.130s] Level 1:colcon.colcon_core.package_identification:_identify(.) by extensions ['cmake', 'python']
[0.130s] Level 1:colcon.colcon_core.package_identification:_identify(.) by extension 'cmake'
[0.130s] Level 1:colcon.colcon_core.package_identification:_identify(.) by extension 'python'
[0.130s] Level 1:colcon.colcon_core.package_identification:_identify(.) by extensions ['python_setup_py']
[0.130s] Level 1:colcon.colcon_core.package_identification:_identify(.) by extension 'python_setup_py'
[0.130s] Level 1:colcon.colcon_core.package_identification:_identify(build) by extensions ['ignore', 'ignore_ament_install']
[0.130s] Level 1:colcon.colcon_core.package_identification:_identify(build) by extension 'ignore'
[0.130s] Level 1:colcon.colcon_core.package_identification:_identify(build) ignored
[0.130s] Level 1:colcon.colcon_core.package_identification:_identify(install) by extensions ['ignore', 'ignore_ament_install']
[0.130s] Level 1:colcon.colcon_core.package_identification:_identify(install) by extension 'ignore'
[0.130s] Level 1:colcon.colcon_core.package_identification:_identify(install) ignored
[0.130s] Level 1:colcon.colcon_core.package_identification:_identify(log) by extensions ['ignore', 'ignore_ament_install']
[0.130s] Level 1:colcon.colcon_core.package_identification:_identify(log) by extension 'ignore'
[0.130s] Level 1:colcon.colcon_core.package_identification:_identify(log) ignored
[0.130s] Level 1:colcon.colcon_core.package_identification:_identify(src) by extensions ['ignore', 'ignore_ament_install']
[0.130s] Level 1:colcon.colcon_core.package_identification:_identify(src) by extension 'ignore'
[0.130s] Level 1:colcon.colcon_core.package_identification:_identify(src) by extension 'ignore_ament_install'
[0.131s] Level 1:colcon.colcon_core.package_identification:_identify(src) by extensions ['colcon_pkg']
[0.131s] Level 1:colcon.colcon_core.package_identification:_identify(src) by extension 'colcon_pkg'
[0.131s] Level 1:colcon.colcon_core.package_identification:_identify(src) by extensions ['colcon_meta']
[0.131s] Level 1:colcon.colcon_core.package_identification:_identify(src) by extension 'colcon_meta'
[0.131s] Level 1:colcon.colcon_core.package_identification:_identify(src) by extensions ['ros']
[0.131s] Level 1:colcon.colcon_core.package_identification:_identify(src) by extension 'ros'
[0.131s] Level 1:colcon.colcon_core.package_identification:_identify(src) by extensions ['cmake', 'python']
[0.131s] Level 1:colcon.colcon_core.package_identification:_identify(src) by extension 'cmake'
[0.131s] Level 1:colcon.colcon_core.package_identification:_identify(src) by extension 'python'
[0.131s] Level 1:colcon.colcon_core.package_identification:_identify(src) by extensions ['python_setup_py']
[0.131s] Level 1:colcon.colcon_core.package_identification:_identify(src) by extension 'python_setup_py'
[0.131s] Level 1:colcon.colcon_core.package_identification:_identify(src/bluerov2_sim) by extensions ['ignore', 'ignore_ament_install']
[0.131s] Level 1:colcon.colcon_core.package_identification:_identify(src/bluerov2_sim) by extension 'ignore'
[0.131s] Level 1:colcon.colcon_core.package_identification:_identify(src/bluerov2_sim) by extension 'ignore_ament_install'
[0.131s] Level 1:colcon.colcon_core.package_identification:_identify(src/bluerov2_sim) by extensions ['colcon_pkg']
[0.131s] Level 1:colcon.colcon_core.package_identification:_identify(src/bluerov2_sim) by extension 'colcon_pkg'
[0.131s] Level 1:colcon.colcon_core.package_identification:_identify(src/bluerov2_sim) by extensions ['colcon_meta']
[0.131s] Level 1:colcon.colcon_core.package_identification:_identify(src/bluerov2_sim) by extension 'colcon_meta'
[0.131s] Level 1:colcon.colcon_core.package_identification:_identify(src/bluerov2_sim) by extensions ['ros']
[0.131s] Level 1:colcon.colcon_core.package_identification:_identify(src/bluerov2_sim) by extension 'ros'
[0.132s] DEBUG:colcon.colcon_core.package_identification:Package 'src/bluerov2_sim' with type 'ros.ament_cmake' and name 'bluerov2_sim'
[0.132s] Level 1:colcon.colcon_core.package_identification:_identify(src/stonefish_ros2) by extensions ['ignore', 'ignore_ament_install']
[0.132s] Level 1:colcon.colcon_core.package_identification:_identify(src/stonefish_ros2) by extension 'ignore'
[0.132s] Level 1:colcon.colcon_core.package_identification:_identify(src/stonefish_ros2) by extension 'ignore_ament_install'
[0.132s] Level 1:colcon.colcon_core.package_identification:_identify(src/stonefish_ros2) by extensions ['colcon_pkg']
[0.132s] Level 1:colcon.colcon_core.package_identification:_identify(src/stonefish_ros2) by extension 'colcon_pkg'
[0.132s] Level 1:colcon.colcon_core.package_identification:_identify(src/stonefish_ros2) by extensions ['colcon_meta']
[0.132s] Level 1:colcon.colcon_core.package_identification:_identify(src/stonefish_ros2) by extension 'colcon_meta'
[0.132s] Level 1:colcon.colcon_core.package_identification:_identify(src/stonefish_ros2) by extensions ['ros']
[0.132s] Level 1:colcon.colcon_core.package_identification:_identify(src/stonefish_ros2) by extension 'ros'
[0.133s] DEBUG:colcon.colcon_core.package_identification:Package 'src/stonefish_ros2' with type 'ros.ament_cmake' and name 'stonefish_ros2'
[0.133s] Level 1:colcon.colcon_core.package_discovery:discover_packages(recursive) using defaults
[0.133s] Level 1:colcon.colcon_core.package_discovery:discover_packages(ignore) discover
[0.133s] Level 1:colcon.colcon_core.package_discovery:discover_packages(ignore) using defaults
[0.133s] Level 1:colcon.colcon_core.package_discovery:discover_packages(path) discover
[0.133s] Level 1:colcon.colcon_core.package_discovery:discover_packages(path) using defaults
[0.142s] Level 1:colcon.colcon_core.package_discovery:discover_packages(prefix_path) check parameters
[0.142s] Level 1:colcon.colcon_core.package_discovery:discover_packages(prefix_path) discover
[0.142s] WARNING:colcon.colcon_ros.prefix_path.ament:The path '/home/ale/tutorials/stonefish-learning/stonefish_ws/install/bluerov2_sim' in the environment variable AMENT_PREFIX_PATH doesn't exist
[0.142s] WARNING:colcon.colcon_ros.prefix_path.ament:The path '/home/ale/tutorials/stonefish-learning/stonefish_ws/install/stonefish_ros2' in the environment variable AMENT_PREFIX_PATH doesn't exist
[0.143s] WARNING:colcon.colcon_ros.prefix_path.catkin:The path '/home/ale/tutorials/stonefish-learning/stonefish_ws/install/bluerov2_sim' in the environment variable CMAKE_PREFIX_PATH doesn't exist
[0.143s] WARNING:colcon.colcon_ros.prefix_path.catkin:The path '/home/ale/tutorials/stonefish-learning/stonefish_ws/install/stonefish_ros2' in the environment variable CMAKE_PREFIX_PATH doesn't exist
[0.143s] DEBUG:colcon.colcon_installed_package_information.package_discovery:Found 0 installed packages in /home/ale/tutorials/stonefish-learning/stonefish_ws/install
[0.143s] DEBUG:colcon.colcon_installed_package_information.package_discovery:Found 4 installed packages in /home/ale/ros2_ws/install
[0.144s] DEBUG:colcon.colcon_installed_package_information.package_discovery:Found 285 installed packages in /opt/ros/jazzy
[0.144s] Level 1:colcon.colcon_core.package_discovery:discover_packages(prefix_path) using defaults
[0.161s] Level 5:colcon.colcon_core.verb:set package 'stonefish_ros2' build argument 'cmake_args' from command line to 'None'
[0.161s] Level 5:colcon.colcon_core.verb:set package 'stonefish_ros2' build argument 'cmake_target' from command line to 'None'
[0.161s] Level 5:colcon.colcon_core.verb:set package 'stonefish_ros2' build argument 'cmake_target_skip_unavailable' from command line to 'False'
[0.161s] Level 5:colcon.colcon_core.verb:set package 'stonefish_ros2' build argument 'cmake_clean_cache' from command line to 'False'
[0.161s] Level 5:colcon.colcon_core.verb:set package 'stonefish_ros2' build argument 'cmake_clean_first' from command line to 'False'
[0.161s] Level 5:colcon.colcon_core.verb:set package 'stonefish_ros2' build argument 'cmake_force_configure' from command line to 'False'
[0.161s] Level 5:colcon.colcon_core.verb:set package 'stonefish_ros2' build argument 'ament_cmake_args' from command line to 'None'
[0.161s] Level 5:colcon.colcon_core.verb:set package 'stonefish_ros2' build argument 'catkin_cmake_args' from command line to 'None'
[0.161s] Level 5:colcon.colcon_core.verb:set package 'stonefish_ros2' build argument 'catkin_skip_building_tests' from command line to 'False'
[0.161s] DEBUG:colcon.colcon_core.verb:Building package 'stonefish_ros2' with the following arguments: {'ament_cmake_args': None, 'build_base': '/home/ale/tutorials/stonefish-learning/stonefish_ws/build/stonefish_ros2', 'catkin_cmake_args': None, 'catkin_skip_building_tests': False, 'cmake_args': None, 'cmake_clean_cache': False, 'cmake_clean_first': False, 'cmake_force_configure': False, 'cmake_target': None, 'cmake_target_skip_unavailable': False, 'install_base': '/home/ale/tutorials/stonefish-learning/stonefish_ws/install/stonefish_ros2', 'merge_install': False, 'path': '/home/ale/tutorials/stonefish-learning/stonefish_ws/src/stonefish_ros2', 'symlink_install': False, 'test_result_base': None}
[0.161s] Level 5:colcon.colcon_core.verb:set package 'bluerov2_sim' build argument 'cmake_args' from command line to 'None'
[0.161s] Level 5:colcon.colcon_core.verb:set package 'bluerov2_sim' build argument 'cmake_target' from command line to 'None'
[0.161s] Level 5:colcon.colcon_core.verb:set package 'bluerov2_sim' build argument 'cmake_target_skip_unavailable' from command line to 'False'
[0.161s] Level 5:colcon.colcon_core.verb:set package 'bluerov2_sim' build argument 'cmake_clean_cache' from command line to 'False'
[0.161s] Level 5:colcon.colcon_core.verb:set package 'bluerov2_sim' build argument 'cmake_clean_first' from command line to 'False'
[0.161s] Level 5:colcon.colcon_core.verb:set package 'bluerov2_sim' build argument 'cmake_force_configure' from command line to 'False'
[0.161s] Level 5:colcon.colcon_core.verb:set package 'bluerov2_sim' build argument 'ament_cmake_args' from command line to 'None'
[0.161s] Level 5:colcon.colcon_core.verb:set package 'bluerov2_sim' build argument 'catkin_cmake_args' from command line to 'None'
[0.161s] Level 5:colcon.colcon_core.verb:set package 'bluerov2_sim' build argument 'catkin_skip_building_tests' from command line to 'False'
[0.161s] DEBUG:colcon.colcon_core.verb:Building package 'bluerov2_sim' with the following arguments: {'ament_cmake_args': None, 'build_base': '/home/ale/tutorials/stonefish-learning/stonefish_ws/build/bluerov2_sim', 'catkin_cmake_args': None, 'catkin_skip_building_tests': False, 'cmake_args': None, 'cmake_clean_cache': False, 'cmake_clean_first': False, 'cmake_force_configure': False, 'cmake_target': None, 'cmake_target_skip_unavailable': False, 'install_base': '/home/ale/tutorials/stonefish-learning/stonefish_ws/install/bluerov2_sim', 'merge_install': False, 'path': '/home/ale/tutorials/stonefish-learning/stonefish_ws/src/bluerov2_sim', 'symlink_install': False, 'test_result_base': None}
[0.161s] INFO:colcon.colcon_core.executor:Executing jobs using 'parallel' executor
[0.162s] DEBUG:colcon.colcon_parallel_executor.executor.parallel:run_until_complete
[0.162s] INFO:colcon.colcon_ros.task.ament_cmake.build:Building ROS package in '/home/ale/tutorials/stonefish-learning/stonefish_ws/src/stonefish_ros2' with build type 'ament_cmake'
[0.162s] INFO:colcon.colcon_cmake.task.cmake.build:Building CMake package in '/home/ale/tutorials/stonefish-learning/stonefish_ws/src/stonefish_ros2'
[0.164s] INFO:colcon.colcon_core.plugin_system:Skipping extension 'colcon_core.shell.bat': Not used on non-Windows systems
[0.164s] INFO:colcon.colcon_core.shell:Skip shell extension 'powershell' for command environment: Not usable outside of PowerShell
[0.164s] DEBUG:colcon.colcon_core.shell:Skip shell extension 'dsv' for command environment
[0.172s] DEBUG:colcon.colcon_core.event_handler.log_command:Invoking command in '/home/ale/tutorials/stonefish-learning/stonefish_ws/build/stonefish_ros2': CMAKE_PREFIX_PATH=${CMAKE_PREFIX_PATH}:/opt/ros/jazzy DEBUGINFOD_URLS=https://debuginfod.ubuntu.com /usr/bin/cmake /home/ale/tutorials/stonefish-learning/stonefish_ws/src/stonefish_ros2 -DCMAKE_INSTALL_PREFIX=/home/ale/tutorials/stonefish-learning/stonefish_ws/install/stonefish_ros2
[9.039s] DEBUG:colcon.colcon_core.event_handler.log_command:Invoked command in '/home/ale/tutorials/stonefish-learning/stonefish_ws/build/stonefish_ros2' returned '0': CMAKE_PREFIX_PATH=${CMAKE_PREFIX_PATH}:/opt/ros/jazzy DEBUGINFOD_URLS=https://debuginfod.ubuntu.com /usr/bin/cmake /home/ale/tutorials/stonefish-learning/stonefish_ws/src/stonefish_ros2 -DCMAKE_INSTALL_PREFIX=/home/ale/tutorials/stonefish-learning/stonefish_ws/install/stonefish_ros2
[9.040s] DEBUG:colcon.colcon_core.event_handler.log_command:Invoking command in '/home/ale/tutorials/stonefish-learning/stonefish_ws/build/stonefish_ros2': CMAKE_PREFIX_PATH=${CMAKE_PREFIX_PATH}:/opt/ros/jazzy DEBUGINFOD_URLS=https://debuginfod.ubuntu.com /usr/bin/cmake --build /home/ale/tutorials/stonefish-learning/stonefish_ws/build/stonefish_ros2 -- -j16 -l16
[67.313s] DEBUG:colcon.colcon_core.event_handler.log_command:Invoked command in '/home/ale/tutorials/stonefish-learning/stonefish_ws/build/stonefish_ros2' returned '0': CMAKE_PREFIX_PATH=${CMAKE_PREFIX_PATH}:/opt/ros/jazzy DEBUGINFOD_URLS=https://debuginfod.ubuntu.com /usr/bin/cmake --build /home/ale/tutorials/stonefish-learning/stonefish_ws/build/stonefish_ros2 -- -j16 -l16
[67.332s] DEBUG:colcon.colcon_core.event_handler.log_command:Invoking command in '/home/ale/tutorials/stonefish-learning/stonefish_ws/build/stonefish_ros2': CMAKE_PREFIX_PATH=${CMAKE_PREFIX_PATH}:/opt/ros/jazzy DEBUGINFOD_URLS=https://debuginfod.ubuntu.com /usr/bin/cmake --install /home/ale/tutorials/stonefish-learning/stonefish_ws/build/stonefish_ros2
[67.485s] Level 1:colcon.colcon_core.environment:create_environment_scripts_only(stonefish_ros2)
[67.485s] DEBUG:colcon.colcon_core.event_handler.log_command:Invoked command in '/home/ale/tutorials/stonefish-learning/stonefish_ws/build/stonefish_ros2' returned '0': CMAKE_PREFIX_PATH=${CMAKE_PREFIX_PATH}:/opt/ros/jazzy DEBUGINFOD_URLS=https://debuginfod.ubuntu.com /usr/bin/cmake --install /home/ale/tutorials/stonefish-learning/stonefish_ws/build/stonefish_ros2
[67.489s] Level 1:colcon.colcon_core.environment:checking '/home/ale/tutorials/stonefish-learning/stonefish_ws/install/stonefish_ros2' for CMake module files
[67.491s] Level 1:colcon.colcon_core.environment:checking '/home/ale/tutorials/stonefish-learning/stonefish_ws/install/stonefish_ros2' for CMake config files
[67.492s] Level 1:colcon.colcon_core.shell:create_environment_hook('stonefish_ros2', 'cmake_prefix_path')
[67.492s] INFO:colcon.colcon_core.shell:Creating environment hook '/home/ale/tutorials/stonefish-learning/stonefish_ws/install/stonefish_ros2/share/stonefish_ros2/hook/cmake_prefix_path.ps1'
[67.493s] INFO:colcon.colcon_core.shell:Creating environment descriptor '/home/ale/tutorials/stonefish-learning/stonefish_ws/install/stonefish_ros2/share/stonefish_ros2/hook/cmake_prefix_path.dsv'
[67.494s] INFO:colcon.colcon_core.shell:Creating environment hook '/home/ale/tutorials/stonefish-learning/stonefish_ws/install/stonefish_ros2/share/stonefish_ros2/hook/cmake_prefix_path.sh'
[67.495s] Level 1:colcon.colcon_core.environment:checking '/home/ale/tutorials/stonefish-learning/stonefish_ws/install/stonefish_ros2/lib'
[67.495s] Level 1:colcon.colcon_core.shell:create_environment_hook('stonefish_ros2', 'ld_library_path_lib')
[67.495s] INFO:colcon.colcon_core.shell:Creating environment hook '/home/ale/tutorials/stonefish-learning/stonefish_ws/install/stonefish_ros2/share/stonefish_ros2/hook/ld_library_path_lib.ps1'
[67.496s] INFO:colcon.colcon_core.shell:Creating environment descriptor '/home/ale/tutorials/stonefish-learning/stonefish_ws/install/stonefish_ros2/share/stonefish_ros2/hook/ld_library_path_lib.dsv'
[67.496s] INFO:colcon.colcon_core.shell:Creating environment hook '/home/ale/tutorials/stonefish-learning/stonefish_ws/install/stonefish_ros2/share/stonefish_ros2/hook/ld_library_path_lib.sh'
[67.497s] Level 1:colcon.colcon_core.environment:checking '/home/ale/tutorials/stonefish-learning/stonefish_ws/install/stonefish_ros2/bin'
[67.497s] Level 1:colcon.colcon_core.environment:checking '/home/ale/tutorials/stonefish-learning/stonefish_ws/install/stonefish_ros2/lib/pkgconfig/stonefish_ros2.pc'
[67.498s] Level 1:colcon.colcon_core.environment:checking '/home/ale/tutorials/stonefish-learning/stonefish_ws/install/stonefish_ros2/lib/python3.12/site-packages'
[67.498s] Level 1:colcon.colcon_core.shell:create_environment_hook('stonefish_ros2', 'pythonpath')
[67.498s] INFO:colcon.colcon_core.shell:Creating environment hook '/home/ale/tutorials/stonefish-learning/stonefish_ws/install/stonefish_ros2/share/stonefish_ros2/hook/pythonpath.ps1'
[67.499s] INFO:colcon.colcon_core.shell:Creating environment descriptor '/home/ale/tutorials/stonefish-learning/stonefish_ws/install/stonefish_ros2/share/stonefish_ros2/hook/pythonpath.dsv'
[67.499s] INFO:colcon.colcon_core.shell:Creating environment hook '/home/ale/tutorials/stonefish-learning/stonefish_ws/install/stonefish_ros2/share/stonefish_ros2/hook/pythonpath.sh'
[67.500s] Level 1:colcon.colcon_core.environment:checking '/home/ale/tutorials/stonefish-learning/stonefish_ws/install/stonefish_ros2/bin'
[67.501s] INFO:colcon.colcon_core.shell:Creating package script '/home/ale/tutorials/stonefish-learning/stonefish_ws/install/stonefish_ros2/share/stonefish_ros2/package.ps1'
[67.502s] INFO:colcon.colcon_core.shell:Creating package descriptor '/home/ale/tutorials/stonefish-learning/stonefish_ws/install/stonefish_ros2/share/stonefish_ros2/package.dsv'
[67.503s] INFO:colcon.colcon_core.shell:Creating package script '/home/ale/tutorials/stonefish-learning/stonefish_ws/install/stonefish_ros2/share/stonefish_ros2/package.sh'
[67.504s] INFO:colcon.colcon_core.shell:Creating package script '/home/ale/tutorials/stonefish-learning/stonefish_ws/install/stonefish_ros2/share/stonefish_ros2/package.bash'
[67.504s] INFO:colcon.colcon_core.shell:Creating package script '/home/ale/tutorials/stonefish-learning/stonefish_ws/install/stonefish_ros2/share/stonefish_ros2/package.zsh'
[67.505s] Level 1:colcon.colcon_core.environment:create_file_with_runtime_dependencies(/home/ale/tutorials/stonefish-learning/stonefish_ws/install/stonefish_ros2/share/colcon-core/packages/stonefish_ros2)
[67.506s] Level 1:colcon.colcon_core.environment:create_environment_scripts_only(stonefish_ros2)
[67.506s] Level 1:colcon.colcon_core.environment:checking '/home/ale/tutorials/stonefish-learning/stonefish_ws/install/stonefish_ros2' for CMake module files
[67.507s] Level 1:colcon.colcon_core.environment:checking '/home/ale/tutorials/stonefish-learning/stonefish_ws/install/stonefish_ros2' for CMake config files
[67.508s] Level 1:colcon.colcon_core.shell:create_environment_hook('stonefish_ros2', 'cmake_prefix_path')
[67.508s] INFO:colcon.colcon_core.shell:Creating environment hook '/home/ale/tutorials/stonefish-learning/stonefish_ws/install/stonefish_ros2/share/stonefish_ros2/hook/cmake_prefix_path.ps1'
[67.509s] INFO:colcon.colcon_core.shell:Creating environment descriptor '/home/ale/tutorials/stonefish-learning/stonefish_ws/install/stonefish_ros2/share/stonefish_ros2/hook/cmake_prefix_path.dsv'
[67.509s] INFO:colcon.colcon_core.shell:Creating environment hook '/home/ale/tutorials/stonefish-learning/stonefish_ws/install/stonefish_ros2/share/stonefish_ros2/hook/cmake_prefix_path.sh'
[67.510s] Level 1:colcon.colcon_core.environment:checking '/home/ale/tutorials/stonefish-learning/stonefish_ws/install/stonefish_ros2/lib'
[67.510s] Level 1:colcon.colcon_core.shell:create_environment_hook('stonefish_ros2', 'ld_library_path_lib')
[67.510s] INFO:colcon.colcon_core.shell:Creating environment hook '/home/ale/tutorials/stonefish-learning/stonefish_ws/install/stonefish_ros2/share/stonefish_ros2/hook/ld_library_path_lib.ps1'
[67.510s] INFO:colcon.colcon_core.shell:Creating environment descriptor '/home/ale/tutorials/stonefish-learning/stonefish_ws/install/stonefish_ros2/share/stonefish_ros2/hook/ld_library_path_lib.dsv'
[67.511s] INFO:colcon.colcon_core.shell:Creating environment hook '/home/ale/tutorials/stonefish-learning/stonefish_ws/install/stonefish_ros2/share/stonefish_ros2/hook/ld_library_path_lib.sh'
[67.511s] Level 1:colcon.colcon_core.environment:checking '/home/ale/tutorials/stonefish-learning/stonefish_ws/install/stonefish_ros2/bin'
[67.511s] Level 1:colcon.colcon_core.environment:checking '/home/ale/tutorials/stonefish-learning/stonefish_ws/install/stonefish_ros2/lib/pkgconfig/stonefish_ros2.pc'
[67.511s] Level 1:colcon.colcon_core.environment:checking '/home/ale/tutorials/stonefish-learning/stonefish_ws/install/stonefish_ros2/lib/python3.12/site-packages'
[67.511s] Level 1:colcon.colcon_core.shell:create_environment_hook('stonefish_ros2', 'pythonpath')
[67.512s] INFO:colcon.colcon_core.shell:Creating environment hook '/home/ale/tutorials/stonefish-learning/stonefish_ws/install/stonefish_ros2/share/stonefish_ros2/hook/pythonpath.ps1'
[67.512s] INFO:colcon.colcon_core.shell:Creating environment descriptor '/home/ale/tutorials/stonefish-learning/stonefish_ws/install/stonefish_ros2/share/stonefish_ros2/hook/pythonpath.dsv'
[67.512s] INFO:colcon.colcon_core.shell:Creating environment hook '/home/ale/tutorials/stonefish-learning/stonefish_ws/install/stonefish_ros2/share/stonefish_ros2/hook/pythonpath.sh'
[67.513s] Level 1:colcon.colcon_core.environment:checking '/home/ale/tutorials/stonefish-learning/stonefish_ws/install/stonefish_ros2/bin'
[67.513s] INFO:colcon.colcon_core.shell:Creating package script '/home/ale/tutorials/stonefish-learning/stonefish_ws/install/stonefish_ros2/share/stonefish_ros2/package.ps1'
[67.513s] INFO:colcon.colcon_core.shell:Creating package descriptor '/home/ale/tutorials/stonefish-learning/stonefish_ws/install/stonefish_ros2/share/stonefish_ros2/package.dsv'
[67.514s] INFO:colcon.colcon_core.shell:Creating package script '/home/ale/tutorials/stonefish-learning/stonefish_ws/install/stonefish_ros2/share/stonefish_ros2/package.sh'
[67.514s] INFO:colcon.colcon_core.shell:Creating package script '/home/ale/tutorials/stonefish-learning/stonefish_ws/install/stonefish_ros2/share/stonefish_ros2/package.bash'
[67.514s] INFO:colcon.colcon_core.shell:Creating package script '/home/ale/tutorials/stonefish-learning/stonefish_ws/install/stonefish_ros2/share/stonefish_ros2/package.zsh'
[67.514s] Level 1:colcon.colcon_core.environment:create_file_with_runtime_dependencies(/home/ale/tutorials/stonefish-learning/stonefish_ws/install/stonefish_ros2/share/colcon-core/packages/stonefish_ros2)
[67.515s] INFO:colcon.colcon_ros.task.ament_cmake.build:Building ROS package in '/home/ale/tutorials/stonefish-learning/stonefish_ws/src/bluerov2_sim' with build type 'ament_cmake'
[67.515s] INFO:colcon.colcon_cmake.task.cmake.build:Building CMake package in '/home/ale/tutorials/stonefish-learning/stonefish_ws/src/bluerov2_sim'
[67.515s] INFO:colcon.colcon_core.shell:Skip shell extension 'powershell' for command environment: Not usable outside of PowerShell
[67.515s] DEBUG:colcon.colcon_core.shell:Skip shell extension 'dsv' for command environment
[67.530s] DEBUG:colcon.colcon_core.event_handler.log_command:Invoking command in '/home/ale/tutorials/stonefish-learning/stonefish_ws/build/bluerov2_sim': CMAKE_PREFIX_PATH=/home/ale/tutorials/stonefish-learning/stonefish_ws/install/stonefish_ros2:/home/ale/tutorials/stonefish-learning/stonefish_ws/install/bluerov2_sim:/home/ale/ros2_ws/install/sonar_driver_oculus:/home/ale/ros2_ws/install/oculus_viewer:/home/ale/ros2_ws/install/oculus_ros2:/home/ale/ros2_ws/install/oculus_interfaces:/opt/ros/jazzy/opt/gz_math_vendor:/opt/ros/jazzy/opt/gz_utils_vendor:/opt/ros/jazzy/opt/gz_cmake_vendor:/opt/ros/jazzy DEBUGINFOD_URLS=https://debuginfod.ubuntu.com /usr/bin/cmake /home/ale/tutorials/stonefish-learning/stonefish_ws/src/bluerov2_sim -DCMAKE_INSTALL_PREFIX=/home/ale/tutorials/stonefish-learning/stonefish_ws/install/bluerov2_sim
[68.850s] DEBUG:colcon.colcon_core.event_handler.log_command:Invoked command in '/home/ale/tutorials/stonefish-learning/stonefish_ws/build/bluerov2_sim' returned '0': CMAKE_PREFIX_PATH=/home/ale/tutorials/stonefish-learning/stonefish_ws/install/stonefish_ros2:/home/ale/tutorials/stonefish-learning/stonefish_ws/install/bluerov2_sim:/home/ale/ros2_ws/install/sonar_driver_oculus:/home/ale/ros2_ws/install/oculus_viewer:/home/ale/ros2_ws/install/oculus_ros2:/home/ale/ros2_ws/install/oculus_interfaces:/opt/ros/jazzy/opt/gz_math_vendor:/opt/ros/jazzy/opt/gz_utils_vendor:/opt/ros/jazzy/opt/gz_cmake_vendor:/opt/ros/jazzy DEBUGINFOD_URLS=https://debuginfod.ubuntu.com /usr/bin/cmake /home/ale/tutorials/stonefish-learning/stonefish_ws/src/bluerov2_sim -DCMAKE_INSTALL_PREFIX=/home/ale/tutorials/stonefish-learning/stonefish_ws/install/bluerov2_sim
[68.851s] DEBUG:colcon.colcon_core.event_handler.log_command:Invoking command in '/home/ale/tutorials/stonefish-learning/stonefish_ws/build/bluerov2_sim': CMAKE_PREFIX_PATH=/home/ale/tutorials/stonefish-learning/stonefish_ws/install/stonefish_ros2:/home/ale/tutorials/stonefish-learning/stonefish_ws/install/bluerov2_sim:/home/ale/ros2_ws/install/sonar_driver_oculus:/home/ale/ros2_ws/install/oculus_viewer:/home/ale/ros2_ws/install/oculus_ros2:/home/ale/ros2_ws/install/oculus_interfaces:/opt/ros/jazzy/opt/gz_math_vendor:/opt/ros/jazzy/opt/gz_utils_vendor:/opt/ros/jazzy/opt/gz_cmake_vendor:/opt/ros/jazzy DEBUGINFOD_URLS=https://debuginfod.ubuntu.com /usr/bin/cmake --build /home/ale/tutorials/stonefish-learning/stonefish_ws/build/bluerov2_sim -- -j16 -l16
[68.935s] DEBUG:colcon.colcon_core.event_handler.log_command:Invoked command in '/home/ale/tutorials/stonefish-learning/stonefish_ws/build/bluerov2_sim' returned '0': CMAKE_PREFIX_PATH=/home/ale/tutorials/stonefish-learning/stonefish_ws/install/stonefish_ros2:/home/ale/tutorials/stonefish-learning/stonefish_ws/install/bluerov2_sim:/home/ale/ros2_ws/install/sonar_driver_oculus:/home/ale/ros2_ws/install/oculus_viewer:/home/ale/ros2_ws/install/oculus_ros2:/home/ale/ros2_ws/install/oculus_interfaces:/opt/ros/jazzy/opt/gz_math_vendor:/opt/ros/jazzy/opt/gz_utils_vendor:/opt/ros/jazzy/opt/gz_cmake_vendor:/opt/ros/jazzy DEBUGINFOD_URLS=https://debuginfod.ubuntu.com /usr/bin/cmake --build /home/ale/tutorials/stonefish-learning/stonefish_ws/build/bluerov2_sim -- -j16 -l16
[68.936s] DEBUG:colcon.colcon_core.event_handler.log_command:Invoking command in '/home/ale/tutorials/stonefish-learning/stonefish_ws/build/bluerov2_sim': CMAKE_PREFIX_PATH=/home/ale/tutorials/stonefish-learning/stonefish_ws/install/stonefish_ros2:/home/ale/tutorials/stonefish-learning/stonefish_ws/install/bluerov2_sim:/home/ale/ros2_ws/install/sonar_driver_oculus:/home/ale/ros2_ws/install/oculus_viewer:/home/ale/ros2_ws/install/oculus_ros2:/home/ale/ros2_ws/install/oculus_interfaces:/opt/ros/jazzy/opt/gz_math_vendor:/opt/ros/jazzy/opt/gz_utils_vendor:/opt/ros/jazzy/opt/gz_cmake_vendor:/opt/ros/jazzy DEBUGINFOD_URLS=https://debuginfod.ubuntu.com /usr/bin/cmake --install /home/ale/tutorials/stonefish-learning/stonefish_ws/build/bluerov2_sim
[68.967s] Level 1:colcon.colcon_core.environment:create_environment_scripts_only(bluerov2_sim)
[68.968s] Level 1:colcon.colcon_core.environment:checking '/home/ale/tutorials/stonefish-learning/stonefish_ws/install/bluerov2_sim' for CMake module files
[68.968s] DEBUG:colcon.colcon_core.event_handler.log_command:Invoked command in '/home/ale/tutorials/stonefish-learning/stonefish_ws/build/bluerov2_sim' returned '0': CMAKE_PREFIX_PATH=/home/ale/tutorials/stonefish-learning/stonefish_ws/install/stonefish_ros2:/home/ale/tutorials/stonefish-learning/stonefish_ws/install/bluerov2_sim:/home/ale/ros2_ws/install/sonar_driver_oculus:/home/ale/ros2_ws/install/oculus_viewer:/home/ale/ros2_ws/install/oculus_ros2:/home/ale/ros2_ws/install/oculus_interfaces:/opt/ros/jazzy/opt/gz_math_vendor:/opt/ros/jazzy/opt/gz_utils_vendor:/opt/ros/jazzy/opt/gz_cmake_vendor:/opt/ros/jazzy DEBUGINFOD_URLS=https://debuginfod.ubuntu.com /usr/bin/cmake --install /home/ale/tutorials/stonefish-learning/stonefish_ws/build/bluerov2_sim
[68.969s] Level 1:colcon.colcon_core.environment:checking '/home/ale/tutorials/stonefish-learning/stonefish_ws/install/bluerov2_sim' for CMake config files
[68.969s] Level 1:colcon.colcon_core.shell:create_environment_hook('bluerov2_sim', 'cmake_prefix_path')
[68.969s] INFO:colcon.colcon_core.shell:Creating environment hook '/home/ale/tutorials/stonefish-learning/stonefish_ws/install/bluerov2_sim/share/bluerov2_sim/hook/cmake_prefix_path.ps1'
[68.970s] INFO:colcon.colcon_core.shell:Creating environment descriptor '/home/ale/tutorials/stonefish-learning/stonefish_ws/install/bluerov2_sim/share/bluerov2_sim/hook/cmake_prefix_path.dsv'
[68.970s] INFO:colcon.colcon_core.shell:Creating environment hook '/home/ale/tutorials/stonefish-learning/stonefish_ws/install/bluerov2_sim/share/bluerov2_sim/hook/cmake_prefix_path.sh'
[68.971s] Level 1:colcon.colcon_core.environment:checking '/home/ale/tutorials/stonefish-learning/stonefish_ws/install/bluerov2_sim/bin'
[68.971s] Level 1:colcon.colcon_core.environment:checking '/home/ale/tutorials/stonefish-learning/stonefish_ws/install/bluerov2_sim/lib/pkgconfig/bluerov2_sim.pc'
[68.971s] Level 1:colcon.colcon_core.environment:checking '/home/ale/tutorials/stonefish-learning/stonefish_ws/install/bluerov2_sim/lib/python3.12/site-packages'
[68.972s] Level 1:colcon.colcon_core.environment:checking '/home/ale/tutorials/stonefish-learning/stonefish_ws/install/bluerov2_sim/bin'
[68.972s] INFO:colcon.colcon_core.shell:Creating package script '/home/ale/tutorials/stonefish-learning/stonefish_ws/install/bluerov2_sim/share/bluerov2_sim/package.ps1'
[68.973s] INFO:colcon.colcon_core.shell:Creating package descriptor '/home/ale/tutorials/stonefish-learning/stonefish_ws/install/bluerov2_sim/share/bluerov2_sim/package.dsv'
[68.973s] INFO:colcon.colcon_core.shell:Creating package script '/home/ale/tutorials/stonefish-learning/stonefish_ws/install/bluerov2_sim/share/bluerov2_sim/package.sh'
[68.974s] INFO:colcon.colcon_core.shell:Creating package script '/home/ale/tutorials/stonefish-learning/stonefish_ws/install/bluerov2_sim/share/bluerov2_sim/package.bash'
[68.974s] INFO:colcon.colcon_core.shell:Creating package script '/home/ale/tutorials/stonefish-learning/stonefish_ws/install/bluerov2_sim/share/bluerov2_sim/package.zsh'
[68.974s] Level 1:colcon.colcon_core.environment:create_file_with_runtime_dependencies(/home/ale/tutorials/stonefish-learning/stonefish_ws/install/bluerov2_sim/share/colcon-core/packages/bluerov2_sim)
[68.975s] Level 1:colcon.colcon_core.environment:create_environment_scripts_only(bluerov2_sim)
[68.975s] Level 1:colcon.colcon_core.environment:checking '/home/ale/tutorials/stonefish-learning/stonefish_ws/install/bluerov2_sim' for CMake module files
[68.975s] Level 1:colcon.colcon_core.environment:checking '/home/ale/tutorials/stonefish-learning/stonefish_ws/install/bluerov2_sim' for CMake config files
[68.976s] Level 1:colcon.colcon_core.shell:create_environment_hook('bluerov2_sim', 'cmake_prefix_path')
[68.976s] INFO:colcon.colcon_core.shell:Creating environment hook '/home/ale/tutorials/stonefish-learning/stonefish_ws/install/bluerov2_sim/share/bluerov2_sim/hook/cmake_prefix_path.ps1'
[68.976s] INFO:colcon.colcon_core.shell:Creating environment descriptor '/home/ale/tutorials/stonefish-learning/stonefish_ws/install/bluerov2_sim/share/bluerov2_sim/hook/cmake_prefix_path.dsv'
[68.977s] INFO:colcon.colcon_core.shell:Creating environment hook '/home/ale/tutorials/stonefish-learning/stonefish_ws/install/bluerov2_sim/share/bluerov2_sim/hook/cmake_prefix_path.sh'
[68.977s] Level 1:colcon.colcon_core.environment:checking '/home/ale/tutorials/stonefish-learning/stonefish_ws/install/bluerov2_sim/bin'
[68.977s] Level 1:colcon.colcon_core.environment:checking '/home/ale/tutorials/stonefish-learning/stonefish_ws/install/bluerov2_sim/lib/pkgconfig/bluerov2_sim.pc'
[68.978s] Level 1:colcon.colcon_core.environment:checking '/home/ale/tutorials/stonefish-learning/stonefish_ws/install/bluerov2_sim/lib/python3.12/site-packages'
[68.978s] Level 1:colcon.colcon_core.environment:checking '/home/ale/tutorials/stonefish-learning/stonefish_ws/install/bluerov2_sim/bin'
[68.978s] INFO:colcon.colcon_core.shell:Creating package script '/home/ale/tutorials/stonefish-learning/stonefish_ws/install/bluerov2_sim/share/bluerov2_sim/package.ps1'
[68.979s] INFO:colcon.colcon_core.shell:Creating package descriptor '/home/ale/tutorials/stonefish-learning/stonefish_ws/install/bluerov2_sim/share/bluerov2_sim/package.dsv'
[68.979s] INFO:colcon.colcon_core.shell:Creating package script '/home/ale/tutorials/stonefish-learning/stonefish_ws/install/bluerov2_sim/share/bluerov2_sim/package.sh'
[68.980s] INFO:colcon.colcon_core.shell:Creating package script '/home/ale/tutorials/stonefish-learning/stonefish_ws/install/bluerov2_sim/share/bluerov2_sim/package.bash'
[68.980s] INFO:colcon.colcon_core.shell:Creating package script '/home/ale/tutorials/stonefish-learning/stonefish_ws/install/bluerov2_sim/share/bluerov2_sim/package.zsh'
[68.980s] Level 1:colcon.colcon_core.environment:create_file_with_runtime_dependencies(/home/ale/tutorials/stonefish-learning/stonefish_ws/install/bluerov2_sim/share/colcon-core/packages/bluerov2_sim)
[68.981s] DEBUG:colcon.colcon_parallel_executor.executor.parallel:closing loop
[68.981s] DEBUG:colcon.colcon_parallel_executor.executor.parallel:loop closed
[68.981s] DEBUG:colcon.colcon_parallel_executor.executor.parallel:run_until_complete finished with '0'
[68.981s] DEBUG:colcon.colcon_core.event_reactor:joining thread
[68.989s] INFO:colcon.colcon_core.plugin_system:Skipping extension 'colcon_notification.desktop_notification.terminal_notifier': Not used on non-Darwin systems
[68.989s] INFO:colcon.colcon_core.plugin_system:Skipping extension 'colcon_notification.desktop_notification.win32': Not used on non-Windows systems
[68.989s] INFO:colcon.colcon_notification.desktop_notification:Sending desktop notification using 'notify2'
[69.013s] DEBUG:colcon.colcon_core.event_reactor:joined thread
[69.013s] INFO:colcon.colcon_core.shell:Creating prefix script '/home/ale/tutorials/stonefish-learning/stonefish_ws/install/local_setup.ps1'
[69.014s] INFO:colcon.colcon_core.shell:Creating prefix util module '/home/ale/tutorials/stonefish-learning/stonefish_ws/install/_local_setup_util_ps1.py'
[69.015s] INFO:colcon.colcon_core.shell:Creating prefix chain script '/home/ale/tutorials/stonefish-learning/stonefish_ws/install/setup.ps1'
[69.016s] INFO:colcon.colcon_core.shell:Creating prefix script '/home/ale/tutorials/stonefish-learning/stonefish_ws/install/local_setup.sh'
[69.017s] INFO:colcon.colcon_core.shell:Creating prefix util module '/home/ale/tutorials/stonefish-learning/stonefish_ws/install/_local_setup_util_sh.py'
[69.018s] INFO:colcon.colcon_core.shell:Creating prefix chain script '/home/ale/tutorials/stonefish-learning/stonefish_ws/install/setup.sh'
[69.019s] INFO:colcon.colcon_core.shell:Creating prefix script '/home/ale/tutorials/stonefish-learning/stonefish_ws/install/local_setup.bash'
[69.019s] INFO:colcon.colcon_core.shell:Creating prefix chain script '/home/ale/tutorials/stonefish-learning/stonefish_ws/install/setup.bash'
[69.020s] INFO:colcon.colcon_core.shell:Creating prefix script '/home/ale/tutorials/stonefish-learning/stonefish_ws/install/local_setup.zsh'
[69.021s] INFO:colcon.colcon_core.shell:Creating prefix chain script '/home/ale/tutorials/stonefish-learning/stonefish_ws/install/setup.zsh'
