[0.011s] Invoking command in '/home/ale/tutorials/stonefish-learning/stonefish_ws/build/stonefish_ros2': CMAKE_PREFIX_PATH=${CMAKE_PREFIX_PATH}:/opt/ros/jazzy DEBUGINFOD_URLS=https://debuginfod.ubuntu.com /usr/bin/cmake --build /home/ale/tutorials/stonefish-learning/stonefish_ws/build/stonefish_ros2 -- -j16 -l16
[0.120s] [  1%] Built target stonefish_ros2__rosidl_generator_type_description
[0.142s] [  1%] Built target ament_cmake_python_copy_stonefish_ros2
[0.157s] [  1%] Built target stonefish_ros2__cpp
[0.176s] [ 26%] Built target stonefish_ros2__rosidl_generator_c
[0.198s] [ 35%] Built target stonefish_ros2__rosidl_typesupport_c
[0.200s] [ 44%] Built target stonefish_ros2__rosidl_typesupport_fastrtps_c
[0.209s] [ 63%] Built target stonefish_ros2__rosidl_typesupport_introspection_c
[0.209s] [ 63%] Built target stonefish_ros2__rosidl_typesupport_cpp
[0.210s] [ 80%] Built target stonefish_ros2__rosidl_typesupport_introspection_cpp
[0.210s] [ 81%] Built target stonefish_ros2__rosidl_typesupport_fastrtps_cpp
[0.230s] [ 81%] Built target stonefish_ros2
[0.268s] [ 84%] Built target stonefish_ros2_interface
[0.268s] [ 85%] Built target stonefish_ros2__py
[0.288s] running egg_info
[0.296s] writing stonefish_ros2.egg-info/PKG-INFO
[0.296s] writing dependency_links to stonefish_ros2.egg-info/dependency_links.txt
[0.296s] writing top-level names to stonefish_ros2.egg-info/top_level.txt
[0.318s] reading manifest file 'stonefish_ros2.egg-info/SOURCES.txt'
[0.318s] writing manifest file 'stonefish_ros2.egg-info/SOURCES.txt'
[0.322s] [ 86%] Built target stonefish_simulator
[0.330s] [ 88%] Built target stonefish_simulator_nogpu
[0.345s] [ 88%] Built target ament_cmake_python_build_stonefish_ros2_egg
[0.375s] [ 96%] Built target stonefish_ros2__rosidl_generator_py
[0.396s] [ 98%] Built target stonefish_ros2_s__rosidl_typesupport_c
[0.405s] [ 99%] Built target stonefish_ros2_s__rosidl_typesupport_introspection_c
[0.413s] [100%] Built target stonefish_ros2_s__rosidl_typesupport_fastrtps_c
[0.432s] Invoked command in '/home/ale/tutorials/stonefish-learning/stonefish_ws/build/stonefish_ros2' returned '0': CMAKE_PREFIX_PATH=${CMAKE_PREFIX_PATH}:/opt/ros/jazzy DEBUGINFOD_URLS=https://debuginfod.ubuntu.com /usr/bin/cmake --build /home/ale/tutorials/stonefish-learning/stonefish_ws/build/stonefish_ros2 -- -j16 -l16
[0.448s] Invoking command in '/home/ale/tutorials/stonefish-learning/stonefish_ws/build/stonefish_ros2': CMAKE_PREFIX_PATH=${CMAKE_PREFIX_PATH}:/opt/ros/jazzy DEBUGINFOD_URLS=https://debuginfod.ubuntu.com /usr/bin/cmake --install /home/ale/tutorials/stonefish-learning/stonefish_ws/build/stonefish_ros2
[0.460s] -- Install configuration: ""
[0.460s] -- Up-to-date: /home/ale/tutorials/stonefish-learning/stonefish_ws/install/stonefish_ros2/share/ament_index/resource_index/rosidl_interfaces/stonefish_ros2
[0.460s] -- Up-to-date: /home/ale/tutorials/stonefish-learning/stonefish_ws/install/stonefish_ros2/share/stonefish_ros2/msg/Int32Stamped.json
[0.461s] -- Up-to-date: /home/ale/tutorials/stonefish-learning/stonefish_ws/install/stonefish_ros2/share/stonefish_ros2/msg/BeaconInfo.json
[0.461s] -- Up-to-date: /home/ale/tutorials/stonefish-learning/stonefish_ws/install/stonefish_ros2/share/stonefish_ros2/msg/NEDPose.json
[0.461s] -- Up-to-date: /home/ale/tutorials/stonefish-learning/stonefish_ws/install/stonefish_ros2/share/stonefish_ros2/msg/INS.json
[0.461s] -- Up-to-date: /home/ale/tutorials/stonefish-learning/stonefish_ws/install/stonefish_ros2/share/stonefish_ros2/msg/DVLBeam.json
[0.461s] -- Up-to-date: /home/ale/tutorials/stonefish-learning/stonefish_ws/install/stonefish_ros2/share/stonefish_ros2/msg/DVL.json
[0.461s] -- Up-to-date: /home/ale/tutorials/stonefish-learning/stonefish_ws/install/stonefish_ros2/share/stonefish_ros2/msg/ThrusterState.json
[0.461s] -- Up-to-date: /home/ale/tutorials/stonefish-learning/stonefish_ws/install/stonefish_ros2/share/stonefish_ros2/msg/DebugPhysics.json
[0.461s] -- Up-to-date: /home/ale/tutorials/stonefish-learning/stonefish_ws/install/stonefish_ros2/share/stonefish_ros2/msg/Event.json
[0.461s] -- Up-to-date: /home/ale/tutorials/stonefish-learning/stonefish_ws/install/stonefish_ros2/share/stonefish_ros2/msg/EventArray.json
[0.461s] -- Up-to-date: /home/ale/tutorials/stonefish-learning/stonefish_ws/install/stonefish_ros2/share/stonefish_ros2/srv/SonarSettings.json
[0.461s] -- Up-to-date: /home/ale/tutorials/stonefish-learning/stonefish_ws/install/stonefish_ros2/share/stonefish_ros2/srv/SonarSettings2.json
[0.461s] -- Up-to-date: /home/ale/tutorials/stonefish-learning/stonefish_ws/install/stonefish_ros2/share/stonefish_ros2/srv/Respawn.json
[0.462s] -- Up-to-date: /home/ale/tutorials/stonefish-learning/stonefish_ws/install/stonefish_ros2/include/stonefish_ros2/stonefish_ros2
[0.462s] -- Up-to-date: /home/ale/tutorials/stonefish-learning/stonefish_ws/install/stonefish_ros2/include/stonefish_ros2/stonefish_ros2/srv
[0.462s] -- Up-to-date: /home/ale/tutorials/stonefish-learning/stonefish_ws/install/stonefish_ros2/include/stonefish_ros2/stonefish_ros2/srv/respawn.h
[0.462s] -- Up-to-date: /home/ale/tutorials/stonefish-learning/stonefish_ws/install/stonefish_ros2/include/stonefish_ros2/stonefish_ros2/srv/sonar_settings2.h
[0.462s] -- Up-to-date: /home/ale/tutorials/stonefish-learning/stonefish_ws/install/stonefish_ros2/include/stonefish_ros2/stonefish_ros2/srv/sonar_settings.h
[0.462s] -- Up-to-date: /home/ale/tutorials/stonefish-learning/stonefish_ws/install/stonefish_ros2/include/stonefish_ros2/stonefish_ros2/srv/detail
[0.462s] -- Up-to-date: /home/ale/tutorials/stonefish-learning/stonefish_ws/install/stonefish_ros2/include/stonefish_ros2/stonefish_ros2/srv/detail/respawn__struct.h
[0.462s] -- Up-to-date: /home/ale/tutorials/stonefish-learning/stonefish_ws/install/stonefish_ros2/include/stonefish_ros2/stonefish_ros2/srv/detail/sonar_settings2__type_support.h
[0.462s] -- Up-to-date: /home/ale/tutorials/stonefish-learning/stonefish_ws/install/stonefish_ros2/include/stonefish_ros2/stonefish_ros2/srv/detail/sonar_settings__struct.h
[0.462s] -- Up-to-date: /home/ale/tutorials/stonefish-learning/stonefish_ws/install/stonefish_ros2/include/stonefish_ros2/stonefish_ros2/srv/detail/sonar_settings__type_support.c
[0.462s] -- Up-to-date: /home/ale/tutorials/stonefish-learning/stonefish_ws/install/stonefish_ros2/include/stonefish_ros2/stonefish_ros2/srv/detail/respawn__functions.c
[0.462s] -- Up-to-date: /home/ale/tutorials/stonefish-learning/stonefish_ws/install/stonefish_ros2/include/stonefish_ros2/stonefish_ros2/srv/detail/sonar_settings__description.c
[0.462s] -- Up-to-date: /home/ale/tutorials/stonefish-learning/stonefish_ws/install/stonefish_ros2/include/stonefish_ros2/stonefish_ros2/srv/detail/respawn__description.c
[0.462s] -- Up-to-date: /home/ale/tutorials/stonefish-learning/stonefish_ws/install/stonefish_ros2/include/stonefish_ros2/stonefish_ros2/srv/detail/sonar_settings__type_support.h
[0.462s] -- Up-to-date: /home/ale/tutorials/stonefish-learning/stonefish_ws/install/stonefish_ros2/include/stonefish_ros2/stonefish_ros2/srv/detail/sonar_settings__functions.h
[0.463s] -- Up-to-date: /home/ale/tutorials/stonefish-learning/stonefish_ws/install/stonefish_ros2/include/stonefish_ros2/stonefish_ros2/srv/detail/sonar_settings__functions.c
[0.463s] -- Up-to-date: /home/ale/tutorials/stonefish-learning/stonefish_ws/install/stonefish_ros2/include/stonefish_ros2/stonefish_ros2/srv/detail/sonar_settings2__description.c
[0.463s] -- Up-to-date: /home/ale/tutorials/stonefish-learning/stonefish_ws/install/stonefish_ros2/include/stonefish_ros2/stonefish_ros2/srv/detail/sonar_settings2__struct.h
[0.463s] -- Up-to-date: /home/ale/tutorials/stonefish-learning/stonefish_ws/install/stonefish_ros2/include/stonefish_ros2/stonefish_ros2/srv/detail/respawn__type_support.c
[0.463s] -- Up-to-date: /home/ale/tutorials/stonefish-learning/stonefish_ws/install/stonefish_ros2/include/stonefish_ros2/stonefish_ros2/srv/detail/sonar_settings2__type_support.c
[0.463s] -- Up-to-date: /home/ale/tutorials/stonefish-learning/stonefish_ws/install/stonefish_ros2/include/stonefish_ros2/stonefish_ros2/srv/detail/sonar_settings2__functions.c
[0.463s] -- Up-to-date: /home/ale/tutorials/stonefish-learning/stonefish_ws/install/stonefish_ros2/include/stonefish_ros2/stonefish_ros2/srv/detail/sonar_settings2__functions.h
[0.463s] -- Up-to-date: /home/ale/tutorials/stonefish-learning/stonefish_ws/install/stonefish_ros2/include/stonefish_ros2/stonefish_ros2/srv/detail/respawn__functions.h
[0.463s] -- Up-to-date: /home/ale/tutorials/stonefish-learning/stonefish_ws/install/stonefish_ros2/include/stonefish_ros2/stonefish_ros2/srv/detail/respawn__type_support.h
[0.463s] -- Up-to-date: /home/ale/tutorials/stonefish-learning/stonefish_ws/install/stonefish_ros2/include/stonefish_ros2/stonefish_ros2/msg
[0.463s] -- Up-to-date: /home/ale/tutorials/stonefish-learning/stonefish_ws/install/stonefish_ros2/include/stonefish_ros2/stonefish_ros2/msg/event_array.h
[0.463s] -- Up-to-date: /home/ale/tutorials/stonefish-learning/stonefish_ws/install/stonefish_ros2/include/stonefish_ros2/stonefish_ros2/msg/debug_physics.h
[0.463s] -- Up-to-date: /home/ale/tutorials/stonefish-learning/stonefish_ws/install/stonefish_ros2/include/stonefish_ros2/stonefish_ros2/msg/rosidl_generator_c__visibility_control.h
[0.463s] -- Up-to-date: /home/ale/tutorials/stonefish-learning/stonefish_ws/install/stonefish_ros2/include/stonefish_ros2/stonefish_ros2/msg/ins.h
[0.463s] -- Up-to-date: /home/ale/tutorials/stonefish-learning/stonefish_ws/install/stonefish_ros2/include/stonefish_ros2/stonefish_ros2/msg/beacon_info.h
[0.464s] -- Up-to-date: /home/ale/tutorials/stonefish-learning/stonefish_ws/install/stonefish_ros2/include/stonefish_ros2/stonefish_ros2/msg/dvl.h
[0.464s] -- Up-to-date: /home/ale/tutorials/stonefish-learning/stonefish_ws/install/stonefish_ros2/include/stonefish_ros2/stonefish_ros2/msg/dvl_beam.h
[0.464s] -- Up-to-date: /home/ale/tutorials/stonefish-learning/stonefish_ws/install/stonefish_ros2/include/stonefish_ros2/stonefish_ros2/msg/thruster_state.h
[0.464s] -- Up-to-date: /home/ale/tutorials/stonefish-learning/stonefish_ws/install/stonefish_ros2/include/stonefish_ros2/stonefish_ros2/msg/int32_stamped.h
[0.464s] -- Up-to-date: /home/ale/tutorials/stonefish-learning/stonefish_ws/install/stonefish_ros2/include/stonefish_ros2/stonefish_ros2/msg/detail
[0.464s] -- Up-to-date: /home/ale/tutorials/stonefish-learning/stonefish_ws/install/stonefish_ros2/include/stonefish_ros2/stonefish_ros2/msg/detail/dvl__description.c
[0.464s] -- Up-to-date: /home/ale/tutorials/stonefish-learning/stonefish_ws/install/stonefish_ros2/include/stonefish_ros2/stonefish_ros2/msg/detail/thruster_state__functions.c
[0.464s] -- Up-to-date: /home/ale/tutorials/stonefish-learning/stonefish_ws/install/stonefish_ros2/include/stonefish_ros2/stonefish_ros2/msg/detail/debug_physics__functions.c
[0.464s] -- Up-to-date: /home/ale/tutorials/stonefish-learning/stonefish_ws/install/stonefish_ros2/include/stonefish_ros2/stonefish_ros2/msg/detail/ned_pose__type_support.c
[0.464s] -- Up-to-date: /home/ale/tutorials/stonefish-learning/stonefish_ws/install/stonefish_ros2/include/stonefish_ros2/stonefish_ros2/msg/detail/event_array__struct.h
[0.464s] -- Up-to-date: /home/ale/tutorials/stonefish-learning/stonefish_ws/install/stonefish_ros2/include/stonefish_ros2/stonefish_ros2/msg/detail/dvl__type_support.c
[0.464s] -- Up-to-date: /home/ale/tutorials/stonefish-learning/stonefish_ws/install/stonefish_ros2/include/stonefish_ros2/stonefish_ros2/msg/detail/beacon_info__functions.h
[0.464s] -- Up-to-date: /home/ale/tutorials/stonefish-learning/stonefish_ws/install/stonefish_ros2/include/stonefish_ros2/stonefish_ros2/msg/detail/event_array__functions.h
[0.464s] -- Up-to-date: /home/ale/tutorials/stonefish-learning/stonefish_ws/install/stonefish_ros2/include/stonefish_ros2/stonefish_ros2/msg/detail/thruster_state__type_support.c
[0.464s] -- Up-to-date: /home/ale/tutorials/stonefish-learning/stonefish_ws/install/stonefish_ros2/include/stonefish_ros2/stonefish_ros2/msg/detail/int32_stamped__description.c
[0.465s] -- Up-to-date: /home/ale/tutorials/stonefish-learning/stonefish_ws/install/stonefish_ros2/include/stonefish_ros2/stonefish_ros2/msg/detail/ins__description.c
[0.465s] -- Up-to-date: /home/ale/tutorials/stonefish-learning/stonefish_ws/install/stonefish_ros2/include/stonefish_ros2/stonefish_ros2/msg/detail/dvl_beam__type_support.h
[0.465s] -- Up-to-date: /home/ale/tutorials/stonefish-learning/stonefish_ws/install/stonefish_ros2/include/stonefish_ros2/stonefish_ros2/msg/detail/thruster_state__struct.h
[0.465s] -- Up-to-date: /home/ale/tutorials/stonefish-learning/stonefish_ws/install/stonefish_ros2/include/stonefish_ros2/stonefish_ros2/msg/detail/event__functions.h
[0.465s] -- Up-to-date: /home/ale/tutorials/stonefish-learning/stonefish_ws/install/stonefish_ros2/include/stonefish_ros2/stonefish_ros2/msg/detail/ins__functions.c
[0.465s] -- Up-to-date: /home/ale/tutorials/stonefish-learning/stonefish_ws/install/stonefish_ros2/include/stonefish_ros2/stonefish_ros2/msg/detail/debug_physics__functions.h
[0.465s] -- Up-to-date: /home/ale/tutorials/stonefish-learning/stonefish_ws/install/stonefish_ros2/include/stonefish_ros2/stonefish_ros2/msg/detail/dvl__type_support.h
[0.465s] -- Up-to-date: /home/ale/tutorials/stonefish-learning/stonefish_ws/install/stonefish_ros2/include/stonefish_ros2/stonefish_ros2/msg/detail/beacon_info__type_support.h
[0.465s] -- Up-to-date: /home/ale/tutorials/stonefish-learning/stonefish_ws/install/stonefish_ros2/include/stonefish_ros2/stonefish_ros2/msg/detail/event_array__description.c
[0.465s] -- Up-to-date: /home/ale/tutorials/stonefish-learning/stonefish_ws/install/stonefish_ros2/include/stonefish_ros2/stonefish_ros2/msg/detail/ned_pose__functions.h
[0.465s] -- Up-to-date: /home/ale/tutorials/stonefish-learning/stonefish_ws/install/stonefish_ros2/include/stonefish_ros2/stonefish_ros2/msg/detail/debug_physics__type_support.h
[0.465s] -- Up-to-date: /home/ale/tutorials/stonefish-learning/stonefish_ws/install/stonefish_ros2/include/stonefish_ros2/stonefish_ros2/msg/detail/event__type_support.c
[0.465s] -- Up-to-date: /home/ale/tutorials/stonefish-learning/stonefish_ws/install/stonefish_ros2/include/stonefish_ros2/stonefish_ros2/msg/detail/debug_physics__struct.h
[0.465s] -- Up-to-date: /home/ale/tutorials/stonefish-learning/stonefish_ws/install/stonefish_ros2/include/stonefish_ros2/stonefish_ros2/msg/detail/ned_pose__functions.c
[0.465s] -- Up-to-date: /home/ale/tutorials/stonefish-learning/stonefish_ws/install/stonefish_ros2/include/stonefish_ros2/stonefish_ros2/msg/detail/dvl_beam__functions.c
[0.465s] -- Up-to-date: /home/ale/tutorials/stonefish-learning/stonefish_ws/install/stonefish_ros2/include/stonefish_ros2/stonefish_ros2/msg/detail/ned_pose__struct.h
[0.466s] -- Up-to-date: /home/ale/tutorials/stonefish-learning/stonefish_ws/install/stonefish_ros2/include/stonefish_ros2/stonefish_ros2/msg/detail/thruster_state__description.c
[0.466s] -- Up-to-date: /home/ale/tutorials/stonefish-learning/stonefish_ws/install/stonefish_ros2/include/stonefish_ros2/stonefish_ros2/msg/detail/event__struct.h
[0.466s] -- Up-to-date: /home/ale/tutorials/stonefish-learning/stonefish_ws/install/stonefish_ros2/include/stonefish_ros2/stonefish_ros2/msg/detail/dvl_beam__description.c
[0.466s] -- Up-to-date: /home/ale/tutorials/stonefish-learning/stonefish_ws/install/stonefish_ros2/include/stonefish_ros2/stonefish_ros2/msg/detail/int32_stamped__functions.c
[0.466s] -- Up-to-date: /home/ale/tutorials/stonefish-learning/stonefish_ws/install/stonefish_ros2/include/stonefish_ros2/stonefish_ros2/msg/detail/int32_stamped__functions.h
[0.466s] -- Up-to-date: /home/ale/tutorials/stonefish-learning/stonefish_ws/install/stonefish_ros2/include/stonefish_ros2/stonefish_ros2/msg/detail/thruster_state__functions.h
[0.466s] -- Up-to-date: /home/ale/tutorials/stonefish-learning/stonefish_ws/install/stonefish_ros2/include/stonefish_ros2/stonefish_ros2/msg/detail/event__type_support.h
[0.466s] -- Up-to-date: /home/ale/tutorials/stonefish-learning/stonefish_ws/install/stonefish_ros2/include/stonefish_ros2/stonefish_ros2/msg/detail/ins__type_support.c
[0.466s] -- Up-to-date: /home/ale/tutorials/stonefish-learning/stonefish_ws/install/stonefish_ros2/include/stonefish_ros2/stonefish_ros2/msg/detail/ins__type_support.h
[0.466s] -- Up-to-date: /home/ale/tutorials/stonefish-learning/stonefish_ws/install/stonefish_ros2/include/stonefish_ros2/stonefish_ros2/msg/detail/dvl_beam__functions.h
[0.466s] -- Up-to-date: /home/ale/tutorials/stonefish-learning/stonefish_ws/install/stonefish_ros2/include/stonefish_ros2/stonefish_ros2/msg/detail/int32_stamped__type_support.h
[0.466s] -- Up-to-date: /home/ale/tutorials/stonefish-learning/stonefish_ws/install/stonefish_ros2/include/stonefish_ros2/stonefish_ros2/msg/detail/event_array__type_support.h
[0.466s] -- Up-to-date: /home/ale/tutorials/stonefish-learning/stonefish_ws/install/stonefish_ros2/include/stonefish_ros2/stonefish_ros2/msg/detail/ned_pose__description.c
[0.466s] -- Up-to-date: /home/ale/tutorials/stonefish-learning/stonefish_ws/install/stonefish_ros2/include/stonefish_ros2/stonefish_ros2/msg/detail/event_array__functions.c
[0.466s] -- Up-to-date: /home/ale/tutorials/stonefish-learning/stonefish_ws/install/stonefish_ros2/include/stonefish_ros2/stonefish_ros2/msg/detail/beacon_info__type_support.c
[0.467s] -- Up-to-date: /home/ale/tutorials/stonefish-learning/stonefish_ws/install/stonefish_ros2/include/stonefish_ros2/stonefish_ros2/msg/detail/ned_pose__type_support.h
[0.467s] -- Up-to-date: /home/ale/tutorials/stonefish-learning/stonefish_ws/install/stonefish_ros2/include/stonefish_ros2/stonefish_ros2/msg/detail/int32_stamped__type_support.c
[0.467s] -- Up-to-date: /home/ale/tutorials/stonefish-learning/stonefish_ws/install/stonefish_ros2/include/stonefish_ros2/stonefish_ros2/msg/detail/dvl_beam__type_support.c
[0.467s] -- Up-to-date: /home/ale/tutorials/stonefish-learning/stonefish_ws/install/stonefish_ros2/include/stonefish_ros2/stonefish_ros2/msg/detail/int32_stamped__struct.h
[0.467s] -- Up-to-date: /home/ale/tutorials/stonefish-learning/stonefish_ws/install/stonefish_ros2/include/stonefish_ros2/stonefish_ros2/msg/detail/beacon_info__struct.h
[0.467s] -- Up-to-date: /home/ale/tutorials/stonefish-learning/stonefish_ws/install/stonefish_ros2/include/stonefish_ros2/stonefish_ros2/msg/detail/ins__struct.h
[0.467s] -- Up-to-date: /home/ale/tutorials/stonefish-learning/stonefish_ws/install/stonefish_ros2/include/stonefish_ros2/stonefish_ros2/msg/detail/thruster_state__type_support.h
[0.467s] -- Up-to-date: /home/ale/tutorials/stonefish-learning/stonefish_ws/install/stonefish_ros2/include/stonefish_ros2/stonefish_ros2/msg/detail/event__description.c
[0.467s] -- Up-to-date: /home/ale/tutorials/stonefish-learning/stonefish_ws/install/stonefish_ros2/include/stonefish_ros2/stonefish_ros2/msg/detail/dvl_beam__struct.h
[0.467s] -- Up-to-date: /home/ale/tutorials/stonefish-learning/stonefish_ws/install/stonefish_ros2/include/stonefish_ros2/stonefish_ros2/msg/detail/debug_physics__description.c
[0.467s] -- Up-to-date: /home/ale/tutorials/stonefish-learning/stonefish_ws/install/stonefish_ros2/include/stonefish_ros2/stonefish_ros2/msg/detail/debug_physics__type_support.c
[0.467s] -- Up-to-date: /home/ale/tutorials/stonefish-learning/stonefish_ws/install/stonefish_ros2/include/stonefish_ros2/stonefish_ros2/msg/detail/beacon_info__description.c
[0.467s] -- Up-to-date: /home/ale/tutorials/stonefish-learning/stonefish_ws/install/stonefish_ros2/include/stonefish_ros2/stonefish_ros2/msg/detail/event_array__type_support.c
[0.467s] -- Up-to-date: /home/ale/tutorials/stonefish-learning/stonefish_ws/install/stonefish_ros2/include/stonefish_ros2/stonefish_ros2/msg/detail/beacon_info__functions.c
[0.467s] -- Up-to-date: /home/ale/tutorials/stonefish-learning/stonefish_ws/install/stonefish_ros2/include/stonefish_ros2/stonefish_ros2/msg/detail/dvl__functions.h
[0.468s] -- Up-to-date: /home/ale/tutorials/stonefish-learning/stonefish_ws/install/stonefish_ros2/include/stonefish_ros2/stonefish_ros2/msg/detail/ins__functions.h
[0.468s] -- Up-to-date: /home/ale/tutorials/stonefish-learning/stonefish_ws/install/stonefish_ros2/include/stonefish_ros2/stonefish_ros2/msg/detail/dvl__functions.c
[0.468s] -- Up-to-date: /home/ale/tutorials/stonefish-learning/stonefish_ws/install/stonefish_ros2/include/stonefish_ros2/stonefish_ros2/msg/detail/dvl__struct.h
[0.468s] -- Up-to-date: /home/ale/tutorials/stonefish-learning/stonefish_ws/install/stonefish_ros2/include/stonefish_ros2/stonefish_ros2/msg/detail/event__functions.c
[0.468s] -- Up-to-date: /home/ale/tutorials/stonefish-learning/stonefish_ws/install/stonefish_ros2/include/stonefish_ros2/stonefish_ros2/msg/event.h
[0.468s] -- Up-to-date: /home/ale/tutorials/stonefish-learning/stonefish_ws/install/stonefish_ros2/include/stonefish_ros2/stonefish_ros2/msg/ned_pose.h
[0.468s] -- Up-to-date: /home/ale/tutorials/stonefish-learning/stonefish_ws/install/stonefish_ros2/share/stonefish_ros2/environment/library_path.sh
[0.468s] -- Up-to-date: /home/ale/tutorials/stonefish-learning/stonefish_ws/install/stonefish_ros2/share/stonefish_ros2/environment/library_path.dsv
[0.468s] -- Up-to-date: /home/ale/tutorials/stonefish-learning/stonefish_ws/install/stonefish_ros2/lib/libstonefish_ros2__rosidl_generator_c.so
[0.468s] -- Up-to-date: /home/ale/tutorials/stonefish-learning/stonefish_ws/install/stonefish_ros2/include/stonefish_ros2/stonefish_ros2
[0.468s] -- Up-to-date: /home/ale/tutorials/stonefish-learning/stonefish_ws/install/stonefish_ros2/include/stonefish_ros2/stonefish_ros2/srv
[0.468s] -- Up-to-date: /home/ale/tutorials/stonefish-learning/stonefish_ws/install/stonefish_ros2/include/stonefish_ros2/stonefish_ros2/srv/detail
[0.468s] -- Up-to-date: /home/ale/tutorials/stonefish-learning/stonefish_ws/install/stonefish_ros2/include/stonefish_ros2/stonefish_ros2/srv/detail/sonar_settings2__rosidl_typesupport_fastrtps_c.h
[0.468s] -- Up-to-date: /home/ale/tutorials/stonefish-learning/stonefish_ws/install/stonefish_ros2/include/stonefish_ros2/stonefish_ros2/srv/detail/sonar_settings__rosidl_typesupport_fastrtps_c.h
[0.468s] -- Up-to-date: /home/ale/tutorials/stonefish-learning/stonefish_ws/install/stonefish_ros2/include/stonefish_ros2/stonefish_ros2/srv/detail/respawn__rosidl_typesupport_fastrtps_c.h
[0.468s] -- Up-to-date: /home/ale/tutorials/stonefish-learning/stonefish_ws/install/stonefish_ros2/include/stonefish_ros2/stonefish_ros2/msg
[0.469s] -- Up-to-date: /home/ale/tutorials/stonefish-learning/stonefish_ws/install/stonefish_ros2/include/stonefish_ros2/stonefish_ros2/msg/rosidl_typesupport_fastrtps_c__visibility_control.h
[0.469s] -- Up-to-date: /home/ale/tutorials/stonefish-learning/stonefish_ws/install/stonefish_ros2/include/stonefish_ros2/stonefish_ros2/msg/detail
[0.469s] -- Up-to-date: /home/ale/tutorials/stonefish-learning/stonefish_ws/install/stonefish_ros2/include/stonefish_ros2/stonefish_ros2/msg/detail/event__rosidl_typesupport_fastrtps_c.h
[0.469s] -- Up-to-date: /home/ale/tutorials/stonefish-learning/stonefish_ws/install/stonefish_ros2/include/stonefish_ros2/stonefish_ros2/msg/detail/dvl_beam__rosidl_typesupport_fastrtps_c.h
[0.469s] -- Up-to-date: /home/ale/tutorials/stonefish-learning/stonefish_ws/install/stonefish_ros2/include/stonefish_ros2/stonefish_ros2/msg/detail/thruster_state__rosidl_typesupport_fastrtps_c.h
[0.469s] -- Up-to-date: /home/ale/tutorials/stonefish-learning/stonefish_ws/install/stonefish_ros2/include/stonefish_ros2/stonefish_ros2/msg/detail/ned_pose__rosidl_typesupport_fastrtps_c.h
[0.469s] -- Up-to-date: /home/ale/tutorials/stonefish-learning/stonefish_ws/install/stonefish_ros2/include/stonefish_ros2/stonefish_ros2/msg/detail/dvl__rosidl_typesupport_fastrtps_c.h
[0.469s] -- Up-to-date: /home/ale/tutorials/stonefish-learning/stonefish_ws/install/stonefish_ros2/include/stonefish_ros2/stonefish_ros2/msg/detail/debug_physics__rosidl_typesupport_fastrtps_c.h
[0.469s] -- Up-to-date: /home/ale/tutorials/stonefish-learning/stonefish_ws/install/stonefish_ros2/include/stonefish_ros2/stonefish_ros2/msg/detail/ins__rosidl_typesupport_fastrtps_c.h
[0.469s] -- Up-to-date: /home/ale/tutorials/stonefish-learning/stonefish_ws/install/stonefish_ros2/include/stonefish_ros2/stonefish_ros2/msg/detail/event_array__rosidl_typesupport_fastrtps_c.h
[0.469s] -- Up-to-date: /home/ale/tutorials/stonefish-learning/stonefish_ws/install/stonefish_ros2/include/stonefish_ros2/stonefish_ros2/msg/detail/int32_stamped__rosidl_typesupport_fastrtps_c.h
[0.469s] -- Up-to-date: /home/ale/tutorials/stonefish-learning/stonefish_ws/install/stonefish_ros2/include/stonefish_ros2/stonefish_ros2/msg/detail/beacon_info__rosidl_typesupport_fastrtps_c.h
[0.469s] -- Up-to-date: /home/ale/tutorials/stonefish-learning/stonefish_ws/install/stonefish_ros2/lib/libstonefish_ros2__rosidl_typesupport_fastrtps_c.so
[0.469s] -- Up-to-date: /home/ale/tutorials/stonefish-learning/stonefish_ws/install/stonefish_ros2/include/stonefish_ros2/stonefish_ros2
[0.469s] -- Up-to-date: /home/ale/tutorials/stonefish-learning/stonefish_ws/install/stonefish_ros2/include/stonefish_ros2/stonefish_ros2/srv
[0.470s] -- Up-to-date: /home/ale/tutorials/stonefish-learning/stonefish_ws/install/stonefish_ros2/include/stonefish_ros2/stonefish_ros2/srv/sonar_settings2.hpp
[0.470s] -- Up-to-date: /home/ale/tutorials/stonefish-learning/stonefish_ws/install/stonefish_ros2/include/stonefish_ros2/stonefish_ros2/srv/sonar_settings.hpp
[0.470s] -- Up-to-date: /home/ale/tutorials/stonefish-learning/stonefish_ws/install/stonefish_ros2/include/stonefish_ros2/stonefish_ros2/srv/detail
[0.470s] -- Up-to-date: /home/ale/tutorials/stonefish-learning/stonefish_ws/install/stonefish_ros2/include/stonefish_ros2/stonefish_ros2/srv/detail/respawn__struct.hpp
[0.470s] -- Up-to-date: /home/ale/tutorials/stonefish-learning/stonefish_ws/install/stonefish_ros2/include/stonefish_ros2/stonefish_ros2/srv/detail/respawn__type_support.hpp
[0.470s] -- Up-to-date: /home/ale/tutorials/stonefish-learning/stonefish_ws/install/stonefish_ros2/include/stonefish_ros2/stonefish_ros2/srv/detail/sonar_settings2__type_support.hpp
[0.470s] -- Up-to-date: /home/ale/tutorials/stonefish-learning/stonefish_ws/install/stonefish_ros2/include/stonefish_ros2/stonefish_ros2/srv/detail/sonar_settings2__builder.hpp
[0.470s] -- Up-to-date: /home/ale/tutorials/stonefish-learning/stonefish_ws/install/stonefish_ros2/include/stonefish_ros2/stonefish_ros2/srv/detail/respawn__traits.hpp
[0.470s] -- Up-to-date: /home/ale/tutorials/stonefish-learning/stonefish_ws/install/stonefish_ros2/include/stonefish_ros2/stonefish_ros2/srv/detail/sonar_settings__traits.hpp
[0.470s] -- Up-to-date: /home/ale/tutorials/stonefish-learning/stonefish_ws/install/stonefish_ros2/include/stonefish_ros2/stonefish_ros2/srv/detail/sonar_settings__builder.hpp
[0.470s] -- Up-to-date: /home/ale/tutorials/stonefish-learning/stonefish_ws/install/stonefish_ros2/include/stonefish_ros2/stonefish_ros2/srv/detail/sonar_settings__struct.hpp
[0.470s] -- Up-to-date: /home/ale/tutorials/stonefish-learning/stonefish_ws/install/stonefish_ros2/include/stonefish_ros2/stonefish_ros2/srv/detail/respawn__builder.hpp
[0.470s] -- Up-to-date: /home/ale/tutorials/stonefish-learning/stonefish_ws/install/stonefish_ros2/include/stonefish_ros2/stonefish_ros2/srv/detail/sonar_settings2__struct.hpp
[0.470s] -- Up-to-date: /home/ale/tutorials/stonefish-learning/stonefish_ws/install/stonefish_ros2/include/stonefish_ros2/stonefish_ros2/srv/detail/sonar_settings2__traits.hpp
[0.471s] -- Up-to-date: /home/ale/tutorials/stonefish-learning/stonefish_ws/install/stonefish_ros2/include/stonefish_ros2/stonefish_ros2/srv/detail/sonar_settings__type_support.hpp
[0.471s] -- Up-to-date: /home/ale/tutorials/stonefish-learning/stonefish_ws/install/stonefish_ros2/include/stonefish_ros2/stonefish_ros2/srv/respawn.hpp
[0.471s] -- Up-to-date: /home/ale/tutorials/stonefish-learning/stonefish_ws/install/stonefish_ros2/include/stonefish_ros2/stonefish_ros2/msg
[0.471s] -- Up-to-date: /home/ale/tutorials/stonefish-learning/stonefish_ws/install/stonefish_ros2/include/stonefish_ros2/stonefish_ros2/msg/debug_physics.hpp
[0.471s] -- Up-to-date: /home/ale/tutorials/stonefish-learning/stonefish_ws/install/stonefish_ros2/include/stonefish_ros2/stonefish_ros2/msg/ins.hpp
[0.471s] -- Up-to-date: /home/ale/tutorials/stonefish-learning/stonefish_ws/install/stonefish_ros2/include/stonefish_ros2/stonefish_ros2/msg/event.hpp
[0.471s] -- Up-to-date: /home/ale/tutorials/stonefish-learning/stonefish_ws/install/stonefish_ros2/include/stonefish_ros2/stonefish_ros2/msg/ned_pose.hpp
[0.471s] -- Up-to-date: /home/ale/tutorials/stonefish-learning/stonefish_ws/install/stonefish_ros2/include/stonefish_ros2/stonefish_ros2/msg/thruster_state.hpp
[0.471s] -- Up-to-date: /home/ale/tutorials/stonefish-learning/stonefish_ws/install/stonefish_ros2/include/stonefish_ros2/stonefish_ros2/msg/dvl.hpp
[0.471s] -- Up-to-date: /home/ale/tutorials/stonefish-learning/stonefish_ws/install/stonefish_ros2/include/stonefish_ros2/stonefish_ros2/msg/int32_stamped.hpp
[0.471s] -- Up-to-date: /home/ale/tutorials/stonefish-learning/stonefish_ws/install/stonefish_ros2/include/stonefish_ros2/stonefish_ros2/msg/event_array.hpp
[0.471s] -- Up-to-date: /home/ale/tutorials/stonefish-learning/stonefish_ws/install/stonefish_ros2/include/stonefish_ros2/stonefish_ros2/msg/dvl_beam.hpp
[0.471s] -- Up-to-date: /home/ale/tutorials/stonefish-learning/stonefish_ws/install/stonefish_ros2/include/stonefish_ros2/stonefish_ros2/msg/beacon_info.hpp
[0.471s] -- Up-to-date: /home/ale/tutorials/stonefish-learning/stonefish_ws/install/stonefish_ros2/include/stonefish_ros2/stonefish_ros2/msg/detail
[0.471s] -- Up-to-date: /home/ale/tutorials/stonefish-learning/stonefish_ws/install/stonefish_ros2/include/stonefish_ros2/stonefish_ros2/msg/detail/dvl__traits.hpp
[0.471s] -- Up-to-date: /home/ale/tutorials/stonefish-learning/stonefish_ws/install/stonefish_ros2/include/stonefish_ros2/stonefish_ros2/msg/detail/ins__type_support.hpp
[0.472s] -- Up-to-date: /home/ale/tutorials/stonefish-learning/stonefish_ws/install/stonefish_ros2/include/stonefish_ros2/stonefish_ros2/msg/detail/beacon_info__struct.hpp
[0.472s] -- Up-to-date: /home/ale/tutorials/stonefish-learning/stonefish_ws/install/stonefish_ros2/include/stonefish_ros2/stonefish_ros2/msg/detail/thruster_state__traits.hpp
[0.472s] -- Up-to-date: /home/ale/tutorials/stonefish-learning/stonefish_ws/install/stonefish_ros2/include/stonefish_ros2/stonefish_ros2/msg/detail/thruster_state__struct.hpp
[0.472s] -- Up-to-date: /home/ale/tutorials/stonefish-learning/stonefish_ws/install/stonefish_ros2/include/stonefish_ros2/stonefish_ros2/msg/detail/dvl_beam__builder.hpp
[0.472s] -- Up-to-date: /home/ale/tutorials/stonefish-learning/stonefish_ws/install/stonefish_ros2/include/stonefish_ros2/stonefish_ros2/msg/detail/int32_stamped__type_support.hpp
[0.472s] -- Up-to-date: /home/ale/tutorials/stonefish-learning/stonefish_ws/install/stonefish_ros2/include/stonefish_ros2/stonefish_ros2/msg/detail/ned_pose__type_support.hpp
[0.472s] -- Up-to-date: /home/ale/tutorials/stonefish-learning/stonefish_ws/install/stonefish_ros2/include/stonefish_ros2/stonefish_ros2/msg/detail/event__struct.hpp
[0.472s] -- Up-to-date: /home/ale/tutorials/stonefish-learning/stonefish_ws/install/stonefish_ros2/include/stonefish_ros2/stonefish_ros2/msg/detail/beacon_info__type_support.hpp
[0.472s] -- Up-to-date: /home/ale/tutorials/stonefish-learning/stonefish_ws/install/stonefish_ros2/include/stonefish_ros2/stonefish_ros2/msg/detail/thruster_state__type_support.hpp
[0.472s] -- Up-to-date: /home/ale/tutorials/stonefish-learning/stonefish_ws/install/stonefish_ros2/include/stonefish_ros2/stonefish_ros2/msg/detail/ned_pose__traits.hpp
[0.472s] -- Up-to-date: /home/ale/tutorials/stonefish-learning/stonefish_ws/install/stonefish_ros2/include/stonefish_ros2/stonefish_ros2/msg/detail/dvl__type_support.hpp
[0.472s] -- Up-to-date: /home/ale/tutorials/stonefish-learning/stonefish_ws/install/stonefish_ros2/include/stonefish_ros2/stonefish_ros2/msg/detail/debug_physics__builder.hpp
[0.472s] -- Up-to-date: /home/ale/tutorials/stonefish-learning/stonefish_ws/install/stonefish_ros2/include/stonefish_ros2/stonefish_ros2/msg/detail/event_array__type_support.hpp
[0.472s] -- Up-to-date: /home/ale/tutorials/stonefish-learning/stonefish_ws/install/stonefish_ros2/include/stonefish_ros2/stonefish_ros2/msg/detail/dvl_beam__traits.hpp
[0.472s] -- Up-to-date: /home/ale/tutorials/stonefish-learning/stonefish_ws/install/stonefish_ros2/include/stonefish_ros2/stonefish_ros2/msg/detail/event_array__traits.hpp
[0.472s] -- Up-to-date: /home/ale/tutorials/stonefish-learning/stonefish_ws/install/stonefish_ros2/include/stonefish_ros2/stonefish_ros2/msg/detail/debug_physics__traits.hpp
[0.473s] -- Up-to-date: /home/ale/tutorials/stonefish-learning/stonefish_ws/install/stonefish_ros2/include/stonefish_ros2/stonefish_ros2/msg/detail/event__builder.hpp
[0.473s] -- Up-to-date: /home/ale/tutorials/stonefish-learning/stonefish_ws/install/stonefish_ros2/include/stonefish_ros2/stonefish_ros2/msg/detail/dvl__builder.hpp
[0.473s] -- Up-to-date: /home/ale/tutorials/stonefish-learning/stonefish_ws/install/stonefish_ros2/include/stonefish_ros2/stonefish_ros2/msg/detail/ins__traits.hpp
[0.473s] -- Up-to-date: /home/ale/tutorials/stonefish-learning/stonefish_ws/install/stonefish_ros2/include/stonefish_ros2/stonefish_ros2/msg/detail/event__type_support.hpp
[0.473s] -- Up-to-date: /home/ale/tutorials/stonefish-learning/stonefish_ws/install/stonefish_ros2/include/stonefish_ros2/stonefish_ros2/msg/detail/int32_stamped__traits.hpp
[0.473s] -- Up-to-date: /home/ale/tutorials/stonefish-learning/stonefish_ws/install/stonefish_ros2/include/stonefish_ros2/stonefish_ros2/msg/detail/int32_stamped__builder.hpp
[0.473s] -- Up-to-date: /home/ale/tutorials/stonefish-learning/stonefish_ws/install/stonefish_ros2/include/stonefish_ros2/stonefish_ros2/msg/detail/beacon_info__traits.hpp
[0.473s] -- Up-to-date: /home/ale/tutorials/stonefish-learning/stonefish_ws/install/stonefish_ros2/include/stonefish_ros2/stonefish_ros2/msg/detail/event_array__builder.hpp
[0.473s] -- Up-to-date: /home/ale/tutorials/stonefish-learning/stonefish_ws/install/stonefish_ros2/include/stonefish_ros2/stonefish_ros2/msg/detail/ned_pose__builder.hpp
[0.473s] -- Up-to-date: /home/ale/tutorials/stonefish-learning/stonefish_ws/install/stonefish_ros2/include/stonefish_ros2/stonefish_ros2/msg/detail/dvl_beam__type_support.hpp
[0.473s] -- Up-to-date: /home/ale/tutorials/stonefish-learning/stonefish_ws/install/stonefish_ros2/include/stonefish_ros2/stonefish_ros2/msg/detail/ins__struct.hpp
[0.473s] -- Up-to-date: /home/ale/tutorials/stonefish-learning/stonefish_ws/install/stonefish_ros2/include/stonefish_ros2/stonefish_ros2/msg/detail/dvl__struct.hpp
[0.473s] -- Up-to-date: /home/ale/tutorials/stonefish-learning/stonefish_ws/install/stonefish_ros2/include/stonefish_ros2/stonefish_ros2/msg/detail/ins__builder.hpp
[0.473s] -- Up-to-date: /home/ale/tutorials/stonefish-learning/stonefish_ws/install/stonefish_ros2/include/stonefish_ros2/stonefish_ros2/msg/detail/dvl_beam__struct.hpp
[0.473s] -- Up-to-date: /home/ale/tutorials/stonefish-learning/stonefish_ws/install/stonefish_ros2/include/stonefish_ros2/stonefish_ros2/msg/detail/debug_physics__struct.hpp
[0.474s] -- Up-to-date: /home/ale/tutorials/stonefish-learning/stonefish_ws/install/stonefish_ros2/include/stonefish_ros2/stonefish_ros2/msg/detail/event__traits.hpp
[0.474s] -- Up-to-date: /home/ale/tutorials/stonefish-learning/stonefish_ws/install/stonefish_ros2/include/stonefish_ros2/stonefish_ros2/msg/detail/event_array__struct.hpp
[0.474s] -- Up-to-date: /home/ale/tutorials/stonefish-learning/stonefish_ws/install/stonefish_ros2/include/stonefish_ros2/stonefish_ros2/msg/detail/int32_stamped__struct.hpp
[0.474s] -- Up-to-date: /home/ale/tutorials/stonefish-learning/stonefish_ws/install/stonefish_ros2/include/stonefish_ros2/stonefish_ros2/msg/detail/debug_physics__type_support.hpp
[0.474s] -- Up-to-date: /home/ale/tutorials/stonefish-learning/stonefish_ws/install/stonefish_ros2/include/stonefish_ros2/stonefish_ros2/msg/detail/thruster_state__builder.hpp
[0.474s] -- Up-to-date: /home/ale/tutorials/stonefish-learning/stonefish_ws/install/stonefish_ros2/include/stonefish_ros2/stonefish_ros2/msg/detail/ned_pose__struct.hpp
[0.474s] -- Up-to-date: /home/ale/tutorials/stonefish-learning/stonefish_ws/install/stonefish_ros2/include/stonefish_ros2/stonefish_ros2/msg/detail/beacon_info__builder.hpp
[0.474s] -- Up-to-date: /home/ale/tutorials/stonefish-learning/stonefish_ws/install/stonefish_ros2/include/stonefish_ros2/stonefish_ros2/msg/rosidl_generator_cpp__visibility_control.hpp
[0.474s] -- Up-to-date: /home/ale/tutorials/stonefish-learning/stonefish_ws/install/stonefish_ros2/include/stonefish_ros2/stonefish_ros2
[0.474s] -- Up-to-date: /home/ale/tutorials/stonefish-learning/stonefish_ws/install/stonefish_ros2/include/stonefish_ros2/stonefish_ros2/srv
[0.474s] -- Up-to-date: /home/ale/tutorials/stonefish-learning/stonefish_ws/install/stonefish_ros2/include/stonefish_ros2/stonefish_ros2/srv/detail
[0.474s] -- Up-to-date: /home/ale/tutorials/stonefish-learning/stonefish_ws/install/stonefish_ros2/include/stonefish_ros2/stonefish_ros2/srv/detail/sonar_settings__rosidl_typesupport_fastrtps_cpp.hpp
[0.474s] -- Up-to-date: /home/ale/tutorials/stonefish-learning/stonefish_ws/install/stonefish_ros2/include/stonefish_ros2/stonefish_ros2/srv/detail/sonar_settings2__rosidl_typesupport_fastrtps_cpp.hpp
[0.474s] -- Up-to-date: /home/ale/tutorials/stonefish-learning/stonefish_ws/install/stonefish_ros2/include/stonefish_ros2/stonefish_ros2/srv/detail/respawn__rosidl_typesupport_fastrtps_cpp.hpp
[0.474s] -- Up-to-date: /home/ale/tutorials/stonefish-learning/stonefish_ws/install/stonefish_ros2/include/stonefish_ros2/stonefish_ros2/srv/detail/dds_fastrtps
[0.475s] -- Up-to-date: /home/ale/tutorials/stonefish-learning/stonefish_ws/install/stonefish_ros2/include/stonefish_ros2/stonefish_ros2/msg
[0.475s] -- Up-to-date: /home/ale/tutorials/stonefish-learning/stonefish_ws/install/stonefish_ros2/include/stonefish_ros2/stonefish_ros2/msg/rosidl_typesupport_fastrtps_cpp__visibility_control.h
[0.475s] -- Up-to-date: /home/ale/tutorials/stonefish-learning/stonefish_ws/install/stonefish_ros2/include/stonefish_ros2/stonefish_ros2/msg/detail
[0.475s] -- Up-to-date: /home/ale/tutorials/stonefish-learning/stonefish_ws/install/stonefish_ros2/include/stonefish_ros2/stonefish_ros2/msg/detail/thruster_state__rosidl_typesupport_fastrtps_cpp.hpp
[0.475s] -- Up-to-date: /home/ale/tutorials/stonefish-learning/stonefish_ws/install/stonefish_ros2/include/stonefish_ros2/stonefish_ros2/msg/detail/beacon_info__rosidl_typesupport_fastrtps_cpp.hpp
[0.475s] -- Up-to-date: /home/ale/tutorials/stonefish-learning/stonefish_ws/install/stonefish_ros2/include/stonefish_ros2/stonefish_ros2/msg/detail/dvl__rosidl_typesupport_fastrtps_cpp.hpp
[0.475s] -- Up-to-date: /home/ale/tutorials/stonefish-learning/stonefish_ws/install/stonefish_ros2/include/stonefish_ros2/stonefish_ros2/msg/detail/event_array__rosidl_typesupport_fastrtps_cpp.hpp
[0.475s] -- Up-to-date: /home/ale/tutorials/stonefish-learning/stonefish_ws/install/stonefish_ros2/include/stonefish_ros2/stonefish_ros2/msg/detail/dvl_beam__rosidl_typesupport_fastrtps_cpp.hpp
[0.475s] -- Up-to-date: /home/ale/tutorials/stonefish-learning/stonefish_ws/install/stonefish_ros2/include/stonefish_ros2/stonefish_ros2/msg/detail/ned_pose__rosidl_typesupport_fastrtps_cpp.hpp
[0.475s] -- Up-to-date: /home/ale/tutorials/stonefish-learning/stonefish_ws/install/stonefish_ros2/include/stonefish_ros2/stonefish_ros2/msg/detail/event__rosidl_typesupport_fastrtps_cpp.hpp
[0.475s] -- Up-to-date: /home/ale/tutorials/stonefish-learning/stonefish_ws/install/stonefish_ros2/include/stonefish_ros2/stonefish_ros2/msg/detail/int32_stamped__rosidl_typesupport_fastrtps_cpp.hpp
[0.475s] -- Up-to-date: /home/ale/tutorials/stonefish-learning/stonefish_ws/install/stonefish_ros2/include/stonefish_ros2/stonefish_ros2/msg/detail/ins__rosidl_typesupport_fastrtps_cpp.hpp
[0.475s] -- Up-to-date: /home/ale/tutorials/stonefish-learning/stonefish_ws/install/stonefish_ros2/include/stonefish_ros2/stonefish_ros2/msg/detail/dds_fastrtps
[0.475s] -- Up-to-date: /home/ale/tutorials/stonefish-learning/stonefish_ws/install/stonefish_ros2/include/stonefish_ros2/stonefish_ros2/msg/detail/debug_physics__rosidl_typesupport_fastrtps_cpp.hpp
[0.476s] -- Up-to-date: /home/ale/tutorials/stonefish-learning/stonefish_ws/install/stonefish_ros2/lib/libstonefish_ros2__rosidl_typesupport_fastrtps_cpp.so
[0.476s] -- Up-to-date: /home/ale/tutorials/stonefish-learning/stonefish_ws/install/stonefish_ros2/include/stonefish_ros2/stonefish_ros2
[0.476s] -- Up-to-date: /home/ale/tutorials/stonefish-learning/stonefish_ws/install/stonefish_ros2/include/stonefish_ros2/stonefish_ros2/srv
[0.476s] -- Up-to-date: /home/ale/tutorials/stonefish-learning/stonefish_ws/install/stonefish_ros2/include/stonefish_ros2/stonefish_ros2/srv/detail
[0.476s] -- Up-to-date: /home/ale/tutorials/stonefish-learning/stonefish_ws/install/stonefish_ros2/include/stonefish_ros2/stonefish_ros2/srv/detail/sonar_settings__type_support.c
[0.476s] -- Up-to-date: /home/ale/tutorials/stonefish-learning/stonefish_ws/install/stonefish_ros2/include/stonefish_ros2/stonefish_ros2/srv/detail/sonar_settings__rosidl_typesupport_introspection_c.h
[0.476s] -- Up-to-date: /home/ale/tutorials/stonefish-learning/stonefish_ws/install/stonefish_ros2/include/stonefish_ros2/stonefish_ros2/srv/detail/sonar_settings2__rosidl_typesupport_introspection_c.h
[0.476s] -- Up-to-date: /home/ale/tutorials/stonefish-learning/stonefish_ws/install/stonefish_ros2/include/stonefish_ros2/stonefish_ros2/srv/detail/respawn__type_support.c
[0.476s] -- Up-to-date: /home/ale/tutorials/stonefish-learning/stonefish_ws/install/stonefish_ros2/include/stonefish_ros2/stonefish_ros2/srv/detail/sonar_settings2__type_support.c
[0.476s] -- Up-to-date: /home/ale/tutorials/stonefish-learning/stonefish_ws/install/stonefish_ros2/include/stonefish_ros2/stonefish_ros2/srv/detail/respawn__rosidl_typesupport_introspection_c.h
[0.476s] -- Up-to-date: /home/ale/tutorials/stonefish-learning/stonefish_ws/install/stonefish_ros2/include/stonefish_ros2/stonefish_ros2/msg
[0.476s] -- Up-to-date: /home/ale/tutorials/stonefish-learning/stonefish_ws/install/stonefish_ros2/include/stonefish_ros2/stonefish_ros2/msg/rosidl_typesupport_introspection_c__visibility_control.h
[0.476s] -- Up-to-date: /home/ale/tutorials/stonefish-learning/stonefish_ws/install/stonefish_ros2/include/stonefish_ros2/stonefish_ros2/msg/detail
[0.476s] -- Up-to-date: /home/ale/tutorials/stonefish-learning/stonefish_ws/install/stonefish_ros2/include/stonefish_ros2/stonefish_ros2/msg/detail/thruster_state__rosidl_typesupport_introspection_c.h
[0.476s] -- Up-to-date: /home/ale/tutorials/stonefish-learning/stonefish_ws/install/stonefish_ros2/include/stonefish_ros2/stonefish_ros2/msg/detail/ned_pose__type_support.c
[0.476s] -- Up-to-date: /home/ale/tutorials/stonefish-learning/stonefish_ws/install/stonefish_ros2/include/stonefish_ros2/stonefish_ros2/msg/detail/dvl__type_support.c
[0.477s] -- Up-to-date: /home/ale/tutorials/stonefish-learning/stonefish_ws/install/stonefish_ros2/include/stonefish_ros2/stonefish_ros2/msg/detail/thruster_state__type_support.c
[0.477s] -- Up-to-date: /home/ale/tutorials/stonefish-learning/stonefish_ws/install/stonefish_ros2/include/stonefish_ros2/stonefish_ros2/msg/detail/ins__rosidl_typesupport_introspection_c.h
[0.477s] -- Up-to-date: /home/ale/tutorials/stonefish-learning/stonefish_ws/install/stonefish_ros2/include/stonefish_ros2/stonefish_ros2/msg/detail/dvl__rosidl_typesupport_introspection_c.h
[0.477s] -- Up-to-date: /home/ale/tutorials/stonefish-learning/stonefish_ws/install/stonefish_ros2/include/stonefish_ros2/stonefish_ros2/msg/detail/ned_pose__rosidl_typesupport_introspection_c.h
[0.477s] -- Up-to-date: /home/ale/tutorials/stonefish-learning/stonefish_ws/install/stonefish_ros2/include/stonefish_ros2/stonefish_ros2/msg/detail/event__type_support.c
[0.477s] -- Up-to-date: /home/ale/tutorials/stonefish-learning/stonefish_ws/install/stonefish_ros2/include/stonefish_ros2/stonefish_ros2/msg/detail/dvl_beam__rosidl_typesupport_introspection_c.h
[0.477s] -- Up-to-date: /home/ale/tutorials/stonefish-learning/stonefish_ws/install/stonefish_ros2/include/stonefish_ros2/stonefish_ros2/msg/detail/debug_physics__rosidl_typesupport_introspection_c.h
[0.477s] -- Up-to-date: /home/ale/tutorials/stonefish-learning/stonefish_ws/install/stonefish_ros2/include/stonefish_ros2/stonefish_ros2/msg/detail/ins__type_support.c
[0.477s] -- Up-to-date: /home/ale/tutorials/stonefish-learning/stonefish_ws/install/stonefish_ros2/include/stonefish_ros2/stonefish_ros2/msg/detail/event_array__rosidl_typesupport_introspection_c.h
[0.477s] -- Up-to-date: /home/ale/tutorials/stonefish-learning/stonefish_ws/install/stonefish_ros2/include/stonefish_ros2/stonefish_ros2/msg/detail/beacon_info__type_support.c
[0.477s] -- Up-to-date: /home/ale/tutorials/stonefish-learning/stonefish_ws/install/stonefish_ros2/include/stonefish_ros2/stonefish_ros2/msg/detail/int32_stamped__type_support.c
[0.477s] -- Up-to-date: /home/ale/tutorials/stonefish-learning/stonefish_ws/install/stonefish_ros2/include/stonefish_ros2/stonefish_ros2/msg/detail/int32_stamped__rosidl_typesupport_introspection_c.h
[0.477s] -- Up-to-date: /home/ale/tutorials/stonefish-learning/stonefish_ws/install/stonefish_ros2/include/stonefish_ros2/stonefish_ros2/msg/detail/dvl_beam__type_support.c
[0.477s] -- Up-to-date: /home/ale/tutorials/stonefish-learning/stonefish_ws/install/stonefish_ros2/include/stonefish_ros2/stonefish_ros2/msg/detail/event__rosidl_typesupport_introspection_c.h
[0.477s] -- Up-to-date: /home/ale/tutorials/stonefish-learning/stonefish_ws/install/stonefish_ros2/include/stonefish_ros2/stonefish_ros2/msg/detail/debug_physics__type_support.c
[0.478s] -- Up-to-date: /home/ale/tutorials/stonefish-learning/stonefish_ws/install/stonefish_ros2/include/stonefish_ros2/stonefish_ros2/msg/detail/beacon_info__rosidl_typesupport_introspection_c.h
[0.478s] -- Up-to-date: /home/ale/tutorials/stonefish-learning/stonefish_ws/install/stonefish_ros2/include/stonefish_ros2/stonefish_ros2/msg/detail/event_array__type_support.c
[0.478s] -- Up-to-date: /home/ale/tutorials/stonefish-learning/stonefish_ws/install/stonefish_ros2/lib/libstonefish_ros2__rosidl_typesupport_introspection_c.so
[0.478s] -- Up-to-date: /home/ale/tutorials/stonefish-learning/stonefish_ws/install/stonefish_ros2/lib/libstonefish_ros2__rosidl_typesupport_c.so
[0.478s] -- Up-to-date: /home/ale/tutorials/stonefish-learning/stonefish_ws/install/stonefish_ros2/include/stonefish_ros2/stonefish_ros2
[0.478s] -- Up-to-date: /home/ale/tutorials/stonefish-learning/stonefish_ws/install/stonefish_ros2/include/stonefish_ros2/stonefish_ros2/srv
[0.478s] -- Up-to-date: /home/ale/tutorials/stonefish-learning/stonefish_ws/install/stonefish_ros2/include/stonefish_ros2/stonefish_ros2/srv/detail
[0.478s] -- Up-to-date: /home/ale/tutorials/stonefish-learning/stonefish_ws/install/stonefish_ros2/include/stonefish_ros2/stonefish_ros2/srv/detail/sonar_settings__rosidl_typesupport_introspection_cpp.hpp
[0.478s] -- Up-to-date: /home/ale/tutorials/stonefish-learning/stonefish_ws/install/stonefish_ros2/include/stonefish_ros2/stonefish_ros2/srv/detail/respawn__rosidl_typesupport_introspection_cpp.hpp
[0.478s] -- Up-to-date: /home/ale/tutorials/stonefish-learning/stonefish_ws/install/stonefish_ros2/include/stonefish_ros2/stonefish_ros2/srv/detail/sonar_settings2__rosidl_typesupport_introspection_cpp.hpp
[0.478s] -- Up-to-date: /home/ale/tutorials/stonefish-learning/stonefish_ws/install/stonefish_ros2/include/stonefish_ros2/stonefish_ros2/srv/detail/sonar_settings2__type_support.cpp
[0.478s] -- Up-to-date: /home/ale/tutorials/stonefish-learning/stonefish_ws/install/stonefish_ros2/include/stonefish_ros2/stonefish_ros2/srv/detail/sonar_settings__type_support.cpp
[0.478s] -- Up-to-date: /home/ale/tutorials/stonefish-learning/stonefish_ws/install/stonefish_ros2/include/stonefish_ros2/stonefish_ros2/srv/detail/respawn__type_support.cpp
[0.478s] -- Up-to-date: /home/ale/tutorials/stonefish-learning/stonefish_ws/install/stonefish_ros2/include/stonefish_ros2/stonefish_ros2/msg
[0.478s] -- Up-to-date: /home/ale/tutorials/stonefish-learning/stonefish_ws/install/stonefish_ros2/include/stonefish_ros2/stonefish_ros2/msg/detail
[0.478s] -- Up-to-date: /home/ale/tutorials/stonefish-learning/stonefish_ws/install/stonefish_ros2/include/stonefish_ros2/stonefish_ros2/msg/detail/ned_pose__rosidl_typesupport_introspection_cpp.hpp
[0.479s] -- Up-to-date: /home/ale/tutorials/stonefish-learning/stonefish_ws/install/stonefish_ros2/include/stonefish_ros2/stonefish_ros2/msg/detail/debug_physics__rosidl_typesupport_introspection_cpp.hpp
[0.479s] -- Up-to-date: /home/ale/tutorials/stonefish-learning/stonefish_ws/install/stonefish_ros2/include/stonefish_ros2/stonefish_ros2/msg/detail/dvl_beam__type_support.cpp
[0.479s] -- Up-to-date: /home/ale/tutorials/stonefish-learning/stonefish_ws/install/stonefish_ros2/include/stonefish_ros2/stonefish_ros2/msg/detail/ins__type_support.cpp
[0.479s] -- Up-to-date: /home/ale/tutorials/stonefish-learning/stonefish_ws/install/stonefish_ros2/include/stonefish_ros2/stonefish_ros2/msg/detail/ins__rosidl_typesupport_introspection_cpp.hpp
[0.479s] -- Up-to-date: /home/ale/tutorials/stonefish-learning/stonefish_ws/install/stonefish_ros2/include/stonefish_ros2/stonefish_ros2/msg/detail/int32_stamped__rosidl_typesupport_introspection_cpp.hpp
[0.479s] -- Up-to-date: /home/ale/tutorials/stonefish-learning/stonefish_ws/install/stonefish_ros2/include/stonefish_ros2/stonefish_ros2/msg/detail/event__type_support.cpp
[0.479s] -- Up-to-date: /home/ale/tutorials/stonefish-learning/stonefish_ws/install/stonefish_ros2/include/stonefish_ros2/stonefish_ros2/msg/detail/event_array__rosidl_typesupport_introspection_cpp.hpp
[0.479s] -- Up-to-date: /home/ale/tutorials/stonefish-learning/stonefish_ws/install/stonefish_ros2/include/stonefish_ros2/stonefish_ros2/msg/detail/dvl_beam__rosidl_typesupport_introspection_cpp.hpp
[0.479s] -- Up-to-date: /home/ale/tutorials/stonefish-learning/stonefish_ws/install/stonefish_ros2/include/stonefish_ros2/stonefish_ros2/msg/detail/beacon_info__type_support.cpp
[0.479s] -- Up-to-date: /home/ale/tutorials/stonefish-learning/stonefish_ws/install/stonefish_ros2/include/stonefish_ros2/stonefish_ros2/msg/detail/beacon_info__rosidl_typesupport_introspection_cpp.hpp
[0.479s] -- Up-to-date: /home/ale/tutorials/stonefish-learning/stonefish_ws/install/stonefish_ros2/include/stonefish_ros2/stonefish_ros2/msg/detail/thruster_state__rosidl_typesupport_introspection_cpp.hpp
[0.479s] -- Up-to-date: /home/ale/tutorials/stonefish-learning/stonefish_ws/install/stonefish_ros2/include/stonefish_ros2/stonefish_ros2/msg/detail/dvl__type_support.cpp
[0.479s] -- Up-to-date: /home/ale/tutorials/stonefish-learning/stonefish_ws/install/stonefish_ros2/include/stonefish_ros2/stonefish_ros2/msg/detail/dvl__rosidl_typesupport_introspection_cpp.hpp
[0.479s] -- Up-to-date: /home/ale/tutorials/stonefish-learning/stonefish_ws/install/stonefish_ros2/include/stonefish_ros2/stonefish_ros2/msg/detail/ned_pose__type_support.cpp
[0.479s] -- Up-to-date: /home/ale/tutorials/stonefish-learning/stonefish_ws/install/stonefish_ros2/include/stonefish_ros2/stonefish_ros2/msg/detail/event_array__type_support.cpp
[0.479s] -- Up-to-date: /home/ale/tutorials/stonefish-learning/stonefish_ws/install/stonefish_ros2/include/stonefish_ros2/stonefish_ros2/msg/detail/int32_stamped__type_support.cpp
[0.479s] -- Up-to-date: /home/ale/tutorials/stonefish-learning/stonefish_ws/install/stonefish_ros2/include/stonefish_ros2/stonefish_ros2/msg/detail/debug_physics__type_support.cpp
[0.479s] -- Up-to-date: /home/ale/tutorials/stonefish-learning/stonefish_ws/install/stonefish_ros2/include/stonefish_ros2/stonefish_ros2/msg/detail/thruster_state__type_support.cpp
[0.479s] -- Up-to-date: /home/ale/tutorials/stonefish-learning/stonefish_ws/install/stonefish_ros2/include/stonefish_ros2/stonefish_ros2/msg/detail/event__rosidl_typesupport_introspection_cpp.hpp
[0.480s] -- Up-to-date: /home/ale/tutorials/stonefish-learning/stonefish_ws/install/stonefish_ros2/lib/libstonefish_ros2__rosidl_typesupport_introspection_cpp.so
[0.480s] -- Up-to-date: /home/ale/tutorials/stonefish-learning/stonefish_ws/install/stonefish_ros2/lib/libstonefish_ros2__rosidl_typesupport_cpp.so
[0.480s] -- Up-to-date: /home/ale/tutorials/stonefish-learning/stonefish_ws/install/stonefish_ros2/share/stonefish_ros2/environment/pythonpath.sh
[0.480s] -- Up-to-date: /home/ale/tutorials/stonefish-learning/stonefish_ws/install/stonefish_ros2/share/stonefish_ros2/environment/pythonpath.dsv
[0.480s] -- Up-to-date: /home/ale/tutorials/stonefish-learning/stonefish_ws/install/stonefish_ros2/lib/python3.12/site-packages/stonefish_ros2-1.5.0-py3.12.egg-info
[0.480s] -- Installing: /home/ale/tutorials/stonefish-learning/stonefish_ws/install/stonefish_ros2/lib/python3.12/site-packages/stonefish_ros2-1.5.0-py3.12.egg-info/dependency_links.txt
[0.480s] -- Installing: /home/ale/tutorials/stonefish-learning/stonefish_ws/install/stonefish_ros2/lib/python3.12/site-packages/stonefish_ros2-1.5.0-py3.12.egg-info/top_level.txt
[0.480s] -- Installing: /home/ale/tutorials/stonefish-learning/stonefish_ws/install/stonefish_ros2/lib/python3.12/site-packages/stonefish_ros2-1.5.0-py3.12.egg-info/SOURCES.txt
[0.480s] -- Installing: /home/ale/tutorials/stonefish-learning/stonefish_ws/install/stonefish_ros2/lib/python3.12/site-packages/stonefish_ros2-1.5.0-py3.12.egg-info/PKG-INFO
[0.480s] -- Up-to-date: /home/ale/tutorials/stonefish-learning/stonefish_ws/install/stonefish_ros2/lib/python3.12/site-packages/stonefish_ros2
[0.480s] -- Up-to-date: /home/ale/tutorials/stonefish-learning/stonefish_ws/install/stonefish_ros2/lib/python3.12/site-packages/stonefish_ros2/_stonefish_ros2_s.ep.rosidl_typesupport_introspection_c.c
[0.480s] -- Up-to-date: /home/ale/tutorials/stonefish-learning/stonefish_ws/install/stonefish_ros2/lib/python3.12/site-packages/stonefish_ros2/stonefish_ros2_s__rosidl_typesupport_introspection_c.so
[0.480s] -- Up-to-date: /home/ale/tutorials/stonefish-learning/stonefish_ws/install/stonefish_ros2/lib/python3.12/site-packages/stonefish_ros2/srv
[0.480s] -- Up-to-date: /home/ale/tutorials/stonefish-learning/stonefish_ws/install/stonefish_ros2/lib/python3.12/site-packages/stonefish_ros2/srv/_sonar_settings_s.c
[0.480s] -- Up-to-date: /home/ale/tutorials/stonefish-learning/stonefish_ws/install/stonefish_ros2/lib/python3.12/site-packages/stonefish_ros2/srv/_respawn.py
[0.480s] -- Up-to-date: /home/ale/tutorials/stonefish-learning/stonefish_ws/install/stonefish_ros2/lib/python3.12/site-packages/stonefish_ros2/srv/_sonar_settings.py
[0.480s] -- Up-to-date: /home/ale/tutorials/stonefish-learning/stonefish_ws/install/stonefish_ros2/lib/python3.12/site-packages/stonefish_ros2/srv/_respawn_s.c
[0.481s] -- Up-to-date: /home/ale/tutorials/stonefish-learning/stonefish_ws/install/stonefish_ros2/lib/python3.12/site-packages/stonefish_ros2/srv/_sonar_settings2_s.c
[0.481s] -- Up-to-date: /home/ale/tutorials/stonefish-learning/stonefish_ws/install/stonefish_ros2/lib/python3.12/site-packages/stonefish_ros2/srv/__init__.py
[0.481s] -- Up-to-date: /home/ale/tutorials/stonefish-learning/stonefish_ws/install/stonefish_ros2/lib/python3.12/site-packages/stonefish_ros2/srv/_sonar_settings2.py
[0.481s] -- Up-to-date: /home/ale/tutorials/stonefish-learning/stonefish_ws/install/stonefish_ros2/lib/python3.12/site-packages/stonefish_ros2/_stonefish_ros2_s.ep.rosidl_typesupport_fastrtps_c.c
[0.481s] -- Up-to-date: /home/ale/tutorials/stonefish-learning/stonefish_ws/install/stonefish_ros2/lib/python3.12/site-packages/stonefish_ros2/stonefish_ros2_s__rosidl_typesupport_fastrtps_c.so
[0.481s] -- Up-to-date: /home/ale/tutorials/stonefish-learning/stonefish_ws/install/stonefish_ros2/lib/python3.12/site-packages/stonefish_ros2/msg
[0.481s] -- Up-to-date: /home/ale/tutorials/stonefish-learning/stonefish_ws/install/stonefish_ros2/lib/python3.12/site-packages/stonefish_ros2/msg/_event_s.c
[0.481s] -- Up-to-date: /home/ale/tutorials/stonefish-learning/stonefish_ws/install/stonefish_ros2/lib/python3.12/site-packages/stonefish_ros2/msg/_debug_physics.py
[0.481s] -- Up-to-date: /home/ale/tutorials/stonefish-learning/stonefish_ws/install/stonefish_ros2/lib/python3.12/site-packages/stonefish_ros2/msg/_dvl_s.c
[0.481s] -- Up-to-date: /home/ale/tutorials/stonefish-learning/stonefish_ws/install/stonefish_ros2/lib/python3.12/site-packages/stonefish_ros2/msg/_ned_pose_s.c
[0.481s] -- Up-to-date: /home/ale/tutorials/stonefish-learning/stonefish_ws/install/stonefish_ros2/lib/python3.12/site-packages/stonefish_ros2/msg/_thruster_state.py
[0.481s] -- Up-to-date: /home/ale/tutorials/stonefish-learning/stonefish_ws/install/stonefish_ros2/lib/python3.12/site-packages/stonefish_ros2/msg/_event_array_s.c
[0.481s] -- Up-to-date: /home/ale/tutorials/stonefish-learning/stonefish_ws/install/stonefish_ros2/lib/python3.12/site-packages/stonefish_ros2/msg/_thruster_state_s.c
[0.481s] -- Up-to-date: /home/ale/tutorials/stonefish-learning/stonefish_ws/install/stonefish_ros2/lib/python3.12/site-packages/stonefish_ros2/msg/_dvl_beam.py
[0.481s] -- Up-to-date: /home/ale/tutorials/stonefish-learning/stonefish_ws/install/stonefish_ros2/lib/python3.12/site-packages/stonefish_ros2/msg/_event.py
[0.481s] -- Up-to-date: /home/ale/tutorials/stonefish-learning/stonefish_ws/install/stonefish_ros2/lib/python3.12/site-packages/stonefish_ros2/msg/_ned_pose.py
[0.481s] -- Up-to-date: /home/ale/tutorials/stonefish-learning/stonefish_ws/install/stonefish_ros2/lib/python3.12/site-packages/stonefish_ros2/msg/_ins.py
[0.481s] -- Up-to-date: /home/ale/tutorials/stonefish-learning/stonefish_ws/install/stonefish_ros2/lib/python3.12/site-packages/stonefish_ros2/msg/_int32_stamped_s.c
[0.481s] -- Up-to-date: /home/ale/tutorials/stonefish-learning/stonefish_ws/install/stonefish_ros2/lib/python3.12/site-packages/stonefish_ros2/msg/_int32_stamped.py
[0.481s] -- Up-to-date: /home/ale/tutorials/stonefish-learning/stonefish_ws/install/stonefish_ros2/lib/python3.12/site-packages/stonefish_ros2/msg/__init__.py
[0.481s] -- Up-to-date: /home/ale/tutorials/stonefish-learning/stonefish_ws/install/stonefish_ros2/lib/python3.12/site-packages/stonefish_ros2/msg/_beacon_info_s.c
[0.481s] -- Up-to-date: /home/ale/tutorials/stonefish-learning/stonefish_ws/install/stonefish_ros2/lib/python3.12/site-packages/stonefish_ros2/msg/_dvl.py
[0.482s] -- Up-to-date: /home/ale/tutorials/stonefish-learning/stonefish_ws/install/stonefish_ros2/lib/python3.12/site-packages/stonefish_ros2/msg/_dvl_beam_s.c
[0.482s] -- Up-to-date: /home/ale/tutorials/stonefish-learning/stonefish_ws/install/stonefish_ros2/lib/python3.12/site-packages/stonefish_ros2/msg/_event_array.py
[0.482s] -- Up-to-date: /home/ale/tutorials/stonefish-learning/stonefish_ws/install/stonefish_ros2/lib/python3.12/site-packages/stonefish_ros2/msg/_debug_physics_s.c
[0.482s] -- Up-to-date: /home/ale/tutorials/stonefish-learning/stonefish_ws/install/stonefish_ros2/lib/python3.12/site-packages/stonefish_ros2/msg/_ins_s.c
[0.482s] -- Up-to-date: /home/ale/tutorials/stonefish-learning/stonefish_ws/install/stonefish_ros2/lib/python3.12/site-packages/stonefish_ros2/msg/_beacon_info.py
[0.482s] -- Up-to-date: /home/ale/tutorials/stonefish-learning/stonefish_ws/install/stonefish_ros2/lib/python3.12/site-packages/stonefish_ros2/__init__.py
[0.482s] -- Up-to-date: /home/ale/tutorials/stonefish-learning/stonefish_ws/install/stonefish_ros2/lib/python3.12/site-packages/stonefish_ros2/stonefish_ros2_s__rosidl_typesupport_c.so
[0.482s] -- Up-to-date: /home/ale/tutorials/stonefish-learning/stonefish_ws/install/stonefish_ros2/lib/python3.12/site-packages/stonefish_ros2/_stonefish_ros2_s.ep.rosidl_typesupport_c.c
[0.516s] Listing '/home/ale/tutorials/stonefish-learning/stonefish_ws/install/stonefish_ros2/lib/python3.12/site-packages/stonefish_ros2'...
[0.516s] Listing '/home/ale/tutorials/stonefish-learning/stonefish_ws/install/stonefish_ros2/lib/python3.12/site-packages/stonefish_ros2/msg'...
[0.516s] Listing '/home/ale/tutorials/stonefish-learning/stonefish_ws/install/stonefish_ros2/lib/python3.12/site-packages/stonefish_ros2/srv'...
[0.521s] -- Up-to-date: /home/ale/tutorials/stonefish-learning/stonefish_ws/install/stonefish_ros2/lib/python3.12/site-packages/stonefish_ros2/stonefish_ros2_s__rosidl_typesupport_fastrtps_c.so
[0.521s] -- Up-to-date: /home/ale/tutorials/stonefish-learning/stonefish_ws/install/stonefish_ros2/lib/python3.12/site-packages/stonefish_ros2/stonefish_ros2_s__rosidl_typesupport_introspection_c.so
[0.522s] -- Up-to-date: /home/ale/tutorials/stonefish-learning/stonefish_ws/install/stonefish_ros2/lib/python3.12/site-packages/stonefish_ros2/stonefish_ros2_s__rosidl_typesupport_c.so
[0.522s] -- Up-to-date: /home/ale/tutorials/stonefish-learning/stonefish_ws/install/stonefish_ros2/lib/libstonefish_ros2__rosidl_generator_py.so
[0.522s] -- Up-to-date: /home/ale/tutorials/stonefish-learning/stonefish_ws/install/stonefish_ros2/share/stonefish_ros2/msg/Int32Stamped.idl
[0.523s] -- Up-to-date: /home/ale/tutorials/stonefish-learning/stonefish_ws/install/stonefish_ros2/share/stonefish_ros2/msg/BeaconInfo.idl
[0.523s] -- Up-to-date: /home/ale/tutorials/stonefish-learning/stonefish_ws/install/stonefish_ros2/share/stonefish_ros2/msg/NEDPose.idl
[0.523s] -- Up-to-date: /home/ale/tutorials/stonefish-learning/stonefish_ws/install/stonefish_ros2/share/stonefish_ros2/msg/INS.idl
[0.523s] -- Up-to-date: /home/ale/tutorials/stonefish-learning/stonefish_ws/install/stonefish_ros2/share/stonefish_ros2/msg/DVLBeam.idl
[0.523s] -- Up-to-date: /home/ale/tutorials/stonefish-learning/stonefish_ws/install/stonefish_ros2/share/stonefish_ros2/msg/DVL.idl
[0.523s] -- Up-to-date: /home/ale/tutorials/stonefish-learning/stonefish_ws/install/stonefish_ros2/share/stonefish_ros2/msg/ThrusterState.idl
[0.523s] -- Up-to-date: /home/ale/tutorials/stonefish-learning/stonefish_ws/install/stonefish_ros2/share/stonefish_ros2/msg/DebugPhysics.idl
[0.523s] -- Up-to-date: /home/ale/tutorials/stonefish-learning/stonefish_ws/install/stonefish_ros2/share/stonefish_ros2/msg/Event.idl
[0.523s] -- Up-to-date: /home/ale/tutorials/stonefish-learning/stonefish_ws/install/stonefish_ros2/share/stonefish_ros2/msg/EventArray.idl
[0.523s] -- Up-to-date: /home/ale/tutorials/stonefish-learning/stonefish_ws/install/stonefish_ros2/share/stonefish_ros2/srv/SonarSettings.idl
[0.523s] -- Up-to-date: /home/ale/tutorials/stonefish-learning/stonefish_ws/install/stonefish_ros2/share/stonefish_ros2/srv/SonarSettings2.idl
[0.524s] -- Up-to-date: /home/ale/tutorials/stonefish-learning/stonefish_ws/install/stonefish_ros2/share/stonefish_ros2/srv/Respawn.idl
[0.524s] -- Up-to-date: /home/ale/tutorials/stonefish-learning/stonefish_ws/install/stonefish_ros2/share/stonefish_ros2/msg/Int32Stamped.msg
[0.524s] -- Up-to-date: /home/ale/tutorials/stonefish-learning/stonefish_ws/install/stonefish_ros2/share/stonefish_ros2/msg/BeaconInfo.msg
[0.524s] -- Up-to-date: /home/ale/tutorials/stonefish-learning/stonefish_ws/install/stonefish_ros2/share/stonefish_ros2/msg/NEDPose.msg
[0.524s] -- Up-to-date: /home/ale/tutorials/stonefish-learning/stonefish_ws/install/stonefish_ros2/share/stonefish_ros2/msg/INS.msg
[0.524s] -- Up-to-date: /home/ale/tutorials/stonefish-learning/stonefish_ws/install/stonefish_ros2/share/stonefish_ros2/msg/DVLBeam.msg
[0.524s] -- Up-to-date: /home/ale/tutorials/stonefish-learning/stonefish_ws/install/stonefish_ros2/share/stonefish_ros2/msg/DVL.msg
[0.524s] -- Up-to-date: /home/ale/tutorials/stonefish-learning/stonefish_ws/install/stonefish_ros2/share/stonefish_ros2/msg/ThrusterState.msg
[0.524s] -- Up-to-date: /home/ale/tutorials/stonefish-learning/stonefish_ws/install/stonefish_ros2/share/stonefish_ros2/msg/DebugPhysics.msg
[0.524s] -- Up-to-date: /home/ale/tutorials/stonefish-learning/stonefish_ws/install/stonefish_ros2/share/stonefish_ros2/msg/Event.msg
[0.524s] -- Up-to-date: /home/ale/tutorials/stonefish-learning/stonefish_ws/install/stonefish_ros2/share/stonefish_ros2/msg/EventArray.msg
[0.524s] -- Up-to-date: /home/ale/tutorials/stonefish-learning/stonefish_ws/install/stonefish_ros2/share/stonefish_ros2/srv/SonarSettings.srv
[0.524s] -- Up-to-date: /home/ale/tutorials/stonefish-learning/stonefish_ws/install/stonefish_ros2/share/stonefish_ros2/srv/SonarSettings2.srv
[0.524s] -- Up-to-date: /home/ale/tutorials/stonefish-learning/stonefish_ws/install/stonefish_ros2/share/stonefish_ros2/srv/Respawn.srv
[0.525s] -- Up-to-date: /home/ale/tutorials/stonefish-learning/stonefish_ws/install/stonefish_ros2/lib/libstonefish_ros2_interface.so
[0.525s] -- Up-to-date: /home/ale/tutorials/stonefish-learning/stonefish_ws/install/stonefish_ros2/include/include
[0.525s] -- Up-to-date: /home/ale/tutorials/stonefish-learning/stonefish_ws/install/stonefish_ros2/include/include/stonefish_ros2
[0.525s] -- Up-to-date: /home/ale/tutorials/stonefish-learning/stonefish_ws/install/stonefish_ros2/include/include/stonefish_ros2/ROS2ScenarioParser.h
[0.525s] -- Up-to-date: /home/ale/tutorials/stonefish-learning/stonefish_ws/install/stonefish_ros2/include/include/stonefish_ros2/ROS2SimulationManager.h
[0.525s] -- Up-to-date: /home/ale/tutorials/stonefish-learning/stonefish_ws/install/stonefish_ros2/include/include/stonefish_ros2/ROS2GraphicalSimulationApp.h
[0.525s] -- Up-to-date: /home/ale/tutorials/stonefish-learning/stonefish_ws/install/stonefish_ros2/include/include/stonefish_ros2/ROS2Interface.h
[0.525s] -- Up-to-date: /home/ale/tutorials/stonefish-learning/stonefish_ws/install/stonefish_ros2/include/include/stonefish_ros2/ROS2ConsoleSimulationApp.h
[0.525s] -- Up-to-date: /home/ale/tutorials/stonefish-learning/stonefish_ws/install/stonefish_ros2/lib/stonefish_ros2/stonefish_simulator
[0.525s] -- Up-to-date: /home/ale/tutorials/stonefish-learning/stonefish_ws/install/stonefish_ros2/lib/stonefish_ros2/stonefish_simulator_nogpu
[0.526s] -- Up-to-date: /home/ale/tutorials/stonefish-learning/stonefish_ws/install/stonefish_ros2/share/stonefish_ros2/launch
[0.526s] -- Up-to-date: /home/ale/tutorials/stonefish-learning/stonefish_ws/install/stonefish_ros2/share/stonefish_ros2/launch/stonefish_simulator.launch.py
[0.526s] -- Up-to-date: /home/ale/tutorials/stonefish-learning/stonefish_ws/install/stonefish_ros2/share/stonefish_ros2/launch/stonefish_simulator_nogpu.launch.py
[0.526s] -- Up-to-date: /home/ale/tutorials/stonefish-learning/stonefish_ws/install/stonefish_ros2/share/ament_index/resource_index/package_run_dependencies/stonefish_ros2
[0.526s] -- Up-to-date: /home/ale/tutorials/stonefish-learning/stonefish_ws/install/stonefish_ros2/share/ament_index/resource_index/parent_prefix_path/stonefish_ros2
[0.526s] -- Up-to-date: /home/ale/tutorials/stonefish-learning/stonefish_ws/install/stonefish_ros2/share/stonefish_ros2/environment/ament_prefix_path.sh
[0.526s] -- Up-to-date: /home/ale/tutorials/stonefish-learning/stonefish_ws/install/stonefish_ros2/share/stonefish_ros2/environment/ament_prefix_path.dsv
[0.526s] -- Up-to-date: /home/ale/tutorials/stonefish-learning/stonefish_ws/install/stonefish_ros2/share/stonefish_ros2/environment/path.sh
[0.526s] -- Up-to-date: /home/ale/tutorials/stonefish-learning/stonefish_ws/install/stonefish_ros2/share/stonefish_ros2/environment/path.dsv
[0.526s] -- Up-to-date: /home/ale/tutorials/stonefish-learning/stonefish_ws/install/stonefish_ros2/share/stonefish_ros2/local_setup.bash
[0.526s] -- Up-to-date: /home/ale/tutorials/stonefish-learning/stonefish_ws/install/stonefish_ros2/share/stonefish_ros2/local_setup.sh
[0.527s] -- Up-to-date: /home/ale/tutorials/stonefish-learning/stonefish_ws/install/stonefish_ros2/share/stonefish_ros2/local_setup.zsh
[0.527s] -- Up-to-date: /home/ale/tutorials/stonefish-learning/stonefish_ws/install/stonefish_ros2/share/stonefish_ros2/local_setup.dsv
[0.527s] -- Installing: /home/ale/tutorials/stonefish-learning/stonefish_ws/install/stonefish_ros2/share/stonefish_ros2/package.dsv
[0.527s] -- Up-to-date: /home/ale/tutorials/stonefish-learning/stonefish_ws/install/stonefish_ros2/share/ament_index/resource_index/packages/stonefish_ros2
[0.527s] -- Up-to-date: /home/ale/tutorials/stonefish-learning/stonefish_ws/install/stonefish_ros2/share/stonefish_ros2/cmake/export_stonefish_ros2__rosidl_generator_cExport.cmake
[0.527s] -- Up-to-date: /home/ale/tutorials/stonefish-learning/stonefish_ws/install/stonefish_ros2/share/stonefish_ros2/cmake/export_stonefish_ros2__rosidl_generator_cExport-noconfig.cmake
[0.527s] -- Up-to-date: /home/ale/tutorials/stonefish-learning/stonefish_ws/install/stonefish_ros2/share/stonefish_ros2/cmake/export_stonefish_ros2__rosidl_typesupport_fastrtps_cExport.cmake
[0.527s] -- Up-to-date: /home/ale/tutorials/stonefish-learning/stonefish_ws/install/stonefish_ros2/share/stonefish_ros2/cmake/export_stonefish_ros2__rosidl_typesupport_fastrtps_cExport-noconfig.cmake
[0.528s] -- Up-to-date: /home/ale/tutorials/stonefish-learning/stonefish_ws/install/stonefish_ros2/share/stonefish_ros2/cmake/export_stonefish_ros2__rosidl_generator_cppExport.cmake
[0.528s] -- Up-to-date: /home/ale/tutorials/stonefish-learning/stonefish_ws/install/stonefish_ros2/share/stonefish_ros2/cmake/export_stonefish_ros2__rosidl_typesupport_fastrtps_cppExport.cmake
[0.528s] -- Up-to-date: /home/ale/tutorials/stonefish-learning/stonefish_ws/install/stonefish_ros2/share/stonefish_ros2/cmake/export_stonefish_ros2__rosidl_typesupport_fastrtps_cppExport-noconfig.cmake
[0.528s] -- Up-to-date: /home/ale/tutorials/stonefish-learning/stonefish_ws/install/stonefish_ros2/share/stonefish_ros2/cmake/stonefish_ros2__rosidl_typesupport_introspection_cExport.cmake
[0.528s] -- Up-to-date: /home/ale/tutorials/stonefish-learning/stonefish_ws/install/stonefish_ros2/share/stonefish_ros2/cmake/stonefish_ros2__rosidl_typesupport_introspection_cExport-noconfig.cmake
[0.528s] -- Up-to-date: /home/ale/tutorials/stonefish-learning/stonefish_ws/install/stonefish_ros2/share/stonefish_ros2/cmake/stonefish_ros2__rosidl_typesupport_cExport.cmake
[0.528s] -- Up-to-date: /home/ale/tutorials/stonefish-learning/stonefish_ws/install/stonefish_ros2/share/stonefish_ros2/cmake/stonefish_ros2__rosidl_typesupport_cExport-noconfig.cmake
[0.528s] -- Up-to-date: /home/ale/tutorials/stonefish-learning/stonefish_ws/install/stonefish_ros2/share/stonefish_ros2/cmake/stonefish_ros2__rosidl_typesupport_introspection_cppExport.cmake
[0.528s] -- Up-to-date: /home/ale/tutorials/stonefish-learning/stonefish_ws/install/stonefish_ros2/share/stonefish_ros2/cmake/stonefish_ros2__rosidl_typesupport_introspection_cppExport-noconfig.cmake
[0.529s] -- Up-to-date: /home/ale/tutorials/stonefish-learning/stonefish_ws/install/stonefish_ros2/share/stonefish_ros2/cmake/stonefish_ros2__rosidl_typesupport_cppExport.cmake
[0.529s] -- Up-to-date: /home/ale/tutorials/stonefish-learning/stonefish_ws/install/stonefish_ros2/share/stonefish_ros2/cmake/stonefish_ros2__rosidl_typesupport_cppExport-noconfig.cmake
[0.529s] -- Up-to-date: /home/ale/tutorials/stonefish-learning/stonefish_ws/install/stonefish_ros2/share/stonefish_ros2/cmake/export_stonefish_ros2__rosidl_generator_pyExport.cmake
[0.529s] -- Up-to-date: /home/ale/tutorials/stonefish-learning/stonefish_ws/install/stonefish_ros2/share/stonefish_ros2/cmake/export_stonefish_ros2__rosidl_generator_pyExport-noconfig.cmake
[0.529s] -- Up-to-date: /home/ale/tutorials/stonefish-learning/stonefish_ws/install/stonefish_ros2/share/stonefish_ros2/cmake/rosidl_cmake-extras.cmake
[0.529s] -- Up-to-date: /home/ale/tutorials/stonefish-learning/stonefish_ws/install/stonefish_ros2/share/stonefish_ros2/cmake/ament_cmake_export_dependencies-extras.cmake
[0.529s] -- Up-to-date: /home/ale/tutorials/stonefish-learning/stonefish_ws/install/stonefish_ros2/share/stonefish_ros2/cmake/ament_cmake_export_include_directories-extras.cmake
[0.529s] -- Up-to-date: /home/ale/tutorials/stonefish-learning/stonefish_ws/install/stonefish_ros2/share/stonefish_ros2/cmake/ament_cmake_export_libraries-extras.cmake
[0.529s] -- Up-to-date: /home/ale/tutorials/stonefish-learning/stonefish_ws/install/stonefish_ros2/share/stonefish_ros2/cmake/ament_cmake_export_targets-extras.cmake
[0.530s] -- Up-to-date: /home/ale/tutorials/stonefish-learning/stonefish_ws/install/stonefish_ros2/share/stonefish_ros2/cmake/rosidl_cmake_export_typesupport_targets-extras.cmake
[0.530s] -- Up-to-date: /home/ale/tutorials/stonefish-learning/stonefish_ws/install/stonefish_ros2/share/stonefish_ros2/cmake/rosidl_cmake_export_typesupport_libraries-extras.cmake
[0.530s] -- Up-to-date: /home/ale/tutorials/stonefish-learning/stonefish_ws/install/stonefish_ros2/share/stonefish_ros2/cmake/stonefish_ros2Config.cmake
[0.530s] -- Up-to-date: /home/ale/tutorials/stonefish-learning/stonefish_ws/install/stonefish_ros2/share/stonefish_ros2/cmake/stonefish_ros2Config-version.cmake
[0.530s] -- Up-to-date: /home/ale/tutorials/stonefish-learning/stonefish_ws/install/stonefish_ros2/share/stonefish_ros2/package.xml
[0.535s] Invoked command in '/home/ale/tutorials/stonefish-learning/stonefish_ws/build/stonefish_ros2' returned '0': CMAKE_PREFIX_PATH=${CMAKE_PREFIX_PATH}:/opt/ros/jazzy DEBUGINFOD_URLS=https://debuginfod.ubuntu.com /usr/bin/cmake --install /home/ale/tutorials/stonefish-learning/stonefish_ws/build/stonefish_ros2
