[0.015s] Invoking command in '/home/ale/tutorials/stonefish-learning/stonefish_ws/build/bluerov2_sim': CMAKE_PREFIX_PATH=/home/ale/tutorials/stonefish-learning/stonefish_ws/install/stonefish_ros2:/home/ale/tutorials/stonefish-learning/stonefish_ws/install/bluerov2_sim:/home/ale/ros2_ws/install/sonar_driver_oculus:/home/ale/ros2_ws/install/oculus_viewer:/home/ale/ros2_ws/install/oculus_ros2:/home/ale/ros2_ws/install/oculus_interfaces:/opt/ros/jazzy/opt/gz_math_vendor:/opt/ros/jazzy/opt/gz_utils_vendor:/opt/ros/jazzy/opt/gz_cmake_vendor:/home/ale/tutorials/stonefish-learning/stonefish_ws/install/bluerov2_control:/opt/ros/jazzy DEBUGINFOD_URLS=https://debuginfod.ubuntu.com PYTHONPATH=/home/ale/tutorials/stonefish-learning/stonefish_ws/install/stonefish_ros2/lib/python3.12/site-packages:/home/ale/tutorials/stonefish-learning/stonefish_ws/install/bluerov2_control/lib/python3.12/site-packages:/home/ale/ros2_ws/install/oculus_interfaces/lib/python3.12/site-packages:/opt/ros/jazzy/lib/python3.12/site-packages /usr/bin/cmake --build /home/ale/tutorials/stonefish-learning/stonefish_ws/build/bluerov2_sim -- -j16 -l16
[0.075s] Invoked command in '/home/ale/tutorials/stonefish-learning/stonefish_ws/build/bluerov2_sim' returned '0': CMAKE_PREFIX_PATH=/home/ale/tutorials/stonefish-learning/stonefish_ws/install/stonefish_ros2:/home/ale/tutorials/stonefish-learning/stonefish_ws/install/bluerov2_sim:/home/ale/ros2_ws/install/sonar_driver_oculus:/home/ale/ros2_ws/install/oculus_viewer:/home/ale/ros2_ws/install/oculus_ros2:/home/ale/ros2_ws/install/oculus_interfaces:/opt/ros/jazzy/opt/gz_math_vendor:/opt/ros/jazzy/opt/gz_utils_vendor:/opt/ros/jazzy/opt/gz_cmake_vendor:/home/ale/tutorials/stonefish-learning/stonefish_ws/install/bluerov2_control:/opt/ros/jazzy DEBUGINFOD_URLS=https://debuginfod.ubuntu.com PYTHONPATH=/home/ale/tutorials/stonefish-learning/stonefish_ws/install/stonefish_ros2/lib/python3.12/site-packages:/home/ale/tutorials/stonefish-learning/stonefish_ws/install/bluerov2_control/lib/python3.12/site-packages:/home/ale/ros2_ws/install/oculus_interfaces/lib/python3.12/site-packages:/opt/ros/jazzy/lib/python3.12/site-packages /usr/bin/cmake --build /home/ale/tutorials/stonefish-learning/stonefish_ws/build/bluerov2_sim -- -j16 -l16
[0.077s] Invoking command in '/home/ale/tutorials/stonefish-learning/stonefish_ws/build/bluerov2_sim': CMAKE_PREFIX_PATH=/home/ale/tutorials/stonefish-learning/stonefish_ws/install/stonefish_ros2:/home/ale/tutorials/stonefish-learning/stonefish_ws/install/bluerov2_sim:/home/ale/ros2_ws/install/sonar_driver_oculus:/home/ale/ros2_ws/install/oculus_viewer:/home/ale/ros2_ws/install/oculus_ros2:/home/ale/ros2_ws/install/oculus_interfaces:/opt/ros/jazzy/opt/gz_math_vendor:/opt/ros/jazzy/opt/gz_utils_vendor:/opt/ros/jazzy/opt/gz_cmake_vendor:/home/ale/tutorials/stonefish-learning/stonefish_ws/install/bluerov2_control:/opt/ros/jazzy DEBUGINFOD_URLS=https://debuginfod.ubuntu.com PYTHONPATH=/home/ale/tutorials/stonefish-learning/stonefish_ws/install/stonefish_ros2/lib/python3.12/site-packages:/home/ale/tutorials/stonefish-learning/stonefish_ws/install/bluerov2_control/lib/python3.12/site-packages:/home/ale/ros2_ws/install/oculus_interfaces/lib/python3.12/site-packages:/opt/ros/jazzy/lib/python3.12/site-packages /usr/bin/cmake --install /home/ale/tutorials/stonefish-learning/stonefish_ws/build/bluerov2_sim
[0.094s] -- Install configuration: ""
[0.095s] -- Up-to-date: /home/ale/tutorials/stonefish-learning/stonefish_ws/install/bluerov2_sim/share/bluerov2_sim//launch
[0.095s] -- Up-to-date: /home/ale/tutorials/stonefish-learning/stonefish_ws/install/bluerov2_sim/share/bluerov2_sim//launch/bluerov2_sim.launch.py
[0.095s] -- Up-to-date: /home/ale/tutorials/stonefish-learning/stonefish_ws/install/bluerov2_sim/share/bluerov2_sim/data
[0.095s] -- Up-to-date: /home/ale/tutorials/stonefish-learning/stonefish_ws/install/bluerov2_sim/share/bluerov2_sim/data/bluerov2
[0.095s] -- Up-to-date: /home/ale/tutorials/stonefish-learning/stonefish_ws/install/bluerov2_sim/share/bluerov2_sim/data/bluerov2/duct_right_front.obj
[0.095s] -- Up-to-date: /home/ale/tutorials/stonefish-learning/stonefish_ws/install/bluerov2_sim/share/bluerov2_sim/data/bluerov2/duct_left_front.obj
[0.095s] -- Up-to-date: /home/ale/tutorials/stonefish-learning/stonefish_ws/install/bluerov2_sim/share/bluerov2_sim/data/bluerov2/right_foam.obj
[0.095s] -- Up-to-date: /home/ale/tutorials/stonefish-learning/stonefish_ws/install/bluerov2_sim/share/bluerov2_sim/data/bluerov2/duct_left_up_front.obj
[0.095s] -- Up-to-date: /home/ale/tutorials/stonefish-learning/stonefish_ws/install/bluerov2_sim/share/bluerov2_sim/data/bluerov2/weight_middle_down.obj
[0.095s] -- Up-to-date: /home/ale/tutorials/stonefish-learning/stonefish_ws/install/bluerov2_sim/share/bluerov2_sim/data/bluerov2/weight_middle_middle.obj
[0.095s] -- Up-to-date: /home/ale/tutorials/stonefish-learning/stonefish_ws/install/bluerov2_sim/share/bluerov2_sim/data/bluerov2/duct_left_rear.obj
[0.095s] -- Up-to-date: /home/ale/tutorials/stonefish-learning/stonefish_ws/install/bluerov2_sim/share/bluerov2_sim/data/bluerov2/left_sideUP.obj
[0.095s] -- Up-to-date: /home/ale/tutorials/stonefish-learning/stonefish_ws/install/bluerov2_sim/share/bluerov2_sim/data/bluerov2/duct_left_up_rear.obj
[0.095s] -- Up-to-date: /home/ale/tutorials/stonefish-learning/stonefish_ws/install/bluerov2_sim/share/bluerov2_sim/data/bluerov2/duct_right_rear.obj
[0.095s] -- Up-to-date: /home/ale/tutorials/stonefish-learning/stonefish_ws/install/bluerov2_sim/share/bluerov2_sim/data/bluerov2/duct_right_up_rear.obj
[0.095s] -- Up-to-date: /home/ale/tutorials/stonefish-learning/stonefish_ws/install/bluerov2_sim/share/bluerov2_sim/data/bluerov2/light_left_down.obj
[0.095s] -- Up-to-date: /home/ale/tutorials/stonefish-learning/stonefish_ws/install/bluerov2_sim/share/bluerov2_sim/data/bluerov2/light_right_up.obj
[0.095s] -- Up-to-date: /home/ale/tutorials/stonefish-learning/stonefish_ws/install/bluerov2_sim/share/bluerov2_sim/data/bluerov2/second_cylinder.obj
[0.095s] -- Up-to-date: /home/ale/tutorials/stonefish-learning/stonefish_ws/install/bluerov2_sim/share/bluerov2_sim/data/bluerov2/weight_middle_up.obj
[0.096s] -- Up-to-date: /home/ale/tutorials/stonefish-learning/stonefish_ws/install/bluerov2_sim/share/bluerov2_sim/data/bluerov2/duct_right_up_front.obj
[0.096s] -- Up-to-date: /home/ale/tutorials/stonefish-learning/stonefish_ws/install/bluerov2_sim/share/bluerov2_sim/data/bluerov2/left_side.obj
[0.096s] -- Up-to-date: /home/ale/tutorials/stonefish-learning/stonefish_ws/install/bluerov2_sim/share/bluerov2_sim/data/bluerov2/first_cylinder.obj
[0.096s] -- Up-to-date: /home/ale/tutorials/stonefish-learning/stonefish_ws/install/bluerov2_sim/share/bluerov2_sim/data/bluerov2/weight_left.obj
[0.096s] -- Up-to-date: /home/ale/tutorials/stonefish-learning/stonefish_ws/install/bluerov2_sim/share/bluerov2_sim/data/bluerov2/base.obj
[0.096s] -- Up-to-date: /home/ale/tutorials/stonefish-learning/stonefish_ws/install/bluerov2_sim/share/bluerov2_sim/data/bluerov2/weight_right.obj
[0.096s] -- Up-to-date: /home/ale/tutorials/stonefish-learning/stonefish_ws/install/bluerov2_sim/share/bluerov2_sim/data/bluerov2/Propeller.obj
[0.096s] -- Up-to-date: /home/ale/tutorials/stonefish-learning/stonefish_ws/install/bluerov2_sim/share/bluerov2_sim/data/bluerov2/light_right_down.obj
[0.096s] -- Up-to-date: /home/ale/tutorials/stonefish-learning/stonefish_ws/install/bluerov2_sim/share/bluerov2_sim/data/bluerov2/dome.obj
[0.096s] -- Up-to-date: /home/ale/tutorials/stonefish-learning/stonefish_ws/install/bluerov2_sim/share/bluerov2_sim/data/bluerov2/right_side.obj
[0.096s] -- Up-to-date: /home/ale/tutorials/stonefish-learning/stonefish_ws/install/bluerov2_sim/share/bluerov2_sim/data/bluerov2/right_sideUP.obj
[0.096s] -- Up-to-date: /home/ale/tutorials/stonefish-learning/stonefish_ws/install/bluerov2_sim/share/bluerov2_sim/data/bluerov2/light_left_up.obj
[0.096s] -- Up-to-date: /home/ale/tutorials/stonefish-learning/stonefish_ws/install/bluerov2_sim/share/bluerov2_sim/data/bluerov2/left_foam.obj
[0.096s] -- Up-to-date: /home/ale/tutorials/stonefish-learning/stonefish_ws/install/bluerov2_sim/share/bluerov2_sim/scenarios
[0.096s] -- Installing: /home/ale/tutorials/stonefish-learning/stonefish_ws/install/bluerov2_sim/share/bluerov2_sim/scenarios/bluerov2.scn
[0.096s] -- Up-to-date: /home/ale/tutorials/stonefish-learning/stonefish_ws/install/bluerov2_sim/share/ament_index/resource_index/package_run_dependencies/bluerov2_sim
[0.096s] -- Up-to-date: /home/ale/tutorials/stonefish-learning/stonefish_ws/install/bluerov2_sim/share/ament_index/resource_index/parent_prefix_path/bluerov2_sim
[0.096s] -- Up-to-date: /home/ale/tutorials/stonefish-learning/stonefish_ws/install/bluerov2_sim/share/bluerov2_sim/environment/ament_prefix_path.sh
[0.097s] -- Up-to-date: /home/ale/tutorials/stonefish-learning/stonefish_ws/install/bluerov2_sim/share/bluerov2_sim/environment/ament_prefix_path.dsv
[0.097s] -- Up-to-date: /home/ale/tutorials/stonefish-learning/stonefish_ws/install/bluerov2_sim/share/bluerov2_sim/environment/path.sh
[0.097s] -- Up-to-date: /home/ale/tutorials/stonefish-learning/stonefish_ws/install/bluerov2_sim/share/bluerov2_sim/environment/path.dsv
[0.097s] -- Up-to-date: /home/ale/tutorials/stonefish-learning/stonefish_ws/install/bluerov2_sim/share/bluerov2_sim/local_setup.bash
[0.097s] -- Up-to-date: /home/ale/tutorials/stonefish-learning/stonefish_ws/install/bluerov2_sim/share/bluerov2_sim/local_setup.sh
[0.097s] -- Up-to-date: /home/ale/tutorials/stonefish-learning/stonefish_ws/install/bluerov2_sim/share/bluerov2_sim/local_setup.zsh
[0.097s] -- Up-to-date: /home/ale/tutorials/stonefish-learning/stonefish_ws/install/bluerov2_sim/share/bluerov2_sim/local_setup.dsv
[0.097s] -- Installing: /home/ale/tutorials/stonefish-learning/stonefish_ws/install/bluerov2_sim/share/bluerov2_sim/package.dsv
[0.097s] -- Up-to-date: /home/ale/tutorials/stonefish-learning/stonefish_ws/install/bluerov2_sim/share/ament_index/resource_index/packages/bluerov2_sim
[0.097s] -- Up-to-date: /home/ale/tutorials/stonefish-learning/stonefish_ws/install/bluerov2_sim/share/bluerov2_sim/cmake/bluerov2_simConfig.cmake
[0.097s] -- Up-to-date: /home/ale/tutorials/stonefish-learning/stonefish_ws/install/bluerov2_sim/share/bluerov2_sim/cmake/bluerov2_simConfig-version.cmake
[0.098s] -- Up-to-date: /home/ale/tutorials/stonefish-learning/stonefish_ws/install/bluerov2_sim/share/bluerov2_sim/package.xml
[0.101s] Invoked command in '/home/ale/tutorials/stonefish-learning/stonefish_ws/build/bluerov2_sim' returned '0': CMAKE_PREFIX_PATH=/home/ale/tutorials/stonefish-learning/stonefish_ws/install/stonefish_ros2:/home/ale/tutorials/stonefish-learning/stonefish_ws/install/bluerov2_sim:/home/ale/ros2_ws/install/sonar_driver_oculus:/home/ale/ros2_ws/install/oculus_viewer:/home/ale/ros2_ws/install/oculus_ros2:/home/ale/ros2_ws/install/oculus_interfaces:/opt/ros/jazzy/opt/gz_math_vendor:/opt/ros/jazzy/opt/gz_utils_vendor:/opt/ros/jazzy/opt/gz_cmake_vendor:/home/ale/tutorials/stonefish-learning/stonefish_ws/install/bluerov2_control:/opt/ros/jazzy DEBUGINFOD_URLS=https://debuginfod.ubuntu.com PYTHONPATH=/home/ale/tutorials/stonefish-learning/stonefish_ws/install/stonefish_ros2/lib/python3.12/site-packages:/home/ale/tutorials/stonefish-learning/stonefish_ws/install/bluerov2_control/lib/python3.12/site-packages:/home/ale/ros2_ws/install/oculus_interfaces/lib/python3.12/site-packages:/opt/ros/jazzy/lib/python3.12/site-packages /usr/bin/cmake --install /home/ale/tutorials/stonefish-learning/stonefish_ws/build/bluerov2_sim
